INFO:0:train:(26512.41796875, tensor(4.9980))
INFO:0:test:(23853.6015625, tensor(4.4269))
INFO:1:train:(24759.29296875, tensor(4.7182))
INFO:1:test:(21850.412109375, tensor(4.0930))
INFO:2:train:(23010.28515625, tensor(4.4405))
INFO:2:test:(19781.9609375, tensor(3.7505))
INFO:3:train:(21231.4921875, tensor(4.1614))
INFO:3:test:(17618.11328125, tensor(3.3963))
INFO:4:train:(19401.5078125, tensor(3.8792))
INFO:4:test:(15346.4384765625, tensor(3.0311))
INFO:5:train:(17511.25, tensor(3.5963))
INFO:5:test:(13013.45703125, tensor(2.6637))
INFO:6:train:(15583.87890625, tensor(3.3217))
INFO:6:test:(10814.482421875, tensor(2.3272))
INFO:7:train:(13768.177734375, tensor(3.0845))
INFO:7:test:(9932.9765625, tensor(2.1712))
INFO:8:train:(13225.1396484375, tensor(3.0089))
INFO:8:test:(9557.1865234375, tensor(2.1255))
INFO:9:train:(13027.791015625, tensor(2.9917))
INFO:9:test:(8752.388671875, tensor(1.9899))
INFO:10:train:(12315.2666015625, tensor(2.8815))
INFO:10:test:(7875.47705078125, tensor(1.8410))
INFO:11:train:(11499.2275390625, tensor(2.7563))
INFO:11:test:(7152.23291015625, tensor(1.7161))
INFO:12:train:(10827.9951171875, tensor(2.6509))
INFO:12:test:(6693.47216796875, tensor(1.6240))
INFO:13:train:(10408.294921875, tensor(2.5736))
INFO:13:test:(6381.3603515625, tensor(1.5602))
INFO:14:train:(10119.306640625, tensor(2.5200))
INFO:14:test:(6135.70458984375, tensor(1.5155))
INFO:15:train:(9888.8896484375, tensor(2.4825))
INFO:15:test:(5947.73291015625, tensor(1.4829))
INFO:16:train:(9715.5849609375, tensor(2.4550))
INFO:16:test:(5806.76123046875, tensor(1.4581))
INFO:17:train:(9588.77734375, tensor(2.4340))
INFO:17:test:(5686.45849609375, tensor(1.4382))
INFO:18:train:(9478.6142578125, tensor(2.4168))
INFO:18:test:(5580.62744140625, tensor(1.4219))
INFO:19:train:(9383.3125, tensor(2.4024))
INFO:19:test:(5496.92431640625, tensor(1.4097))
INFO:20:train:(9310.783203125, tensor(2.3912))
INFO:20:test:(5429.32958984375, tensor(1.4013))
INFO:21:train:(9253.3330078125, tensor(2.3829))
INFO:21:test:(5372.33447265625, tensor(1.3963))
INFO:22:train:(9204.3076171875, tensor(2.3775))
INFO:22:test:(5324.9716796875, tensor(1.3939))
INFO:23:train:(9163.3916015625, tensor(2.3742))
INFO:23:test:(5282.943359375, tensor(1.3926))
INFO:24:train:(9126.63671875, tensor(2.3719))
INFO:24:test:(5241.9716796875, tensor(1.3906))
INFO:25:train:(9091.8583984375, tensor(2.3693))
INFO:25:test:(5199.189453125, tensor(1.3864))
INFO:26:train:(9054.583984375, tensor(2.3650))
INFO:26:test:(5158.87158203125, tensor(1.3796))
INFO:27:train:(9019.3701171875, tensor(2.3588))
INFO:27:test:(5121.482421875, tensor(1.3708))
INFO:28:train:(8985.2216796875, tensor(2.3509))
INFO:28:test:(5087.84375, tensor(1.3609))
INFO:29:train:(8952.5107421875, tensor(2.3423))
INFO:29:test:(5059.82763671875, tensor(1.3509))
INFO:30:train:(8924.56640625, tensor(2.3338))
INFO:30:test:(5038.59619140625, tensor(1.3420))
INFO:31:train:(8903.517578125, tensor(2.3264))
INFO:31:test:(5023.40478515625, tensor(1.3347))
INFO:32:train:(8887.33984375, tensor(2.3204))
INFO:32:test:(5012.13134765625, tensor(1.3293))
INFO:33:train:(8875.53515625, tensor(2.3160))
INFO:33:test:(5001.82080078125, tensor(1.3258))
INFO:34:train:(8865.544921875, tensor(2.3130))
INFO:34:test:(4990.4658203125, tensor(1.3238))
INFO:35:train:(8855.9658203125, tensor(2.3111))
INFO:35:test:(4977.5537109375, tensor(1.3230))
INFO:36:train:(8845.5380859375, tensor(2.3101))
INFO:36:test:(4963.78466796875, tensor(1.3229))
INFO:37:train:(8834.9443359375, tensor(2.3095))
INFO:37:test:(4949.88037109375, tensor(1.3233))
INFO:38:train:(8824.4033203125, tensor(2.3092))
INFO:38:test:(4936.892578125, tensor(1.3236))
INFO:39:train:(8814.357421875, tensor(2.3089))
INFO:39:test:(4925.3291015625, tensor(1.3234))
INFO:40:train:(8805.482421875, tensor(2.3083))
INFO:40:test:(4915.689453125, tensor(1.3226))
INFO:41:train:(8798.14453125, tensor(2.3073))
INFO:41:test:(4908.09716796875, tensor(1.3208))
INFO:42:train:(8791.828125, tensor(2.3057))
INFO:42:test:(4902.47265625, tensor(1.3181))
INFO:43:train:(8786.9912109375, tensor(2.3035))
INFO:43:test:(4898.5595703125, tensor(1.3145))
INFO:44:train:(8783.115234375, tensor(2.3009))
INFO:44:test:(4895.8037109375, tensor(1.3104))
INFO:45:train:(8780.470703125, tensor(2.2980))
INFO:45:test:(4893.53564453125, tensor(1.3062))
INFO:46:train:(8777.8671875, tensor(2.2950))
INFO:46:test:(4890.58349609375, tensor(1.3025))
INFO:47:train:(8775.46484375, tensor(2.2924))
INFO:47:test:(4885.759765625, tensor(1.2996))
INFO:48:train:(8771.3076171875, tensor(2.2904))
INFO:48:test:(4878.1982421875, tensor(1.2980))
INFO:49:train:(8766.236328125, tensor(2.2892))
INFO:49:test:(4868.4755859375, tensor(1.2976))
INFO:50:train:(8759.7802734375, tensor(2.2888))
INFO:50:test:(4857.73583984375, tensor(1.2982))
INFO:51:train:(8753.1103515625, tensor(2.2892))
INFO:51:test:(4847.30419921875, tensor(1.2992))
INFO:52:train:(8747.3837890625, tensor(2.2899))
INFO:52:test:(4837.451171875, tensor(1.2999))
INFO:53:train:(8742.453125, tensor(2.2906))
INFO:53:test:(4828.2314453125, tensor(1.2997))
INFO:54:train:(8738.2421875, tensor(2.2907))
INFO:54:test:(4819.1181640625, tensor(1.2980))
INFO:55:train:(8734.033203125, tensor(2.2899))
INFO:55:test:(4810.5546875, tensor(1.2945))
INFO:56:train:(8729.1923828125, tensor(2.2878))
INFO:56:test:(4802.1796875, tensor(1.2896))
INFO:57:train:(8723.9853515625, tensor(2.2846))
INFO:57:test:(4792.859375, tensor(1.2844))
INFO:58:train:(8718.244140625, tensor(2.2813))
INFO:58:test:(4780.421875, tensor(1.2803))
INFO:59:train:(8710.9990234375, tensor(2.2787))
INFO:59:test:(4763.5732421875, tensor(1.2778))
INFO:60:train:(8701.591796875, tensor(2.2772))
INFO:60:test:(4745.48388671875, tensor(1.2763))
INFO:61:train:(8691.2734375, tensor(2.2763))
INFO:61:test:(4726.97509765625, tensor(1.2736))
INFO:62:train:(8680.4033203125, tensor(2.2745))
INFO:62:test:(4697.9384765625, tensor(1.2656))
INFO:63:train:(8664.9365234375, tensor(2.2698))
INFO:63:test:(4655.07275390625, tensor(1.2514))
INFO:64:train:(8644.390625, tensor(2.2620))
INFO:64:test:(4603.03173828125, tensor(1.2402))
INFO:65:train:(8618.65625, tensor(2.2562))
INFO:65:test:(4559.5078125, tensor(1.2413))
INFO:66:train:(8589.37109375, tensor(2.2560))
INFO:66:test:(4466.458984375, tensor(1.2180))
INFO:67:train:(8552.6357421875, tensor(2.2460))
INFO:67:test:(4394.802734375, tensor(1.2178))
INFO:68:train:(8507.6689453125, tensor(2.2458))
INFO:68:test:(4298.5517578125, tensor(1.1974))
INFO:69:train:(8464.630859375, tensor(2.2372))
INFO:69:test:(4251.50732421875, tensor(1.1868))
INFO:70:train:(8444.4130859375, tensor(2.2334))
INFO:70:test:(4224.33984375, tensor(1.1918))
INFO:71:train:(8466.8701171875, tensor(2.2466))
INFO:71:test:(4263.77587890625, tensor(1.1835))
INFO:72:train:(8447.03125, tensor(2.2289))
INFO:72:test:(4337.58837890625, tensor(1.1767))
INFO:73:train:(8616.5673828125, tensor(2.2572))
INFO:73:test:(4049.17724609375, tensor(1.1562))
INFO:74:train:(8433.021484375, tensor(2.2460))
INFO:74:test:(4098.48193359375, tensor(1.1705))
INFO:75:train:(8391.376953125, tensor(2.2343))
INFO:75:test:(4337.80859375, tensor(1.2095))
INFO:76:train:(8480.0244140625, tensor(2.2412))
INFO:76:test:(4246.0908203125, tensor(1.1942))
INFO:77:train:(8438.625, tensor(2.2351))
INFO:77:test:(4014.755126953125, tensor(1.1559))
INFO:78:train:(8346.1728515625, tensor(2.2238))
INFO:78:test:(3980.614501953125, tensor(1.1416))
INFO:79:train:(8377.8974609375, tensor(2.2271))
INFO:79:test:(3963.76806640625, tensor(1.1304))
INFO:80:train:(8385.8515625, tensor(2.2252))
INFO:80:test:(3907.5419921875, tensor(1.1215))
INFO:81:train:(8342.4013671875, tensor(2.2180))
INFO:81:test:(3861.744384765625, tensor(1.1220))
INFO:82:train:(8289.5244140625, tensor(2.2123))
INFO:82:test:(3879.5498046875, tensor(1.1343))
INFO:83:train:(8300.96875, tensor(2.2194))
INFO:83:test:(3884.5625, tensor(1.1392))
INFO:84:train:(8320.265625, tensor(2.2263))
INFO:84:test:(3828.4462890625, tensor(1.1255))
INFO:85:train:(8286.5078125, tensor(2.2201))
INFO:85:test:(3770.426025390625, tensor(1.1052))
INFO:86:train:(8249.052734375, tensor(2.2098))
INFO:86:test:(3761.436767578125, tensor(1.0953))
INFO:87:train:(8257.12109375, tensor(2.2081))
INFO:87:test:(3749.989501953125, tensor(1.0941))
INFO:88:train:(8256.216796875, tensor(2.2095))
INFO:88:test:(3741.92041015625, tensor(1.0998))
INFO:89:train:(8239.6767578125, tensor(2.2114))
INFO:89:test:(3755.4970703125, tensor(1.1061))
INFO:90:train:(8224.5859375, tensor(2.2098))
INFO:90:test:(3764.095947265625, tensor(1.1054))
INFO:91:train:(8207.7236328125, tensor(2.2023))
INFO:91:test:(3786.7978515625, tensor(1.1069))
INFO:92:train:(8215.57421875, tensor(2.1997))
INFO:92:test:(3782.826416015625, tensor(1.1089))
INFO:93:train:(8208.767578125, tensor(2.2003))
INFO:93:test:(3760.00830078125, tensor(1.1091))
INFO:94:train:(8195.06640625, tensor(2.2023))
INFO:94:test:(3716.356689453125, tensor(1.1009))
INFO:95:train:(8180.611328125, tensor(2.2009))
INFO:95:test:(3669.33837890625, tensor(1.0866))
INFO:96:train:(8172.87890625, tensor(2.1960))
INFO:96:test:(3645.673583984375, tensor(1.0805))
INFO:97:train:(8174.0556640625, tensor(2.1955))
INFO:97:test:(3627.947265625, tensor(1.0835))
INFO:98:train:(8161.8984375, tensor(2.1987))
INFO:98:test:(3632.94921875, tensor(1.0890))
INFO:99:train:(8159.54638671875, tensor(2.2009))
INFO:99:test:(3619.015625, tensor(1.0844))
INFO:100:train:(8143.49169921875, tensor(2.1940))
INFO:100:test:(3630.361572265625, tensor(1.0870))
INFO:101:train:(8142.16796875, tensor(2.1920))
INFO:101:test:(3641.708740234375, tensor(1.0955))
INFO:102:train:(8132.8603515625, tensor(2.1946))
INFO:102:test:(3651.372802734375, tensor(1.1004))
INFO:103:train:(8130.87255859375, tensor(2.1970))
INFO:103:test:(3620.659912109375, tensor(1.0903))
INFO:104:train:(8117.9248046875, tensor(2.1912))
INFO:104:test:(3599.95947265625, tensor(1.0824))
INFO:105:train:(8113.9677734375, tensor(2.1887))
INFO:105:test:(3584.982421875, tensor(1.0819))
INFO:106:train:(8105.9111328125, tensor(2.1910))
INFO:106:test:(3588.2685546875, tensor(1.0849))
INFO:107:train:(8104.6484375, tensor(2.1943))
INFO:107:test:(3573.60595703125, tensor(1.0783))
INFO:108:train:(8094.14501953125, tensor(2.1885))
INFO:108:test:(3579.04296875, tensor(1.0796))
INFO:109:train:(8089.75439453125, tensor(2.1869))
INFO:109:test:(3593.502197265625, tensor(1.0886))
INFO:110:train:(8083.9794921875, tensor(2.1904))
INFO:110:test:(3576.762939453125, tensor(1.0857))
INFO:111:train:(8076.875, tensor(2.1884))
INFO:111:test:(3545.1357421875, tensor(1.0773))
INFO:112:train:(8071.69189453125, tensor(2.1850))
INFO:112:test:(3520.796142578125, tensor(1.0745))
INFO:113:train:(8065.22802734375, tensor(2.1858))
INFO:113:test:(3508.754638671875, tensor(1.0737))
INFO:114:train:(8062.27783203125, tensor(2.1873))
INFO:114:test:(3486.75048828125, tensor(1.0656))
INFO:115:train:(8055.4658203125, tensor(2.1825))
INFO:115:test:(3497.58642578125, tensor(1.0685))
INFO:116:train:(8048.8564453125, tensor(2.1818))
INFO:116:test:(3530.774658203125, tensor(1.0773))
INFO:117:train:(8046.6494140625, tensor(2.1842))
INFO:117:test:(3495.07275390625, tensor(1.0651))
INFO:118:train:(8041.97412109375, tensor(2.1783))
INFO:118:test:(3481.05029296875, tensor(1.0646))
INFO:119:train:(8033.12841796875, tensor(2.1789))
INFO:119:test:(3466.689453125, tensor(1.0635))
INFO:120:train:(8030.60498046875, tensor(2.1801))
INFO:120:test:(3433.2314453125, tensor(1.0522))
INFO:121:train:(8025.369140625, tensor(2.1747))
INFO:121:test:(3482.5419921875, tensor(1.0674))
INFO:122:train:(8018.17626953125, tensor(2.1764))
INFO:122:test:(3489.373779296875, tensor(1.0691))
INFO:123:train:(8013.55615234375, tensor(2.1754))
INFO:123:test:(3445.889404296875, tensor(1.0565))
INFO:124:train:(8010.50341796875, tensor(2.1727))
INFO:124:test:(3479.016357421875, tensor(1.0690))
INFO:125:train:(8009.64990234375, tensor(2.1774))
INFO:125:test:(3442.24072265625, tensor(1.0524))
INFO:126:train:(8003.30419921875, tensor(2.1700))
INFO:126:test:(3487.796630859375, tensor(1.0664))
INFO:127:train:(7996.58837890625, tensor(2.1713))
INFO:127:test:(3468.783203125, tensor(1.0635))
INFO:128:train:(7991.70751953125, tensor(2.1711))
INFO:128:test:(3405.255615234375, tensor(1.0474))
INFO:129:train:(7993.3671875, tensor(2.1700))
INFO:129:test:(3533.46435546875, tensor(1.0809))
INFO:130:train:(8003.10107421875, tensor(2.1768))
INFO:130:test:(3461.1123046875, tensor(1.0469))
INFO:131:train:(7998.26708984375, tensor(2.1633))
INFO:131:test:(3482.552978515625, tensor(1.0601))
INFO:132:train:(7981.60888671875, tensor(2.1646))
INFO:132:test:(3501.869140625, tensor(1.0720))
INFO:133:train:(7986.99755859375, tensor(2.1707))
INFO:133:test:(3444.607177734375, tensor(1.0532))
INFO:134:train:(7975.90283203125, tensor(2.1638))
INFO:134:test:(3438.328857421875, tensor(1.0504))
INFO:135:train:(7977.7646484375, tensor(2.1630))
INFO:135:test:(3500.2177734375, tensor(1.0704))
INFO:136:train:(7976.33837890625, tensor(2.1670))
INFO:136:test:(3460.849609375, tensor(1.0578))
INFO:137:train:(7969.1611328125, tensor(2.1626))
INFO:137:test:(3420.40869140625, tensor(1.0398))
INFO:138:train:(7971.36767578125, tensor(2.1573))
INFO:138:test:(3442.24169921875, tensor(1.0490))
INFO:139:train:(7962.94921875, tensor(2.1576))
INFO:139:test:(3467.255859375, tensor(1.0615))
INFO:140:train:(7964.5380859375, tensor(2.1624))
INFO:140:test:(3413.162353515625, tensor(1.0483))
INFO:141:train:(7958.09375, tensor(2.1598))
INFO:141:test:(3396.0146484375, tensor(1.0398))
INFO:142:train:(7959.41259765625, tensor(2.1572))
INFO:142:test:(3450.53515625, tensor(1.0538))
INFO:143:train:(7953.4580078125, tensor(2.1574))
INFO:143:test:(3447.301025390625, tensor(1.0541))
INFO:144:train:(7952.8427734375, tensor(2.1585))
INFO:144:test:(3421.082275390625, tensor(1.0439))
INFO:145:train:(7949.07177734375, tensor(2.1552))
INFO:145:test:(3430.93505859375, tensor(1.0428))
INFO:146:train:(7947.96484375, tensor(2.1531))
INFO:146:test:(3447.785888671875, tensor(1.0506))
INFO:147:train:(7944.01123046875, tensor(2.1548))
INFO:147:test:(3426.74853515625, tensor(1.0496))
INFO:148:train:(7943.0048828125, tensor(2.1570))
INFO:148:test:(3399.53076171875, tensor(1.0416))
INFO:149:train:(7939.498046875, tensor(2.1548))
INFO:149:test:(3413.23095703125, tensor(1.0416))
INFO:150:train:(7938.50830078125, tensor(2.1525))
INFO:150:test:(3417.876220703125, tensor(1.0439))
INFO:151:train:(7935.169921875, tensor(2.1526))
INFO:151:test:(3397.12744140625, tensor(1.0397))
INFO:152:train:(7934.6162109375, tensor(2.1529))
INFO:152:test:(3407.108154296875, tensor(1.0388))
INFO:153:train:(7931.2900390625, tensor(2.1503))
INFO:153:test:(3420.078369140625, tensor(1.0402))
INFO:154:train:(7930.42724609375, tensor(2.1492))
INFO:154:test:(3402.634521484375, tensor(1.0391))
INFO:155:train:(7927.47216796875, tensor(2.1506))
INFO:155:test:(3405.367431640625, tensor(1.0413))
INFO:156:train:(7926.46484375, tensor(2.1516))
INFO:156:test:(3421.704833984375, tensor(1.0427))
INFO:157:train:(7924.173828125, tensor(2.1497))
INFO:157:test:(3411.555419921875, tensor(1.0385))
INFO:158:train:(7922.44775390625, tensor(2.1483))
INFO:158:test:(3407.491455078125, tensor(1.0386))
INFO:159:train:(7920.15576171875, tensor(2.1486))
INFO:159:test:(3420.329345703125, tensor(1.0414))
INFO:160:train:(7918.42626953125, tensor(2.1482))
INFO:160:test:(3416.038818359375, tensor(1.0383))
INFO:161:train:(7916.4853515625, tensor(2.1462))
INFO:161:test:(3404.8466796875, tensor(1.0358))
INFO:162:train:(7914.5263671875, tensor(2.1460))
INFO:162:test:(3411.573486328125, tensor(1.0399))
INFO:163:train:(7912.3291015625, tensor(2.1472))
INFO:163:test:(3411.792236328125, tensor(1.0399))
INFO:164:train:(7910.27001953125, tensor(2.1468))
INFO:164:test:(3404.61962890625, tensor(1.0361))
INFO:165:train:(7908.10400390625, tensor(2.1451))
INFO:165:test:(3418.748779296875, tensor(1.0389))
INFO:166:train:(7905.38623046875, tensor(2.1444))
INFO:166:test:(3424.28564453125, tensor(1.0398))
INFO:167:train:(7902.5771484375, tensor(2.1437))
INFO:167:test:(3419.95654296875, tensor(1.0375))
INFO:168:train:(7899.1689453125, tensor(2.1420))
INFO:168:test:(3442.750244140625, tensor(1.0426))
INFO:169:train:(7894.78515625, tensor(2.1407))
INFO:169:test:(3463.861328125, tensor(1.0473))
INFO:170:train:(7890.646484375, tensor(2.1400))
INFO:170:test:(3427.2841796875, tensor(1.0377))
INFO:171:train:(7896.66552734375, tensor(2.1395))
INFO:171:test:(3449.983642578125, tensor(1.0544))
INFO:172:train:(7937.5185546875, tensor(2.1563))
INFO:172:test:(3401.69970703125, tensor(1.0376))
INFO:173:train:(7937.08984375, tensor(2.1517))
INFO:173:test:(3437.698974609375, tensor(1.0324))
INFO:174:train:(7946.47900390625, tensor(2.1459))
INFO:174:test:(3464.468994140625, tensor(1.0386))
INFO:175:train:(7941.9921875, tensor(2.1444))
INFO:175:test:(3467.511474609375, tensor(1.0514))
INFO:176:train:(7926.8310546875, tensor(2.1479))
INFO:176:test:(3425.146728515625, tensor(1.0476))
INFO:177:train:(7918.58935546875, tensor(2.1518))
INFO:177:test:(3346.078369140625, tensor(1.0225))
INFO:178:train:(7906.076171875, tensor(2.1467))
INFO:178:test:(3296.5673828125, tensor(1.0010))
INFO:179:train:(7926.55419921875, tensor(2.1450))
INFO:179:test:(3358.89892578125, tensor(1.0214))
INFO:180:train:(7902.83642578125, tensor(2.1430))
INFO:180:test:(3422.290283203125, tensor(1.0436))
INFO:181:train:(7911.65673828125, tensor(2.1483))
INFO:181:test:(3386.965087890625, tensor(1.0326))
INFO:182:train:(7898.951171875, tensor(2.1408))
INFO:182:test:(3359.377197265625, tensor(1.0195))
INFO:183:train:(7903.66064453125, tensor(2.1364))
INFO:183:test:(3345.916748046875, tensor(1.0191))
INFO:184:train:(7901.4853515625, tensor(2.1379))
INFO:184:test:(3361.675048828125, tensor(1.0306))
INFO:185:train:(7893.3212890625, tensor(2.1422))
INFO:185:test:(3402.244140625, tensor(1.0405))
INFO:186:train:(7889.763671875, tensor(2.1440))
INFO:186:test:(3422.034912109375, tensor(1.0375))
INFO:187:train:(7887.0283203125, tensor(2.1407))
INFO:187:test:(3407.512939453125, tensor(1.0290))
INFO:188:train:(7888.04296875, tensor(2.1388))
INFO:188:test:(3372.465087890625, tensor(1.0238))
INFO:189:train:(7884.2509765625, tensor(2.1398))
INFO:189:test:(3350.732177734375, tensor(1.0231))
INFO:190:train:(7882.2578125, tensor(2.1406))
INFO:190:test:(3349.78955078125, tensor(1.0243))
INFO:191:train:(7875.71435546875, tensor(2.1383))
INFO:191:test:(3365.977783203125, tensor(1.0280))
INFO:192:train:(7875.73828125, tensor(2.1369))
INFO:192:test:(3376.956787109375, tensor(1.0326))
INFO:193:train:(7875.73779296875, tensor(2.1375))
INFO:193:test:(3367.68896484375, tensor(1.0323))
INFO:194:train:(7871.99609375, tensor(2.1380))
INFO:194:test:(3353.89013671875, tensor(1.0266))
INFO:195:train:(7868.61669921875, tensor(2.1370))
INFO:195:test:(3355.859375, tensor(1.0219))
INFO:196:train:(7866.23486328125, tensor(2.1350))
INFO:196:test:(3371.56298828125, tensor(1.0235))
INFO:197:train:(7864.935546875, tensor(2.1347))
INFO:197:test:(3386.212646484375, tensor(1.0299))
INFO:198:train:(7862.48681640625, tensor(2.1365))
INFO:198:test:(3390.6689453125, tensor(1.0338))
INFO:199:train:(7861.3193359375, tensor(2.1376))
INFO:199:test:(3382.724365234375, tensor(1.0315))
INFO:200:train:(7858.3134765625, tensor(2.1356))
INFO:200:test:(3383.517578125, tensor(1.0297))
INFO:201:train:(7856.5400390625, tensor(2.1329))
INFO:201:test:(3387.803466796875, tensor(1.0301))
INFO:202:train:(7856.15380859375, tensor(2.1319))
INFO:202:test:(3373.170654296875, tensor(1.0283))
INFO:203:train:(7853.72265625, tensor(2.1320))
INFO:203:test:(3370.130126953125, tensor(1.0278))
INFO:204:train:(7851.78076171875, tensor(2.1320))
INFO:204:test:(3376.3291015625, tensor(1.0279))
INFO:205:train:(7849.763671875, tensor(2.1315))
INFO:205:test:(3381.1923828125, tensor(1.0280))
INFO:206:train:(7848.68310546875, tensor(2.1314))
INFO:206:test:(3375.41259765625, tensor(1.0269))
INFO:207:train:(7847.28857421875, tensor(2.1317))
INFO:207:test:(3362.235107421875, tensor(1.0241))
INFO:208:train:(7845.3984375, tensor(2.1314))
INFO:208:test:(3354.51123046875, tensor(1.0223))
INFO:209:train:(7843.53466796875, tensor(2.1306))
INFO:209:test:(3359.524658203125, tensor(1.0242))
INFO:210:train:(7841.5888671875, tensor(2.1301))
INFO:210:test:(3371.915771484375, tensor(1.0278))
INFO:211:train:(7840.43359375, tensor(2.1298))
INFO:211:test:(3380.614501953125, tensor(1.0294))
INFO:212:train:(7838.8564453125, tensor(2.1293))
INFO:212:test:(3378.63427734375, tensor(1.0276))
INFO:213:train:(7837.0205078125, tensor(2.1285))
INFO:213:test:(3369.874267578125, tensor(1.0248))
INFO:214:train:(7835.7099609375, tensor(2.1283))
INFO:214:test:(3365.37109375, tensor(1.0237))
INFO:215:train:(7834.1103515625, tensor(2.1284))
INFO:215:test:(3370.676025390625, tensor(1.0250))
INFO:216:train:(7832.38134765625, tensor(2.1281))
INFO:216:test:(3381.1875, tensor(1.0274))
INFO:217:train:(7830.7490234375, tensor(2.1275))
INFO:217:test:(3365.8603515625, tensor(1.0246))
INFO:218:train:(7828.58349609375, tensor(2.1273))
INFO:218:test:(3366.708251953125, tensor(1.0253))
INFO:219:train:(7826.91650390625, tensor(2.1270))
INFO:219:test:(3333.81298828125, tensor(1.0175))
INFO:220:train:(7828.1240234375, tensor(2.1275))
INFO:220:test:(3385.31640625, tensor(1.0296))
INFO:221:train:(7822.84423828125, tensor(2.1258))
INFO:221:test:(3410.93798828125, tensor(1.0321))
INFO:222:train:(7821.8642578125, tensor(2.1242))
INFO:222:test:(3280.7001953125, tensor(1.0022))
INFO:223:train:(7849.9033203125, tensor(2.1323))
INFO:223:test:(3342.1015625, tensor(1.0234))
INFO:224:train:(7829.8212890625, tensor(2.1298))
INFO:224:test:(3437.05224609375, tensor(1.0373))
INFO:225:train:(7840.91015625, tensor(2.1261))
INFO:225:test:(3379.124755859375, tensor(1.0278))
INFO:226:train:(7826.20458984375, tensor(2.1245))
INFO:226:test:(3305.63427734375, tensor(1.0067))
INFO:227:train:(7831.55029296875, tensor(2.1243))
INFO:227:test:(3321.01318359375, tensor(1.0103))
INFO:228:train:(7827.7333984375, tensor(2.1242))
INFO:228:test:(3384.73681640625, tensor(1.0284))
INFO:229:train:(7820.208984375, tensor(2.1245))
INFO:229:test:(3427.697265625, tensor(1.0364))
INFO:230:train:(7825.9931640625, tensor(2.1252))
INFO:230:test:(3405.226806640625, tensor(1.0308))
INFO:231:train:(7820.55517578125, tensor(2.1249))
INFO:231:test:(3356.562744140625, tensor(1.0195))
INFO:232:train:(7817.8359375, tensor(2.1254))
INFO:232:test:(3333.356689453125, tensor(1.0141))
INFO:233:train:(7818.48681640625, tensor(2.1256))
INFO:233:test:(3352.07861328125, tensor(1.0204))
INFO:234:train:(7813.60791015625, tensor(2.1244))
INFO:234:test:(3381.200439453125, tensor(1.0266))
INFO:235:train:(7811.455078125, tensor(2.1219))
INFO:235:test:(3340.363525390625, tensor(1.0084))
INFO:236:train:(7835.68408203125, tensor(2.1204))
INFO:236:test:(3920.089599609375, tensor(1.1426))
INFO:237:train:(8332.2685546875, tensor(2.2268))
INFO:237:test:(4223.814453125, tensor(1.2568))
INFO:238:train:(8467.498046875, tensor(2.2887))
INFO:238:test:(4042.07080078125, tensor(1.1964))
INFO:239:train:(8255.9267578125, tensor(2.2250))
INFO:239:test:(3791.348876953125, tensor(1.0819))
INFO:240:train:(8139.57470703125, tensor(2.1639))
INFO:240:test:(3735.98583984375, tensor(1.0388))
INFO:241:train:(8219.3291015625, tensor(2.1713))
INFO:241:test:(3666.497314453125, tensor(1.0423))
INFO:242:train:(8278.76953125, tensor(2.1985))
INFO:242:test:(3627.90234375, tensor(1.0633))
INFO:243:train:(8234.638671875, tensor(2.1997))
INFO:243:test:(3461.674072265625, tensor(1.0337))
INFO:244:train:(8072.64990234375, tensor(2.1593))
INFO:244:test:(3455.34765625, tensor(1.0299))
INFO:245:train:(7984.25, tensor(2.1359))
INFO:245:test:(3525.5634765625, tensor(1.0482))
INFO:246:train:(8080.3671875, tensor(2.1532))
INFO:246:test:(3577.96142578125, tensor(1.0758))
INFO:247:train:(8026.88427734375, tensor(2.1476))
INFO:247:test:(3680.173583984375, tensor(1.1035))
INFO:248:train:(8043.75537109375, tensor(2.1593))
INFO:248:test:(3702.112060546875, tensor(1.1015))
INFO:249:train:(7994.9921875, tensor(2.1440))
INFO:249:test:(3689.11474609375, tensor(1.0830))
INFO:250:train:(7985.0400390625, tensor(2.1337))
INFO:250:test:(3669.6103515625, tensor(1.0641))
INFO:251:train:(7946.29833984375, tensor(2.1207))
INFO:251:test:(3638.0185546875, tensor(1.0556))
INFO:252:train:(7910.1279296875, tensor(2.1170))
INFO:252:test:(3572.937744140625, tensor(1.0523))
INFO:253:train:(7914.61865234375, tensor(2.1248))
INFO:253:test:(3554.1875, tensor(1.0463))
INFO:254:train:(7913.05322265625, tensor(2.1402))
INFO:254:test:(3453.74169921875, tensor(1.0334))
INFO:255:train:(7887.28515625, tensor(2.1301))
INFO:255:test:(3442.015869140625, tensor(1.0258))
INFO:256:train:(7821.67333984375, tensor(2.1255))
INFO:256:test:(3503.97607421875, tensor(1.0550))
INFO:257:train:(7771.59326171875, tensor(2.1128))
INFO:257:test:(3510.04541015625, tensor(1.0543))
INFO:258:train:(7739.8369140625, tensor(2.1068))
INFO:258:test:(3466.48583984375, tensor(1.0420))
INFO:259:train:(7725.33154296875, tensor(2.1027))
INFO:259:test:(3449.147216796875, tensor(1.0503))
INFO:260:train:(7734.533203125, tensor(2.1070))
INFO:260:test:(3465.4150390625, tensor(1.0516))
INFO:261:train:(7750.0771484375, tensor(2.1185))
INFO:261:test:(3485.01318359375, tensor(1.0692))
INFO:262:train:(7846.375, tensor(2.1359))
INFO:262:test:(3418.007568359375, tensor(1.0277))
INFO:263:train:(7885.4765625, tensor(2.1507))
INFO:263:test:(3454.4248046875, tensor(1.0532))
INFO:264:train:(7703.18408203125, tensor(2.1019))
INFO:264:test:(3570.8671875, tensor(1.0724))
INFO:265:train:(7622.1328125, tensor(2.0892))
INFO:265:test:(3568.68017578125, tensor(1.0558))
INFO:266:train:(7682.20654296875, tensor(2.0937))
INFO:266:test:(3559.9140625, tensor(1.0610))
INFO:267:train:(7725.5048828125, tensor(2.0919))
INFO:267:test:(3543.4970703125, tensor(1.0447))
INFO:268:train:(7653.3037109375, tensor(2.0838))
INFO:268:test:(3545.13134765625, tensor(1.0608))
INFO:269:train:(7562.1435546875, tensor(2.0695))
INFO:269:test:(3560.505615234375, tensor(1.0697))
INFO:270:train:(7576.2421875, tensor(2.0728))
INFO:270:test:(3576.55126953125, tensor(1.0561))
INFO:271:train:(7622.47900390625, tensor(2.0788))
INFO:271:test:(3613.747802734375, tensor(1.0803))
INFO:272:train:(7576.44775390625, tensor(2.0664))
INFO:272:test:(3650.656982421875, tensor(1.0793))
INFO:273:train:(7496.8505859375, tensor(2.0534))
INFO:273:test:(3678.05322265625, tensor(1.0887))
INFO:274:train:(7464.72412109375, tensor(2.0508))
INFO:274:test:(3712.9814453125, tensor(1.1077))
INFO:275:train:(7501.07666015625, tensor(2.0589))
INFO:275:test:(3763.125244140625, tensor(1.0935))
INFO:276:train:(7665.9111328125, tensor(2.0999))
INFO:276:test:(3767.120361328125, tensor(1.1248))
INFO:277:train:(7962.89306640625, tensor(2.1593))
INFO:277:test:(3784.09912109375, tensor(1.0926))
INFO:278:train:(7525.1435546875, tensor(2.0587))
INFO:278:test:(3789.35791015625, tensor(1.0934))
INFO:279:train:(7442.9111328125, tensor(2.0345))
INFO:279:test:(3711.14208984375, tensor(1.1033))
INFO:280:train:(7643.57080078125, tensor(2.0810))
INFO:280:test:(3720.532470703125, tensor(1.0872))
INFO:281:train:(7498.65576171875, tensor(2.0568))
INFO:281:test:(3712.647216796875, tensor(1.0954))
INFO:282:train:(7389.82470703125, tensor(2.0392))
INFO:282:test:(3721.510986328125, tensor(1.1092))
INFO:283:train:(7511.041015625, tensor(2.0571))
INFO:283:test:(3808.953125, tensor(1.0988))
INFO:284:train:(7504.63134765625, tensor(2.0560))
INFO:284:test:(3828.680419921875, tensor(1.1264))
INFO:285:train:(7344.974609375, tensor(2.0326))
INFO:285:test:(3851.821533203125, tensor(1.1339))
INFO:286:train:(7354.3232421875, tensor(2.0361))
INFO:286:test:(3942.772705078125, tensor(1.1219))
INFO:287:train:(7414.90966796875, tensor(2.0313))
INFO:287:test:(3960.469482421875, tensor(1.1424))
INFO:288:train:(7469.71142578125, tensor(2.0332))
INFO:288:test:(4027.249755859375, tensor(1.1326))
INFO:289:train:(7438.6787109375, tensor(2.0374))
INFO:289:test:(3976.22021484375, tensor(1.1623))
INFO:290:train:(7398.8291015625, tensor(2.0426))
INFO:290:test:(4019.015380859375, tensor(1.1473))
INFO:291:train:(7331.5966796875, tensor(2.0295))
INFO:291:test:(4014.3759765625, tensor(1.1599))
INFO:292:train:(7252.537109375, tensor(2.0028))
INFO:292:test:(4057.482421875, tensor(1.1590))
INFO:293:train:(7222.3408203125, tensor(1.9931))
INFO:293:test:(4056.864990234375, tensor(1.1687))
INFO:294:train:(7185.1826171875, tensor(1.9941))
INFO:294:test:(4090.8212890625, tensor(1.1814))
INFO:295:train:(7180.77294921875, tensor(2.0005))
INFO:295:test:(4184.81982421875, tensor(1.1901))
INFO:296:train:(7165.65087890625, tensor(1.9887))
INFO:296:test:(4257.4189453125, tensor(1.2138))
INFO:297:train:(7246.0849609375, tensor(1.9924))
INFO:297:test:(4415.45947265625, tensor(1.2073))
INFO:298:train:(7892.0244140625, tensor(2.1404))
INFO:298:test:(4080.12353515625, tensor(1.1842))
INFO:299:train:(8521.2998046875, tensor(2.2676))
INFO:299:test:(3964.5439453125, tensor(1.1711))
INFO:300:train:(7651.51513671875, tensor(2.1009))
INFO:300:test:(3843.880859375, tensor(1.0974))
INFO:301:train:(8435.701171875, tensor(2.2355))
INFO:301:test:(3751.0595703125, tensor(1.0794))
INFO:302:train:(8699.599609375, tensor(2.2894))
INFO:302:test:(3726.819091796875, tensor(1.0896))
INFO:303:train:(8560.3994140625, tensor(2.2600))
INFO:303:test:(3814.084228515625, tensor(1.1195))
INFO:304:train:(8390.5673828125, tensor(2.2249))
INFO:304:test:(3959.0751953125, tensor(1.1529))
INFO:305:train:(8225.9609375, tensor(2.1954))
INFO:305:test:(3992.3740234375, tensor(1.1543))
INFO:306:train:(8009.216796875, tensor(2.1605))
INFO:306:test:(3916.767578125, tensor(1.1251))
INFO:307:train:(8047.0751953125, tensor(2.1557))
INFO:307:test:(3847.012939453125, tensor(1.0874))
INFO:308:train:(8248.890625, tensor(2.1758))
INFO:308:test:(3830.793701171875, tensor(1.0692))
INFO:309:train:(8278.9375, tensor(2.1718))
INFO:309:test:(3805.584228515625, tensor(1.0646))
INFO:310:train:(8143.9658203125, tensor(2.1434))
INFO:310:test:(3758.10888671875, tensor(1.0631))
INFO:311:train:(7913.13330078125, tensor(2.1048))
INFO:311:test:(3687.89453125, tensor(1.0583))
INFO:312:train:(7907.81591796875, tensor(2.1123))
INFO:312:test:(3607.411376953125, tensor(1.0532))
INFO:313:train:(7990.67138671875, tensor(2.1370))
INFO:313:test:(3561.314208984375, tensor(1.0495))
INFO:314:train:(8006.1943359375, tensor(2.1449))
INFO:314:test:(3508.85791015625, tensor(1.0394))
INFO:315:train:(7867.45947265625, tensor(2.1177))
INFO:315:test:(3463.327392578125, tensor(1.0318))
INFO:316:train:(7711.58349609375, tensor(2.0820))
INFO:316:test:(3471.309326171875, tensor(1.0340))
INFO:317:train:(7877.76904296875, tensor(2.1093))
INFO:317:test:(3461.54638671875, tensor(1.0327))
INFO:318:train:(7834.43212890625, tensor(2.1027))
INFO:318:test:(3420.17138671875, tensor(1.0265))
INFO:319:train:(7629.138671875, tensor(2.0754))
INFO:319:test:(3411.91015625, tensor(1.0282))
INFO:320:train:(7689.8037109375, tensor(2.1002))
INFO:320:test:(3454.39111328125, tensor(1.0414))
INFO:321:train:(7693.27685546875, tensor(2.1074))
INFO:321:test:(3459.19580078125, tensor(1.0493))
INFO:322:train:(7549.46875, tensor(2.0811))
INFO:322:test:(3485.449462890625, tensor(1.0549))
INFO:323:train:(7605.85595703125, tensor(2.0829))
INFO:323:test:(3564.2861328125, tensor(1.0617))
INFO:324:train:(7584.4951171875, tensor(2.0734))
INFO:324:test:(3640.649169921875, tensor(1.0661))
INFO:325:train:(7531.42138671875, tensor(2.0692))
INFO:325:test:(3654.49365234375, tensor(1.0767))
INFO:326:train:(7544.82470703125, tensor(2.0819))
INFO:326:test:(3678.761962890625, tensor(1.1035))
INFO:327:train:(7451.69580078125, tensor(2.0753))
INFO:327:test:(3739.939453125, tensor(1.1196))
INFO:328:train:(7475.86572265625, tensor(2.0801))
INFO:328:test:(3790.74072265625, tensor(1.1134))
INFO:329:train:(7364.658203125, tensor(2.0478))
INFO:329:test:(3900.638427734375, tensor(1.1191))
INFO:330:train:(7407.2490234375, tensor(2.0488))
INFO:330:test:(3905.2265625, tensor(1.1326))
INFO:331:train:(7297.22021484375, tensor(2.0262))
INFO:331:test:(3949.448486328125, tensor(1.1495))
INFO:332:train:(7300.94921875, tensor(2.0326))
INFO:332:test:(4020.947265625, tensor(1.1514))
INFO:333:train:(7249.05322265625, tensor(2.0178))
INFO:333:test:(4062.771728515625, tensor(1.1567))
INFO:334:train:(7218.626953125, tensor(2.0018))
INFO:334:test:(4066.166015625, tensor(1.1689))
INFO:335:train:(7233.96142578125, tensor(1.9991))
INFO:335:test:(4129.705078125, tensor(1.1742))
INFO:336:train:(7163.34521484375, tensor(1.9780))
INFO:336:test:(4178.15771484375, tensor(1.1791))
INFO:337:train:(7201.04736328125, tensor(1.9850))
INFO:337:test:(4167.43310546875, tensor(1.2008))
INFO:338:train:(7184.72705078125, tensor(1.9929))
INFO:338:test:(4221.021484375, tensor(1.2046))
INFO:339:train:(7114.5341796875, tensor(1.9715))
INFO:339:test:(4298.07470703125, tensor(1.2074))
INFO:340:train:(7151.90673828125, tensor(1.9705))
INFO:340:test:(4291.82861328125, tensor(1.2249))
INFO:341:train:(7151.38623046875, tensor(1.9732))
INFO:341:test:(4377.17138671875, tensor(1.2283))
INFO:342:train:(7052.419921875, tensor(1.9474))
INFO:342:test:(4422.39208984375, tensor(1.2380))
INFO:343:train:(7039.77490234375, tensor(1.9481))
INFO:343:test:(4419.19775390625, tensor(1.2556))
INFO:344:train:(7088.5859375, tensor(1.9690))
INFO:344:test:(4539.11328125, tensor(1.2582))
INFO:345:train:(7074.83349609375, tensor(1.9569))
INFO:345:test:(4510.0615234375, tensor(1.2729))
INFO:346:train:(7046.7275390625, tensor(1.9571))
INFO:346:test:(4608.6787109375, tensor(1.2726))
INFO:347:train:(6993.8642578125, tensor(1.9375))
INFO:347:test:(4569.26708984375, tensor(1.2818))
INFO:348:train:(6972.2890625, tensor(1.9405))
INFO:348:test:(4639.09130859375, tensor(1.2799))
INFO:349:train:(6965.69189453125, tensor(1.9348))
INFO:349:test:(4586.5029296875, tensor(1.2908))
INFO:350:train:(7055.6611328125, tensor(1.9625))
INFO:350:test:(4699.02197265625, tensor(1.2810))
INFO:351:train:(7304.3203125, tensor(2.0048))
INFO:351:test:(4511.23486328125, tensor(1.2815))
INFO:352:train:(7534.06494140625, tensor(2.0555))
INFO:352:test:(4514.53759765625, tensor(1.2496))
INFO:353:train:(6906.31884765625, tensor(1.9204))
INFO:353:test:(4486.1982421875, tensor(1.2448))
INFO:354:train:(6846.03466796875, tensor(1.9067))
INFO:354:test:(4484.00732421875, tensor(1.2676))
INFO:355:train:(7234.50048828125, tensor(1.9893))
INFO:355:test:(4594.74609375, tensor(1.2596))
INFO:356:train:(7119.537109375, tensor(1.9600))
INFO:356:test:(4585.12939453125, tensor(1.2839))
INFO:357:train:(6838.853515625, tensor(1.9152))
INFO:357:test:(4668.0830078125, tensor(1.2960))
INFO:358:train:(6720.83349609375, tensor(1.8848))
INFO:358:test:(4801.64453125, tensor(1.3142))
INFO:359:train:(6816.4599609375, tensor(1.8936))
INFO:359:test:(4836.50732421875, tensor(1.3452))
INFO:360:train:(7143.1962890625, tensor(1.9640))
INFO:360:test:(4943.07470703125, tensor(1.3376))
INFO:361:train:(7071.7421875, tensor(1.9475))
INFO:361:test:(4861.697265625, tensor(1.3494))
INFO:362:train:(6865.57373046875, tensor(1.9181))
INFO:362:test:(4846.6728515625, tensor(1.3327))
INFO:363:train:(6679.93896484375, tensor(1.8721))
INFO:363:test:(4889.25, tensor(1.3426))
INFO:364:train:(6626.23681640625, tensor(1.8601))
INFO:364:test:(4987.94384765625, tensor(1.3674))
INFO:365:train:(6669.99072265625, tensor(1.8685))
INFO:365:test:(5119.8271484375, tensor(1.3836))
INFO:366:train:(6828.66943359375, tensor(1.8880))
INFO:366:test:(5159.443359375, tensor(1.4185))
INFO:367:train:(7192.55078125, tensor(1.9789))
INFO:367:test:(5275.390625, tensor(1.4106))
INFO:368:train:(7050.89697265625, tensor(1.9334))
INFO:368:test:(5184.03076171875, tensor(1.4147))
INFO:369:train:(6818.50244140625, tensor(1.8951))
INFO:369:test:(5136.76806640625, tensor(1.3911))
INFO:370:train:(6591.9541015625, tensor(1.8393))
INFO:370:test:(5108.8505859375, tensor(1.3909))
INFO:371:train:(6515.7548828125, tensor(1.8335))
INFO:371:test:(5144.47998046875, tensor(1.4034))
INFO:372:train:(6537.47119140625, tensor(1.8417))
INFO:372:test:(5227.2607421875, tensor(1.4149))
INFO:373:train:(6638.755859375, tensor(1.8478))
INFO:373:test:(5292.16650390625, tensor(1.4468))
INFO:374:train:(6881.78369140625, tensor(1.9099))
INFO:374:test:(5380.03271484375, tensor(1.4410))
INFO:375:train:(6971.96484375, tensor(1.9175))
INFO:375:test:(5295.833984375, tensor(1.4458))
INFO:376:train:(6878.6630859375, tensor(1.9087))
INFO:376:test:(5232.2626953125, tensor(1.4135))
INFO:377:train:(6524.01904296875, tensor(1.8232))
INFO:377:test:(5205.857421875, tensor(1.4087))
INFO:378:train:(6450.65869140625, tensor(1.8102))
INFO:378:test:(5235.04443359375, tensor(1.4264))
INFO:379:train:(6619.96923828125, tensor(1.8564))
INFO:379:test:(5310.3125, tensor(1.4307))
INFO:380:train:(6781.5888671875, tensor(1.8766))
INFO:380:test:(5363.7822265625, tensor(1.4638))
INFO:381:train:(6746.138671875, tensor(1.8892))
INFO:381:test:(5420.35009765625, tensor(1.4597))
INFO:382:train:(6480.7021484375, tensor(1.8110))
INFO:382:test:(5494.44189453125, tensor(1.4780))
INFO:383:train:(6367.72314453125, tensor(1.7873))
INFO:383:test:(5559.9140625, tensor(1.4957))
INFO:384:train:(6400.7431640625, tensor(1.7986))
INFO:384:test:(5606.97021484375, tensor(1.4980))
INFO:385:train:(6550.2041015625, tensor(1.8238))
INFO:385:test:(5616.50146484375, tensor(1.5158))
INFO:386:train:(6747.35693359375, tensor(1.8805))
INFO:386:test:(5606.5439453125, tensor(1.4881))
INFO:387:train:(6659.3857421875, tensor(1.8368))
INFO:387:test:(5521.72607421875, tensor(1.4832))
INFO:388:train:(6467.79736328125, tensor(1.8156))
INFO:388:test:(5476.2568359375, tensor(1.4713))
INFO:389:train:(6317.2265625, tensor(1.7832))
INFO:389:test:(5527.89990234375, tensor(1.4861))
INFO:390:train:(6306.82763671875, tensor(1.7838))
INFO:390:test:(5666.33251953125, tensor(1.5222))
INFO:391:train:(6409.70263671875, tensor(1.8063))
INFO:391:test:(5818.9921875, tensor(1.5351))
INFO:392:train:(6618.431640625, tensor(1.8256))
INFO:392:test:(5785.783203125, tensor(1.5532))
INFO:393:train:(6797.51123046875, tensor(1.8763))
INFO:393:test:(5686.0986328125, tensor(1.5114))
INFO:394:train:(6473.79248046875, tensor(1.8054))
INFO:394:test:(5566.14306640625, tensor(1.4948))
INFO:395:train:(6262.533203125, tensor(1.7854))
INFO:395:test:(5577.6474609375, tensor(1.4937))
INFO:396:train:(6247.45458984375, tensor(1.7757))
INFO:396:test:(5712.51220703125, tensor(1.5112))
INFO:397:train:(6388.4580078125, tensor(1.7804))
INFO:397:test:(5796.21533203125, tensor(1.5485))
INFO:398:train:(6544.03173828125, tensor(1.8274))
INFO:398:test:(5833.72900390625, tensor(1.5432))
INFO:399:train:(6438.7578125, tensor(1.7971))
INFO:399:test:(5817.22265625, tensor(1.5516))
INFO:400:train:(6271.38427734375, tensor(1.7819))
INFO:400:test:(5833.30859375, tensor(1.5432))
INFO:401:train:(6187.3818359375, tensor(1.7423))
INFO:401:test:(5871.439453125, tensor(1.5501))
INFO:402:train:(6164.4443359375, tensor(1.7375))
INFO:402:test:(5901.87451171875, tensor(1.5639))
INFO:403:train:(6165.89990234375, tensor(1.7540))
INFO:403:test:(5996.6455078125, tensor(1.5809))
INFO:404:train:(6241.537109375, tensor(1.7605))
INFO:404:test:(6084.978515625, tensor(1.6055))
INFO:405:train:(6356.18115234375, tensor(1.7871))
INFO:405:test:(6169.6328125, tensor(1.5962))
INFO:406:train:(6524.95703125, tensor(1.7902))
INFO:406:test:(5997.62890625, tensor(1.5878))
INFO:407:train:(6482.94970703125, tensor(1.8163))
INFO:407:test:(5837.744140625, tensor(1.5431))
INFO:408:train:(6221.01708984375, tensor(1.7618))
INFO:408:test:(5784.96044921875, tensor(1.5342))
INFO:409:train:(6112.1708984375, tensor(1.7506))
INFO:409:test:(5894.97607421875, tensor(1.5555))
INFO:410:train:(6193.72998046875, tensor(1.7545))
INFO:410:test:(6095.794921875, tensor(1.5803))
INFO:411:train:(6283.939453125, tensor(1.7498))
INFO:411:test:(6128.4794921875, tensor(1.6106))
INFO:412:train:(6241.31689453125, tensor(1.7634))
INFO:412:test:(6178.95947265625, tensor(1.6109))
INFO:413:train:(6115.693359375, tensor(1.7296))
INFO:413:test:(6158.67724609375, tensor(1.6092))
INFO:414:train:(6046.68701171875, tensor(1.7190))
INFO:414:test:(6161.89599609375, tensor(1.6109))
INFO:415:train:(6055.837890625, tensor(1.7239))
INFO:415:test:(6212.60546875, tensor(1.6146))
INFO:416:train:(6109.328125, tensor(1.7282))
INFO:416:test:(6220.5244140625, tensor(1.6267))
INFO:417:train:(6147.71484375, tensor(1.7501))
INFO:417:test:(6273.763671875, tensor(1.6150))
INFO:418:train:(6120.78369140625, tensor(1.7174))
INFO:418:test:(6217.826171875, tensor(1.6193))
INFO:419:train:(6057.953125, tensor(1.7251))
INFO:419:test:(6248.4599609375, tensor(1.6206))
INFO:420:train:(6005.7451171875, tensor(1.7133))
INFO:420:test:(6304.041015625, tensor(1.6338))
INFO:421:train:(5975.87548828125, tensor(1.7063))
INFO:421:test:(6380.28369140625, tensor(1.6505))
INFO:422:train:(5985.724609375, tensor(1.7019))
INFO:422:test:(6448.267578125, tensor(1.6576))
INFO:423:train:(6026.896484375, tensor(1.7048))
INFO:423:test:(6393.10986328125, tensor(1.6628))
INFO:424:train:(6104.91845703125, tensor(1.7354))
INFO:424:test:(6353.80712890625, tensor(1.6300))
INFO:425:train:(6168.82373046875, tensor(1.7308))
INFO:425:test:(6236.9619140625, tensor(1.6232))
INFO:426:train:(6096.15185546875, tensor(1.7334))
INFO:426:test:(6182.0751953125, tensor(1.6000))
INFO:427:train:(5962.3486328125, tensor(1.7055))
INFO:427:test:(6243.79150390625, tensor(1.6138))
INFO:428:train:(5935.26806640625, tensor(1.6988))
INFO:428:test:(6380.68310546875, tensor(1.6520))
INFO:429:train:(6017.8916015625, tensor(1.7090))
INFO:429:test:(6517.02734375, tensor(1.6615))
INFO:430:train:(6100.06884765625, tensor(1.7142))
INFO:430:test:(6409.03173828125, tensor(1.6619))
INFO:431:train:(6034.2734375, tensor(1.7177))
INFO:431:test:(6322.619140625, tensor(1.6301))
INFO:432:train:(5925.88232421875, tensor(1.6955))
INFO:432:test:(6285.0703125, tensor(1.6236))
INFO:433:train:(5887.34130859375, tensor(1.6896))
INFO:433:test:(6360.6220703125, tensor(1.6441))
INFO:434:train:(5910.22607421875, tensor(1.6941))
INFO:434:test:(6527.892578125, tensor(1.6635))
INFO:435:train:(5950.75244140625, tensor(1.6895))
INFO:435:test:(6540.26904296875, tensor(1.6813))
INFO:436:train:(5948.45751953125, tensor(1.6909))
INFO:436:test:(6549.982421875, tensor(1.6673))
INFO:437:train:(5910.49658203125, tensor(1.6797))
INFO:437:test:(6452.66357421875, tensor(1.6622))
INFO:438:train:(5864.97119140625, tensor(1.6835))
INFO:438:test:(6450.94921875, tensor(1.6558))
INFO:439:train:(5831.3876953125, tensor(1.6766))
INFO:439:test:(6526.90185546875, tensor(1.6651))
INFO:440:train:(5820.763671875, tensor(1.6662))
INFO:440:test:(6593.5068359375, tensor(1.6848))
INFO:441:train:(5838.9873046875, tensor(1.6666))
INFO:441:test:(6638.38037109375, tensor(1.6847))
INFO:442:train:(5880.1552734375, tensor(1.6742))
INFO:442:test:(6564.5224609375, tensor(1.6846))
INFO:443:train:(5917.0185546875, tensor(1.6845))
INFO:443:test:(6499.1787109375, tensor(1.6525))
INFO:444:train:(5943.12939453125, tensor(1.6873))
INFO:444:test:(6432.34326171875, tensor(1.6567))
INFO:445:train:(5887.0283203125, tensor(1.6895))
INFO:445:test:(6481.24853515625, tensor(1.6508))
INFO:446:train:(5805.16015625, tensor(1.6646))
INFO:446:test:(6577.2763671875, tensor(1.6765))
INFO:447:train:(5758.265625, tensor(1.6539))
INFO:447:test:(6678.611328125, tensor(1.7018))
INFO:448:train:(5774.787109375, tensor(1.6542))
INFO:448:test:(6747.06005859375, tensor(1.6995))
INFO:449:train:(5834.73974609375, tensor(1.6585))
INFO:449:test:(6617.318359375, tensor(1.6884))
INFO:450:train:(5911.2509765625, tensor(1.6808))
INFO:450:test:(6519.6572265625, tensor(1.6484))
INFO:451:train:(5888.76708984375, tensor(1.6815))
INFO:451:test:(6453.79296875, tensor(1.6503))
INFO:452:train:(5766.9501953125, tensor(1.6687))
INFO:452:test:(6618.6611328125, tensor(1.6699))
INFO:453:train:(5736.81640625, tensor(1.6399))
INFO:453:test:(6706.412109375, tensor(1.7024))
INFO:454:train:(5759.865234375, tensor(1.6629))
INFO:454:test:(6730.6103515625, tensor(1.7056))
INFO:455:train:(5782.00341796875, tensor(1.6472))
INFO:455:test:(6758.02099609375, tensor(1.6954))
INFO:456:train:(5757.52392578125, tensor(1.6469))
INFO:456:test:(6654.39306640625, tensor(1.6969))
INFO:457:train:(5777.068359375, tensor(1.6744))
INFO:457:test:(6811.6416015625, tensor(1.6847))
INFO:458:train:(5779.39501953125, tensor(1.6293))
INFO:458:test:(6604.79931640625, tensor(1.6841))
INFO:459:train:(5720.38427734375, tensor(1.6627))
INFO:459:test:(6712.583984375, tensor(1.7007))
INFO:460:train:(5691.00537109375, tensor(1.6447))
INFO:460:test:(6922.5654296875, tensor(1.7254))
INFO:461:train:(5726.51025390625, tensor(1.6129))
INFO:461:test:(6927.421875, tensor(1.7367))
INFO:462:train:(5697.9892578125, tensor(1.6389))
INFO:462:test:(6719.517578125, tensor(1.6996))
INFO:463:train:(5685.486328125, tensor(1.6371))
INFO:463:test:(6723.04248046875, tensor(1.6746))
INFO:464:train:(5767.369140625, tensor(1.6405))
INFO:464:test:(6632.32080078125, tensor(1.6899))
INFO:465:train:(5743.8349609375, tensor(1.6590))
INFO:465:test:(6824.86181640625, tensor(1.7110))
INFO:466:train:(5679.09619140625, tensor(1.6395))
INFO:466:test:(6922.01318359375, tensor(1.7233))
INFO:467:train:(5646.259765625, tensor(1.6055))
INFO:467:test:(6901.13232421875, tensor(1.7300))
INFO:468:train:(5587.02734375, tensor(1.6151))
INFO:468:test:(6903.9423828125, tensor(1.7352))
INFO:469:train:(5605.701171875, tensor(1.6276))
INFO:469:test:(6936.650390625, tensor(1.7263))
INFO:470:train:(5618.60986328125, tensor(1.6054))
INFO:470:test:(6933.138671875, tensor(1.7231))
INFO:471:train:(5600.51171875, tensor(1.6186))
INFO:471:test:(6827.0205078125, tensor(1.7275))
INFO:472:train:(5655.298828125, tensor(1.6451))
INFO:472:test:(7013.05419921875, tensor(1.7279))
INFO:473:train:(5657.43310546875, tensor(1.6149))
INFO:473:test:(6886.4599609375, tensor(1.7336))
INFO:474:train:(5659.33984375, tensor(1.6275))
INFO:474:test:(6970.14892578125, tensor(1.7372))
INFO:475:train:(5688.8857421875, tensor(1.6383))
INFO:475:test:(6813.70947265625, tensor(1.7070))
INFO:476:train:(5640.12060546875, tensor(1.6121))
INFO:476:test:(6779.00341796875, tensor(1.6924))
INFO:477:train:(5549.98291015625, tensor(1.6101))
INFO:477:test:(6796.46923828125, tensor(1.7119))
INFO:478:train:(5539.4072265625, tensor(1.6212))
INFO:478:test:(6954.3857421875, tensor(1.7329))
INFO:479:train:(5551.25732421875, tensor(1.5965))
INFO:479:test:(7102.134765625, tensor(1.7478))
INFO:480:train:(5583.125, tensor(1.6030))
INFO:480:test:(6905.0107421875, tensor(1.7380))
INFO:481:train:(5661.38525390625, tensor(1.6398))
INFO:481:test:(6922.92431640625, tensor(1.7100))
INFO:482:train:(5552.64453125, tensor(1.6066))
INFO:482:test:(6958.77587890625, tensor(1.7199))
INFO:483:train:(5499.330078125, tensor(1.5913))
INFO:483:test:(6998.7158203125, tensor(1.7541))
INFO:484:train:(5516.7265625, tensor(1.6105))
INFO:484:test:(7137.61083984375, tensor(1.7644))
INFO:485:train:(5513.4521484375, tensor(1.5893))
INFO:485:test:(6967.39306640625, tensor(1.7383))
INFO:486:train:(5538.46435546875, tensor(1.5913))
INFO:486:test:(6868.0615234375, tensor(1.7194))
INFO:487:train:(5527.65234375, tensor(1.6173))
INFO:487:test:(6874.63330078125, tensor(1.7123))
INFO:488:train:(5463.2607421875, tensor(1.5950))
INFO:488:test:(7026.5126953125, tensor(1.7407))
INFO:489:train:(5462.05615234375, tensor(1.5780))
INFO:489:test:(7183.60009765625, tensor(1.7835))
INFO:490:train:(5491.0224609375, tensor(1.5891))
INFO:490:test:(7120.58447265625, tensor(1.7723))
INFO:491:train:(5481.71044921875, tensor(1.5794))
INFO:491:test:(7023.35595703125, tensor(1.7383))
INFO:492:train:(5461.03564453125, tensor(1.5810))
INFO:492:test:(6853.5009765625, tensor(1.7291))
INFO:493:train:(5475.6240234375, tensor(1.6099))
INFO:493:test:(7114.353515625, tensor(1.7570))
INFO:494:train:(5430.51953125, tensor(1.5707))
INFO:494:test:(7158.91650390625, tensor(1.7756))
INFO:495:train:(5422.001953125, tensor(1.5749))
INFO:495:test:(7104.4296875, tensor(1.7728))
INFO:496:train:(5410.46337890625, tensor(1.5704))
INFO:496:test:(7074.140625, tensor(1.7544))
INFO:497:train:(5439.17578125, tensor(1.5748))
INFO:497:test:(6849.96435546875, tensor(1.7336))
INFO:498:train:(5480.29345703125, tensor(1.5987))
INFO:498:test:(6972.68603515625, tensor(1.7404))
INFO:499:train:(5428.47265625, tensor(1.5798))
INFO:499:test:(7130.09228515625, tensor(1.7710))
INFO:500:train:(5456.1875, tensor(1.5642))
INFO:500:test:(6899.3408203125, tensor(1.7457))
INFO:501:train:(5420.7470703125, tensor(1.5769))
INFO:501:test:(6984.03955078125, tensor(1.7420))
INFO:502:train:(5426.01904296875, tensor(1.5715))
INFO:502:test:(7003.5478515625, tensor(1.7533))
INFO:503:train:(5488.0927734375, tensor(1.5707))
INFO:503:test:(6989.9521484375, tensor(1.7559))
INFO:504:train:(5388.1513671875, tensor(1.5693))
INFO:504:test:(6879.21044921875, tensor(1.7398))
INFO:505:train:(5456.39697265625, tensor(1.5688))
INFO:505:test:(6954.486328125, tensor(1.7602))
INFO:506:train:(5461.41650390625, tensor(1.5647))
INFO:506:test:(7223.07666015625, tensor(1.7906))
INFO:507:train:(5422.64892578125, tensor(1.5709))
INFO:507:test:(6917.966796875, tensor(1.7456))
INFO:508:train:(5578.61376953125, tensor(1.5943))
INFO:508:test:(7051.69580078125, tensor(1.7575))
INFO:509:train:(5457.41064453125, tensor(1.5719))
INFO:509:test:(6728.32861328125, tensor(1.7307))
INFO:510:train:(5404.4755859375, tensor(1.5837))
INFO:510:test:(6923.9443359375, tensor(1.7686))
INFO:511:train:(5509.2021484375, tensor(1.5663))
INFO:511:test:(7124.34033203125, tensor(1.7825))
INFO:512:train:(5611.0048828125, tensor(1.6007))
INFO:512:test:(6595.80419921875, tensor(1.7140))
INFO:513:train:(5574.97509765625, tensor(1.6107))
INFO:513:test:(6575.42724609375, tensor(1.6834))
INFO:514:train:(5415.109375, tensor(1.5761))
INFO:514:test:(7013.2841796875, tensor(1.7472))
INFO:515:train:(5525.69287109375, tensor(1.5822))
INFO:515:test:(6846.7626953125, tensor(1.7591))
INFO:516:train:(5546.76416015625, tensor(1.5778))
INFO:516:test:(6821.93994140625, tensor(1.7499))
INFO:517:train:(5473.3310546875, tensor(1.5957))
INFO:517:test:(6980.052734375, tensor(1.7412))
INFO:518:train:(5469.70263671875, tensor(1.5448))
INFO:518:test:(6775.3427734375, tensor(1.7234))
INFO:519:train:(5367.9365234375, tensor(1.5454))
INFO:519:test:(6733.24951171875, tensor(1.7453))
INFO:520:train:(5498.42529296875, tensor(1.6135))
INFO:520:test:(6945.4755859375, tensor(1.7714))
INFO:521:train:(5339.5205078125, tensor(1.5342))
INFO:521:test:(7204.333984375, tensor(1.7950))
INFO:522:train:(5412.19921875, tensor(1.5305))
INFO:522:test:(6824.17431640625, tensor(1.7397))
INFO:523:train:(5300.12939453125, tensor(1.5345))
INFO:523:test:(6616.39990234375, tensor(1.7242))
INFO:524:train:(5347.322265625, tensor(1.5569))
INFO:524:test:(6833.4365234375, tensor(1.7574))
INFO:525:train:(5291.125, tensor(1.5412))
INFO:525:test:(7123.8408203125, tensor(1.8082))
INFO:526:train:(5298.6884765625, tensor(1.5131))
INFO:526:test:(6929.07421875, tensor(1.7849))
INFO:527:train:(5256.966796875, tensor(1.5300))
INFO:527:test:(6793.361328125, tensor(1.7566))
INFO:528:train:(5265.52587890625, tensor(1.5430))
INFO:528:test:(6839.9794921875, tensor(1.7553))
INFO:529:train:(5251.2841796875, tensor(1.5064))
INFO:529:test:(6852.212890625, tensor(1.7681))
INFO:530:train:(5188.673828125, tensor(1.5037))
INFO:530:test:(6790.80126953125, tensor(1.7718))
INFO:531:train:(5243.6572265625, tensor(1.5340))
INFO:531:test:(6781.95849609375, tensor(1.7630))
INFO:532:train:(5181.10595703125, tensor(1.4990))
INFO:532:test:(6651.83349609375, tensor(1.7340))
INFO:533:train:(5195.6474609375, tensor(1.5068))
INFO:533:test:(6711.94921875, tensor(1.7556))
INFO:534:train:(5160.7685546875, tensor(1.5071))
INFO:534:test:(6885.35009765625, tensor(1.7883))
INFO:535:train:(5136.416015625, tensor(1.4956))
INFO:535:test:(6973.59375, tensor(1.7986))
INFO:536:train:(5145.02294921875, tensor(1.4849))
INFO:536:test:(6687.49658203125, tensor(1.7603))
INFO:537:train:(5127.52685546875, tensor(1.4842))
INFO:537:test:(6539.13916015625, tensor(1.7303))
INFO:538:train:(5123.90771484375, tensor(1.5000))
INFO:538:test:(6773.685546875, tensor(1.7685))
INFO:539:train:(5113.796875, tensor(1.4733))
INFO:539:test:(6767.900390625, tensor(1.7753))
INFO:540:train:(5092.7890625, tensor(1.4848))
INFO:540:test:(6675.79931640625, tensor(1.7734))
INFO:541:train:(5106.04052734375, tensor(1.4792))
INFO:541:test:(6569.28173828125, tensor(1.7387))
INFO:542:train:(5070.005859375, tensor(1.4754))
INFO:542:test:(6617.52880859375, tensor(1.7607))
INFO:543:train:(5055.60888671875, tensor(1.4658))
INFO:543:test:(6542.02587890625, tensor(1.7573))
INFO:544:train:(5047.0400390625, tensor(1.4755))
INFO:544:test:(6733.16943359375, tensor(1.7914))
INFO:545:train:(5038.76123046875, tensor(1.4451))
INFO:545:test:(6511.24755859375, tensor(1.7386))
INFO:546:train:(5058.857421875, tensor(1.4777))
INFO:546:test:(6839.60400390625, tensor(1.8350))
INFO:547:train:(5166.46435546875, tensor(1.4744))
INFO:547:test:(6470.63623046875, tensor(1.7401))
INFO:548:train:(5265.13427734375, tensor(1.5226))
INFO:548:test:(6854.375, tensor(1.8372))
INFO:549:train:(5183.84326171875, tensor(1.4841))
INFO:549:test:(6673.78857421875, tensor(1.7902))
INFO:550:train:(4984.28759765625, tensor(1.4563))
INFO:550:test:(6761.8037109375, tensor(1.8095))
INFO:551:train:(5101.72216796875, tensor(1.4737))
INFO:551:test:(6916.6748046875, tensor(1.8676))
INFO:552:train:(5099.33740234375, tensor(1.4575))
INFO:552:test:(6819.07080078125, tensor(1.8160))
INFO:553:train:(5001.603515625, tensor(1.4633))
INFO:553:test:(6864.57177734375, tensor(1.8249))
INFO:554:train:(4963.7314453125, tensor(1.4422))
INFO:554:test:(6825.18115234375, tensor(1.8416))
INFO:555:train:(5078.814453125, tensor(1.4472))
INFO:555:test:(7144.90771484375, tensor(1.8841))
INFO:556:train:(4970.17236328125, tensor(1.4441))
INFO:556:test:(7052.89501953125, tensor(1.8580))
INFO:557:train:(4931.94970703125, tensor(1.4312))
INFO:557:test:(6814.2626953125, tensor(1.8343))
INFO:558:train:(4974.46240234375, tensor(1.4308))
INFO:558:test:(6757.26123046875, tensor(1.8244))
INFO:559:train:(4904.71484375, tensor(1.4268))
INFO:559:test:(6975.82861328125, tensor(1.8724))
INFO:560:train:(4945.7255859375, tensor(1.4456))
INFO:560:test:(7130.15234375, tensor(1.9108))
INFO:561:train:(4876.537109375, tensor(1.4090))
INFO:561:test:(6802.6708984375, tensor(1.8445))
INFO:562:train:(4956.23681640625, tensor(1.4304))
INFO:562:test:(7196.205078125, tensor(1.9298))
INFO:563:train:(5143.9892578125, tensor(1.4844))
INFO:563:test:(6529.37255859375, tensor(1.7738))
INFO:564:train:(5162.01611328125, tensor(1.5230))
INFO:564:test:(6967.13427734375, tensor(1.8743))
INFO:565:train:(4935.9638671875, tensor(1.4160))
INFO:565:test:(7314.86962890625, tensor(1.9701))
INFO:566:train:(5159.06591796875, tensor(1.4511))
INFO:566:test:(7334.19287109375, tensor(1.9370))
INFO:567:train:(4935.5830078125, tensor(1.4173))
INFO:567:test:(6972.3046875, tensor(1.8675))
INFO:568:train:(4940.49755859375, tensor(1.4529))
INFO:568:test:(7069.86328125, tensor(1.9062))
INFO:569:train:(4940.63330078125, tensor(1.4277))
INFO:569:test:(7460.2548828125, tensor(2.0049))
INFO:570:train:(4995.5556640625, tensor(1.4187))
INFO:570:test:(6993.9228515625, tensor(1.8864))
INFO:571:train:(4866.423828125, tensor(1.4189))
INFO:571:test:(6833.13916015625, tensor(1.8292))
INFO:572:train:(4885.52734375, tensor(1.4380))
INFO:572:test:(6947.65869140625, tensor(1.8610))
INFO:573:train:(4848.57177734375, tensor(1.4113))
INFO:573:test:(7178.4150390625, tensor(1.9333))
INFO:574:train:(4843.63330078125, tensor(1.3957))
INFO:574:test:(7334.1630859375, tensor(1.9623))
INFO:575:train:(4820.13818359375, tensor(1.3859))
INFO:575:test:(7241.26806640625, tensor(1.9475))
INFO:576:train:(4835.3408203125, tensor(1.4009))
INFO:576:test:(7169.619140625, tensor(1.9412))
INFO:577:train:(4811.8125, tensor(1.4079))
INFO:577:test:(7236.5322265625, tensor(1.9520))
INFO:578:train:(4771.83544921875, tensor(1.3843))
INFO:578:test:(7283.53564453125, tensor(1.9565))
INFO:579:train:(4795.28173828125, tensor(1.3794))
INFO:579:test:(7161.0029296875, tensor(1.9296))
INFO:580:train:(4763.96142578125, tensor(1.3883))
INFO:580:test:(7025.51416015625, tensor(1.8930))
INFO:581:train:(4772.4326171875, tensor(1.4007))
INFO:581:test:(7116.09765625, tensor(1.9142))
INFO:582:train:(4753.97705078125, tensor(1.3963))
INFO:582:test:(7313.0166015625, tensor(1.9615))
INFO:583:train:(4748.69775390625, tensor(1.3718))
INFO:583:test:(7410.5068359375, tensor(1.9896))
INFO:584:train:(4761.1669921875, tensor(1.3705))
INFO:584:test:(7156.54345703125, tensor(1.9383))
INFO:585:train:(4759.978515625, tensor(1.3833))
INFO:585:test:(7091.09521484375, tensor(1.9128))
INFO:586:train:(4830.0, tensor(1.4160))
INFO:586:test:(7080.25927734375, tensor(1.9129))
INFO:587:train:(4903.67333984375, tensor(1.4087))
INFO:587:test:(7202.81689453125, tensor(1.9508))
INFO:588:train:(4910.2509765625, tensor(1.4255))
INFO:588:test:(7165.9541015625, tensor(1.9274))
INFO:589:train:(4800.712890625, tensor(1.3762))
INFO:589:test:(7133.4130859375, tensor(1.9283))
INFO:590:train:(4726.63232421875, tensor(1.3789))
INFO:590:test:(7232.03173828125, tensor(1.9593))
INFO:591:train:(4773.88232421875, tensor(1.3993))
INFO:591:test:(7308.58740234375, tensor(1.9693))
INFO:592:train:(4770.30126953125, tensor(1.3713))
INFO:592:test:(7313.77099609375, tensor(1.9729))
INFO:593:train:(4734.62060546875, tensor(1.3742))
INFO:593:test:(7115.63671875, tensor(1.9267))
INFO:594:train:(4727.82421875, tensor(1.3826))
INFO:594:test:(7257.34375, tensor(1.9371))
INFO:595:train:(4733.81591796875, tensor(1.3817))
INFO:595:test:(7296.51171875, tensor(1.9616))
INFO:596:train:(4684.06982421875, tensor(1.3698))
INFO:596:test:(7325.52685546875, tensor(1.9797))
INFO:597:train:(4686.99951171875, tensor(1.3659))
INFO:597:test:(7316.673828125, tensor(1.9754))
INFO:598:train:(4695.611328125, tensor(1.3572))
INFO:598:test:(7203.86328125, tensor(1.9544))
INFO:599:train:(4666.9072265625, tensor(1.3622))
INFO:599:test:(7226.8671875, tensor(1.9606))
INFO:600:train:(4678.37744140625, tensor(1.3728))
INFO:600:test:(7293.650390625, tensor(1.9702))
INFO:601:train:(4676.16943359375, tensor(1.3587))
INFO:601:test:(7293.43212890625, tensor(1.9731))
INFO:602:train:(4669.990234375, tensor(1.3666))
INFO:602:test:(7175.5732421875, tensor(1.9466))
INFO:603:train:(4695.24853515625, tensor(1.3691))
INFO:603:test:(7343.0146484375, tensor(1.9738))
INFO:604:train:(4700.1142578125, tensor(1.3730))
INFO:604:test:(7319.1728515625, tensor(1.9735))
INFO:605:train:(4691.24365234375, tensor(1.3628))
INFO:605:test:(7366.4794921875, tensor(1.9865))
INFO:606:train:(4657.92529296875, tensor(1.3633))
INFO:606:test:(7266.49951171875, tensor(1.9699))
INFO:607:train:(4622.2744140625, tensor(1.3528))
INFO:607:test:(7197.77978515625, tensor(1.9598))
INFO:608:train:(4617.966796875, tensor(1.3517))
INFO:608:test:(7239.2236328125, tensor(1.9691))
INFO:609:train:(4631.5810546875, tensor(1.3574))
INFO:609:test:(7240.693359375, tensor(1.9631))
INFO:610:train:(4654.10205078125, tensor(1.3558))
INFO:610:test:(7338.02392578125, tensor(1.9784))
INFO:611:train:(4675.9931640625, tensor(1.3719))
INFO:611:test:(7279.3544921875, tensor(1.9676))
INFO:612:train:(4675.60009765625, tensor(1.3628))
INFO:612:test:(7391.2763671875, tensor(1.9919))
INFO:613:train:(4632.771484375, tensor(1.3535))
INFO:613:test:(7349.47802734375, tensor(1.9850))
INFO:614:train:(4595.28515625, tensor(1.3452))
INFO:614:test:(7325.98193359375, tensor(1.9795))
INFO:615:train:(4585.27880859375, tensor(1.3459))
INFO:615:test:(7380.74853515625, tensor(1.9919))
INFO:616:train:(4598.03955078125, tensor(1.3527))
INFO:616:test:(7321.52001953125, tensor(1.9770))
INFO:617:train:(4615.36669921875, tensor(1.3460))
INFO:617:test:(7334.28466796875, tensor(1.9847))
INFO:618:train:(4665.3271484375, tensor(1.3711))
INFO:618:test:(7378.7080078125, tensor(1.9789))
INFO:619:train:(4718.14453125, tensor(1.3623))
INFO:619:test:(7281.05517578125, tensor(1.9736))
INFO:620:train:(4659.55615234375, tensor(1.3802))
INFO:620:test:(7448.75927734375, tensor(2.0063))
INFO:621:train:(4594.84228515625, tensor(1.3323))
INFO:621:test:(7280.17919921875, tensor(1.9766))
INFO:622:train:(4594.2236328125, tensor(1.3489))
INFO:622:test:(7276.70654296875, tensor(1.9768))
INFO:623:train:(4607.8193359375, tensor(1.3594))
INFO:623:test:(7416.73876953125, tensor(1.9909))
INFO:624:train:(4632.4697265625, tensor(1.3378))
INFO:624:test:(7355.33203125, tensor(1.9879))
INFO:625:train:(4605.6796875, tensor(1.3626))
INFO:625:test:(7459.0546875, tensor(1.9972))
INFO:626:train:(4566.06396484375, tensor(1.3326))
INFO:626:test:(7364.404296875, tensor(1.9850))
INFO:627:train:(4594.390625, tensor(1.3415))
INFO:627:test:(7403.15234375, tensor(1.9953))
INFO:628:train:(4590.19482421875, tensor(1.3470))
INFO:628:test:(7340.9423828125, tensor(1.9851))
INFO:629:train:(4577.23046875, tensor(1.3491))
INFO:629:test:(7463.0986328125, tensor(2.0045))
INFO:630:train:(4585.2451171875, tensor(1.3387))
INFO:630:test:(7200.142578125, tensor(1.9545))
INFO:631:train:(4564.49609375, tensor(1.3481))
INFO:631:test:(7372.361328125, tensor(1.9887))
INFO:632:train:(4536.9951171875, tensor(1.3317))
INFO:632:test:(7492.8603515625, tensor(2.0121))
INFO:633:train:(4570.1103515625, tensor(1.3320))
INFO:633:test:(7322.16357421875, tensor(1.9677))
INFO:634:train:(4558.26904296875, tensor(1.3444))
INFO:634:test:(7427.36181640625, tensor(1.9999))
INFO:635:train:(4541.6826171875, tensor(1.3426))
INFO:635:test:(7544.421875, tensor(2.0219))
INFO:636:train:(4590.01171875, tensor(1.3299))
INFO:636:test:(7351.755859375, tensor(1.9862))
INFO:637:train:(4532.54443359375, tensor(1.3398))
INFO:637:test:(7313.97021484375, tensor(1.9798))
INFO:638:train:(4536.26953125, tensor(1.3389))
INFO:638:test:(7622.45751953125, tensor(2.0445))
INFO:639:train:(4549.51953125, tensor(1.3253))
INFO:639:test:(7349.22021484375, tensor(1.9835))
INFO:640:train:(4537.40380859375, tensor(1.3428))
INFO:640:test:(7375.345703125, tensor(1.9803))
INFO:641:train:(4563.52197265625, tensor(1.3388))
INFO:641:test:(7410.7939453125, tensor(1.9981))
INFO:642:train:(4529.8525390625, tensor(1.3305))
INFO:642:test:(7645.0625, tensor(2.0554))
INFO:643:train:(4554.1162109375, tensor(1.3296))
INFO:643:test:(7422.15576171875, tensor(1.9914))
INFO:644:train:(4604.3232421875, tensor(1.3462))
INFO:644:test:(7381.5126953125, tensor(1.9942))
INFO:645:train:(4659.15869140625, tensor(1.3867))
INFO:645:test:(7563.23779296875, tensor(2.0278))
INFO:646:train:(4649.7763671875, tensor(1.3384))
INFO:646:test:(7473.994140625, tensor(2.0342))
INFO:647:train:(4555.0712890625, tensor(1.3289))
INFO:647:test:(7323.03564453125, tensor(1.9868))
INFO:648:train:(4535.1103515625, tensor(1.3410))
INFO:648:test:(7571.466796875, tensor(2.0242))
INFO:649:train:(4523.85595703125, tensor(1.3221))
INFO:649:test:(7644.64404296875, tensor(2.0551))
INFO:650:train:(4532.27197265625, tensor(1.3358))
INFO:650:test:(7602.56689453125, tensor(2.0382))
INFO:651:train:(4515.80810546875, tensor(1.3226))
INFO:651:test:(7416.89111328125, tensor(2.0006))
INFO:652:train:(4519.90576171875, tensor(1.3345))
INFO:652:test:(7460.10693359375, tensor(2.0023))
INFO:653:train:(4522.30712890625, tensor(1.3302))
INFO:653:test:(7598.271484375, tensor(2.0531))
INFO:654:train:(4517.11572265625, tensor(1.3234))
INFO:654:test:(7540.91064453125, tensor(2.0320))
INFO:655:train:(4519.81201171875, tensor(1.3244))
INFO:655:test:(7456.1220703125, tensor(2.0044))
INFO:656:train:(4512.7734375, tensor(1.3236))
INFO:656:test:(7292.298828125, tensor(1.9740))
INFO:657:train:(4495.2978515625, tensor(1.3381))
INFO:657:test:(7504.89794921875, tensor(2.0314))
INFO:658:train:(4482.9267578125, tensor(1.3182))
INFO:658:test:(7625.568359375, tensor(2.0412))
INFO:659:train:(4483.42578125, tensor(1.3138))
INFO:659:test:(7526.50439453125, tensor(2.0274))
INFO:660:train:(4517.38671875, tensor(1.3451))
INFO:660:test:(7565.87109375, tensor(2.0224))
INFO:661:train:(4494.529296875, tensor(1.3149))
INFO:661:test:(7533.9326171875, tensor(2.0370))
INFO:662:train:(4485.296875, tensor(1.3166))
INFO:662:test:(7425.5107421875, tensor(2.0043))
INFO:663:train:(4478.08837890625, tensor(1.3237))
INFO:663:test:(7462.359375, tensor(2.0161))
INFO:664:train:(4450.6796875, tensor(1.3147))
INFO:664:test:(7524.783203125, tensor(2.0322))
INFO:665:train:(4457.02490234375, tensor(1.3166))
INFO:665:test:(7597.77978515625, tensor(2.0464))
INFO:666:train:(4447.02099609375, tensor(1.3082))
INFO:666:test:(7538.1845703125, tensor(2.0336))
INFO:667:train:(4445.8125, tensor(1.3196))
INFO:667:test:(7671.82958984375, tensor(2.0547))
INFO:668:train:(4449.75634765625, tensor(1.3030))
INFO:668:test:(7469.373046875, tensor(2.0119))
INFO:669:train:(4474.22119140625, tensor(1.3305))
INFO:669:test:(7591.41259765625, tensor(2.0436))
INFO:670:train:(4507.39453125, tensor(1.3223))
INFO:670:test:(7584.48779296875, tensor(2.0405))
INFO:671:train:(4572.95654296875, tensor(1.3353))
INFO:671:test:(7525.986328125, tensor(2.0480))
INFO:672:train:(4546.01318359375, tensor(1.3412))
INFO:672:test:(7490.8310546875, tensor(2.0215))
INFO:673:train:(4459.1708984375, tensor(1.3146))
INFO:673:test:(7495.6005859375, tensor(2.0296))
INFO:674:train:(4408.9677734375, tensor(1.3080))
INFO:674:test:(7587.36474609375, tensor(2.0495))
INFO:675:train:(4423.22412109375, tensor(1.3042))
INFO:675:test:(7597.5673828125, tensor(2.0415))
INFO:676:train:(4455.0947265625, tensor(1.3129))
INFO:676:test:(7607.64794921875, tensor(2.0423))
INFO:677:train:(4555.34814453125, tensor(1.3417))
INFO:677:test:(7619.833984375, tensor(2.0439))
INFO:678:train:(4568.873046875, tensor(1.3263))
INFO:678:test:(7501.60986328125, tensor(2.0380))
INFO:679:train:(4482.46728515625, tensor(1.3247))
INFO:679:test:(7606.8876953125, tensor(2.0464))
INFO:680:train:(4450.935546875, tensor(1.2993))
INFO:680:test:(7535.02978515625, tensor(2.0373))
INFO:681:train:(4438.1259765625, tensor(1.3100))
INFO:681:test:(7594.4931640625, tensor(2.0668))
INFO:682:train:(4524.521484375, tensor(1.3309))
INFO:682:test:(7631.47705078125, tensor(2.0491))
INFO:683:train:(4548.4541015625, tensor(1.3286))
INFO:683:test:(7728.81640625, tensor(2.0779))
INFO:684:train:(4522.154296875, tensor(1.3294))
INFO:684:test:(7641.7724609375, tensor(2.0503))
INFO:685:train:(4437.64697265625, tensor(1.3145))
INFO:685:test:(7637.521484375, tensor(2.0505))
INFO:686:train:(4440.01220703125, tensor(1.2991))
INFO:686:test:(7535.08935546875, tensor(2.0459))
INFO:687:train:(4453.59619140625, tensor(1.3127))
INFO:687:test:(7634.7822265625, tensor(2.0559))
INFO:688:train:(4429.7861328125, tensor(1.3014))
INFO:688:test:(7702.01123046875, tensor(2.0707))
INFO:689:train:(4405.845703125, tensor(1.3015))
INFO:689:test:(7507.6669921875, tensor(2.0333))
INFO:690:train:(4472.52294921875, tensor(1.3372))
INFO:690:test:(7842.02734375, tensor(2.0778))
INFO:691:train:(4509.77685546875, tensor(1.2963))
INFO:691:test:(7392.49658203125, tensor(2.0038))
INFO:692:train:(4514.11328125, tensor(1.3503))
INFO:692:test:(7546.4580078125, tensor(2.0270))
INFO:693:train:(4405.765625, tensor(1.2970))
INFO:693:test:(7766.166015625, tensor(2.0710))
INFO:694:train:(4425.486328125, tensor(1.2880))
INFO:694:test:(7604.82568359375, tensor(2.0520))
INFO:695:train:(4439.47314453125, tensor(1.3157))
INFO:695:test:(7603.4326171875, tensor(2.0366))
INFO:696:train:(4409.96142578125, tensor(1.3000))
INFO:696:test:(7505.6513671875, tensor(2.0103))
INFO:697:train:(4410.671875, tensor(1.2978))
INFO:697:test:(7392.93017578125, tensor(2.0180))
INFO:698:train:(4492.69921875, tensor(1.3224))
INFO:698:test:(7455.65478515625, tensor(2.0017))
INFO:699:train:(4531.00634765625, tensor(1.3299))
INFO:699:test:(7403.80419921875, tensor(1.9939))
INFO:700:train:(4461.37109375, tensor(1.3112))
INFO:700:test:(7526.49560546875, tensor(2.0273))
INFO:701:train:(4412.71337890625, tensor(1.3089))
INFO:701:test:(7539.443359375, tensor(2.0327))
INFO:702:train:(4360.9931640625, tensor(1.2865))
INFO:702:test:(7466.2763671875, tensor(2.0147))
INFO:703:train:(4413.8876953125, tensor(1.3014))
INFO:703:test:(7515.62158203125, tensor(2.0300))
INFO:704:train:(4400.0146484375, tensor(1.3017))
INFO:704:test:(7532.0302734375, tensor(2.0382))
INFO:705:train:(4365.58056640625, tensor(1.2886))
INFO:705:test:(7419.669921875, tensor(2.0021))
INFO:706:train:(4380.57958984375, tensor(1.3077))
INFO:706:test:(7387.08984375, tensor(2.0053))
INFO:707:train:(4341.25732421875, tensor(1.2917))
INFO:707:test:(7502.55029296875, tensor(2.0301))
INFO:708:train:(4344.16552734375, tensor(1.2811))
INFO:708:test:(7355.38623046875, tensor(2.0069))
INFO:709:train:(4345.9580078125, tensor(1.2911))
INFO:709:test:(7470.18115234375, tensor(2.0254))
INFO:710:train:(4318.5107421875, tensor(1.2847))
INFO:710:test:(7597.77001953125, tensor(2.0551))
INFO:711:train:(4347.54150390625, tensor(1.2837))
INFO:711:test:(7442.65576171875, tensor(2.0147))
INFO:712:train:(4361.037109375, tensor(1.3027))
INFO:712:test:(7442.60595703125, tensor(2.0228))
INFO:713:train:(4399.419921875, tensor(1.2926))
INFO:713:test:(7442.765625, tensor(2.0097))
INFO:714:train:(4497.2705078125, tensor(1.3258))
INFO:714:test:(7354.88134765625, tensor(2.0022))
INFO:715:train:(4498.580078125, tensor(1.3223))
INFO:715:test:(7495.81298828125, tensor(2.0214))
INFO:716:train:(4363.5087890625, tensor(1.2844))
INFO:716:test:(7423.8662109375, tensor(2.0155))
INFO:717:train:(4342.1748046875, tensor(1.2902))
INFO:717:test:(7493.4453125, tensor(2.0316))
INFO:718:train:(4424.22705078125, tensor(1.2991))
INFO:718:test:(7488.1318359375, tensor(2.0174))
INFO:719:train:(4415.43115234375, tensor(1.3066))
INFO:719:test:(7465.08984375, tensor(2.0322))
INFO:720:train:(4340.0869140625, tensor(1.2872))
INFO:720:test:(7621.0654296875, tensor(2.0615))
INFO:721:train:(4315.02783203125, tensor(1.2708))
INFO:721:test:(7432.31103515625, tensor(2.0142))
INFO:722:train:(4330.27001953125, tensor(1.2959))
INFO:722:test:(7346.310546875, tensor(1.9977))
INFO:723:train:(4379.4736328125, tensor(1.3034))
INFO:723:test:(7540.34521484375, tensor(2.0441))
INFO:724:train:(4369.38037109375, tensor(1.2848))
INFO:724:test:(7418.84375, tensor(2.0345))
INFO:725:train:(4381.453125, tensor(1.2939))
INFO:725:test:(7442.50634765625, tensor(2.0064))
INFO:726:train:(4377.0400390625, tensor(1.3018))
INFO:726:test:(7560.78955078125, tensor(2.0377))
INFO:727:train:(4304.25830078125, tensor(1.2778))
INFO:727:test:(7549.79931640625, tensor(2.0551))
INFO:728:train:(4329.76123046875, tensor(1.2833))
INFO:728:test:(7465.90966796875, tensor(2.0181))
INFO:729:train:(4347.10986328125, tensor(1.2893))
INFO:729:test:(7422.591796875, tensor(2.0050))
INFO:730:train:(4393.953125, tensor(1.2938))
INFO:730:test:(7514.50146484375, tensor(2.0391))
INFO:731:train:(4301.71435546875, tensor(1.2745))
INFO:731:test:(7525.18115234375, tensor(2.0413))
INFO:732:train:(4306.0341796875, tensor(1.2801))
INFO:732:test:(7520.697265625, tensor(2.0369))
INFO:733:train:(4325.09619140625, tensor(1.2758))
INFO:733:test:(7523.6181640625, tensor(2.0310))
INFO:734:train:(4398.58203125, tensor(1.3029))
INFO:734:test:(7402.9775390625, tensor(2.0204))
INFO:735:train:(4314.314453125, tensor(1.2931))
INFO:735:test:(7710.83984375, tensor(2.0697))
INFO:736:train:(4334.31591796875, tensor(1.2692))
INFO:736:test:(7451.1240234375, tensor(2.0279))
INFO:737:train:(4302.0068359375, tensor(1.2888))
INFO:737:test:(7584.9287109375, tensor(2.0469))
INFO:738:train:(4338.16552734375, tensor(1.2722))
INFO:738:test:(7435.23681640625, tensor(2.0119))
INFO:739:train:(4323.9443359375, tensor(1.2838))
INFO:739:test:(7388.11865234375, tensor(2.0220))
INFO:740:train:(4317.1435546875, tensor(1.2893))
INFO:740:test:(7605.05517578125, tensor(2.0532))
INFO:741:train:(4289.330078125, tensor(1.2622))
INFO:741:test:(7420.41064453125, tensor(2.0166))
INFO:742:train:(4257.2666015625, tensor(1.2775))
INFO:742:test:(7529.23388671875, tensor(2.0495))
INFO:743:train:(4250.43310546875, tensor(1.2635))
INFO:743:test:(7622.599609375, tensor(2.0595))
INFO:744:train:(4282.61279296875, tensor(1.2625))
INFO:744:test:(7337.02587890625, tensor(1.9988))
INFO:745:train:(4286.4501953125, tensor(1.2858))
INFO:745:test:(7430.296875, tensor(2.0055))
INFO:746:train:(4297.83837890625, tensor(1.2849))
INFO:746:test:(7596.66162109375, tensor(2.0499))
INFO:747:train:(4286.890625, tensor(1.2634))
INFO:747:test:(7416.76171875, tensor(2.0181))
INFO:748:train:(4293.06494140625, tensor(1.2821))
INFO:748:test:(7424.7998046875, tensor(2.0216))
INFO:749:train:(4255.34716796875, tensor(1.2583))
INFO:749:test:(7430.20849609375, tensor(2.0196))
INFO:750:train:(4224.1025390625, tensor(1.2593))
INFO:750:test:(7357.1357421875, tensor(2.0122))
INFO:751:train:(4240.267578125, tensor(1.2750))
INFO:751:test:(7547.02685546875, tensor(2.0451))
INFO:752:train:(4243.056640625, tensor(1.2524))
INFO:752:test:(7311.1591796875, tensor(1.9977))
INFO:753:train:(4220.63134765625, tensor(1.2720))
INFO:753:test:(7403.12939453125, tensor(2.0172))
INFO:754:train:(4207.0673828125, tensor(1.2543))
INFO:754:test:(7484.39990234375, tensor(2.0300))
INFO:755:train:(4212.54931640625, tensor(1.2525))
INFO:755:test:(7307.1689453125, tensor(2.0027))
INFO:756:train:(4245.583984375, tensor(1.2743))
INFO:756:test:(7519.3984375, tensor(2.0286))
INFO:757:train:(4301.794921875, tensor(1.2714))
INFO:757:test:(7374.8505859375, tensor(2.0255))
INFO:758:train:(4334.83837890625, tensor(1.2843))
INFO:758:test:(7421.4521484375, tensor(2.0227))
INFO:759:train:(4392.6240234375, tensor(1.3062))
INFO:759:test:(7474.58056640625, tensor(2.0324))
INFO:760:train:(4235.4599609375, tensor(1.2495))
INFO:760:test:(7351.91162109375, tensor(2.0087))
INFO:761:train:(4217.6611328125, tensor(1.2573))
INFO:761:test:(7355.90673828125, tensor(1.9991))
INFO:762:train:(4407.43798828125, tensor(1.3054))
INFO:762:test:(7424.060546875, tensor(2.0096))
INFO:763:train:(4353.4931640625, tensor(1.2843))
INFO:763:test:(7598.4775390625, tensor(2.0480))
INFO:764:train:(4238.64111328125, tensor(1.2561))
INFO:764:test:(7421.5673828125, tensor(2.0236))
INFO:765:train:(4246.33447265625, tensor(1.2710))
INFO:765:test:(7471.37890625, tensor(2.0325))
INFO:766:train:(4272.1669921875, tensor(1.2644))
INFO:766:test:(7465.92919921875, tensor(2.0235))
INFO:767:train:(4292.37158203125, tensor(1.2810))
INFO:767:test:(7376.55224609375, tensor(2.0125))
INFO:768:train:(4270.078125, tensor(1.2887))
INFO:768:test:(7774.9365234375, tensor(2.0933))
INFO:769:train:(4307.3876953125, tensor(1.2583))
INFO:769:test:(7303.8095703125, tensor(1.9972))
INFO:770:train:(4281.3095703125, tensor(1.2905))
INFO:770:test:(7290.02392578125, tensor(1.9833))
INFO:771:train:(4316.2685546875, tensor(1.2721))
INFO:771:test:(7571.35888671875, tensor(2.0362))
INFO:772:train:(4329.5048828125, tensor(1.2694))
INFO:772:test:(7417.900390625, tensor(2.0076))
INFO:773:train:(4350.07275390625, tensor(1.3065))
INFO:773:test:(7621.18798828125, tensor(2.0249))
INFO:774:train:(4309.220703125, tensor(1.2841))
INFO:774:test:(7710.9638671875, tensor(2.0744))
INFO:775:train:(4337.927734375, tensor(1.2683))
INFO:775:test:(7685.90087890625, tensor(2.0734))
INFO:776:train:(4570.306640625, tensor(1.3390))
INFO:776:test:(7847.67919921875, tensor(2.1343))
INFO:777:train:(5005.09228515625, tensor(1.4240))
INFO:777:test:(7145.720703125, tensor(1.9343))
INFO:778:train:(4429.056640625, tensor(1.3282))
INFO:778:test:(7250.55078125, tensor(1.9404))
INFO:779:train:(4836.63330078125, tensor(1.3972))
INFO:779:test:(7097.21337890625, tensor(1.9123))
INFO:780:train:(4427.4111328125, tensor(1.3218))
INFO:780:test:(7068.00244140625, tensor(1.9415))
INFO:781:train:(4660.44873046875, tensor(1.3725))
INFO:781:test:(7354.3896484375, tensor(1.9961))
INFO:782:train:(4585.2626953125, tensor(1.3318))
INFO:782:test:(7160.49658203125, tensor(1.9636))
INFO:783:train:(4479.546875, tensor(1.3103))
INFO:783:test:(6950.0791015625, tensor(1.9353))
INFO:784:train:(4440.80712890625, tensor(1.3005))
INFO:784:test:(6931.6416015625, tensor(1.9211))
INFO:785:train:(4434.37353515625, tensor(1.3102))
INFO:785:test:(7123.67333984375, tensor(1.9511))
INFO:786:train:(4487.95166015625, tensor(1.3199))
INFO:786:test:(7143.814453125, tensor(1.9485))
INFO:787:train:(4460.73095703125, tensor(1.3125))
INFO:787:test:(7244.61474609375, tensor(1.9754))
INFO:788:train:(4612.24560546875, tensor(1.3498))
INFO:788:test:(7147.6796875, tensor(1.9399))
INFO:789:train:(4894.73095703125, tensor(1.4196))
INFO:789:test:(6953.08642578125, tensor(1.9011))
INFO:790:train:(4588.296875, tensor(1.3585))
INFO:790:test:(7023.40380859375, tensor(1.9217))
INFO:791:train:(4631.62060546875, tensor(1.3351))
INFO:791:test:(7362.79296875, tensor(1.9780))
INFO:792:train:(5201.69287109375, tensor(1.4725))
INFO:792:test:(7360.48046875, tensor(2.0150))
INFO:793:train:(5095.30517578125, tensor(1.4541))
INFO:793:test:(6896.388671875, tensor(1.8944))
INFO:794:train:(4724.0322265625, tensor(1.3889))
INFO:794:test:(6717.13818359375, tensor(1.8272))
INFO:795:train:(4758.048828125, tensor(1.4046))
INFO:795:test:(6872.94775390625, tensor(1.8438))
INFO:796:train:(4851.47998046875, tensor(1.4073))
INFO:796:test:(7159.7255859375, tensor(1.9100))
INFO:797:train:(4721.8408203125, tensor(1.3527))
INFO:797:test:(7250.0908203125, tensor(1.9650))
INFO:798:train:(4555.53369140625, tensor(1.3275))
INFO:798:test:(7277.306640625, tensor(1.9920))
INFO:799:train:(4656.5087890625, tensor(1.3656))
INFO:799:test:(7259.376953125, tensor(2.0062))
INFO:800:train:(4527.55419921875, tensor(1.3240))
INFO:800:test:(7383.73388671875, tensor(2.0156))
INFO:801:train:(4517.7763671875, tensor(1.3025))
INFO:801:test:(7228.484375, tensor(1.9842))
INFO:802:train:(4444.8232421875, tensor(1.2885))
INFO:802:test:(6919.197265625, tensor(1.9309))
INFO:803:train:(4442.37841796875, tensor(1.3140))
INFO:803:test:(6957.88818359375, tensor(1.9236))
INFO:804:train:(4481.7255859375, tensor(1.3269))
INFO:804:test:(6974.9375, tensor(1.9174))
INFO:805:train:(4361.2783203125, tensor(1.2940))
INFO:805:test:(7089.99658203125, tensor(1.9441))
INFO:806:train:(4409.4833984375, tensor(1.2994))
INFO:806:test:(7264.79541015625, tensor(1.9770))
INFO:807:train:(4389.671875, tensor(1.2897))
INFO:807:test:(7333.41015625, tensor(1.9996))
INFO:808:train:(4331.33251953125, tensor(1.2825))
INFO:808:test:(7361.23193359375, tensor(2.0094))
INFO:809:train:(4322.86474609375, tensor(1.2818))
INFO:809:test:(7393.4462890625, tensor(2.0011))
INFO:810:train:(4349.6689453125, tensor(1.2765))
INFO:810:test:(7200.91357421875, tensor(1.9618))
INFO:811:train:(4304.33251953125, tensor(1.2653))
INFO:811:test:(6988.7646484375, tensor(1.9258))
INFO:812:train:(4274.4033203125, tensor(1.2706))
INFO:812:test:(6977.22509765625, tensor(1.9186))
INFO:813:train:(4289.02880859375, tensor(1.2772))
INFO:813:test:(7132.68017578125, tensor(1.9571))
INFO:814:train:(4230.3330078125, tensor(1.2559))
INFO:814:test:(7375.5400390625, tensor(2.0097))
INFO:815:train:(4235.9296875, tensor(1.2498))
INFO:815:test:(7413.63671875, tensor(2.0179))
INFO:816:train:(4236.81689453125, tensor(1.2543))
INFO:816:test:(7341.958984375, tensor(2.0047))
INFO:817:train:(4205.05322265625, tensor(1.2549))
INFO:817:test:(7252.66796875, tensor(1.9843))
INFO:818:train:(4183.8173828125, tensor(1.2503))
INFO:818:test:(7232.6318359375, tensor(1.9756))
INFO:819:train:(4200.330078125, tensor(1.2478))
INFO:819:test:(7246.126953125, tensor(1.9840))
INFO:820:train:(4194.77880859375, tensor(1.2456))
INFO:820:test:(7222.53515625, tensor(1.9797))
INFO:821:train:(4175.92626953125, tensor(1.2519))
INFO:821:test:(7250.1982421875, tensor(1.9851))
INFO:822:train:(4159.3212890625, tensor(1.2490))
INFO:822:test:(7306.7802734375, tensor(1.9962))
INFO:823:train:(4147.4833984375, tensor(1.2398))
INFO:823:test:(7295.5478515625, tensor(1.9937))
INFO:824:train:(4155.6689453125, tensor(1.2408))
INFO:824:test:(7275.283203125, tensor(1.9920))
INFO:825:train:(4169.50048828125, tensor(1.2460))
INFO:825:test:(7225.3046875, tensor(1.9756))
INFO:826:train:(4167.6162109375, tensor(1.2498))
INFO:826:test:(7248.3544921875, tensor(1.9765))
INFO:827:train:(4144.8271484375, tensor(1.2404))
INFO:827:test:(7249.15380859375, tensor(1.9779))
INFO:828:train:(4120.95361328125, tensor(1.2351))
INFO:828:test:(7234.29296875, tensor(1.9821))
INFO:829:train:(4108.744140625, tensor(1.2365))
INFO:829:test:(7271.1806640625, tensor(1.9949))
INFO:830:train:(4148.779296875, tensor(1.2421))
INFO:830:test:(7352.876953125, tensor(2.0073))
INFO:831:train:(4187.40625, tensor(1.2499))
INFO:831:test:(7402.0361328125, tensor(2.0096))
INFO:832:train:(4175.7314453125, tensor(1.2437))
INFO:832:test:(7390.2216796875, tensor(2.0078))
INFO:833:train:(4145.78515625, tensor(1.2453))
INFO:833:test:(7303.255859375, tensor(1.9891))
INFO:834:train:(4095.403564453125, tensor(1.2365))
INFO:834:test:(7271.5107421875, tensor(1.9840))
INFO:835:train:(4139.35595703125, tensor(1.2378))
INFO:835:test:(7289.20556640625, tensor(1.9897))
INFO:836:train:(4203.279296875, tensor(1.2507))
INFO:836:test:(7274.224609375, tensor(1.9903))
INFO:837:train:(4120.6689453125, tensor(1.2411))
INFO:837:test:(7426.41455078125, tensor(2.0185))
INFO:838:train:(4077.3349609375, tensor(1.2284))
INFO:838:test:(7489.40966796875, tensor(2.0272))
INFO:839:train:(4091.7177734375, tensor(1.2258))
INFO:839:test:(7367.712890625, tensor(2.0004))
INFO:840:train:(4109.9599609375, tensor(1.2352))
INFO:840:test:(7339.79638671875, tensor(1.9946))
INFO:841:train:(4114.27099609375, tensor(1.2344))
INFO:841:test:(7320.0986328125, tensor(1.9887))
INFO:842:train:(4063.7978515625, tensor(1.2253))
INFO:842:test:(7347.80078125, tensor(1.9964))
INFO:843:train:(4048.447265625, tensor(1.2233))
INFO:843:test:(7368.58154296875, tensor(2.0035))
INFO:844:train:(4059.004638671875, tensor(1.2247))
INFO:844:test:(7351.9853515625, tensor(1.9989))
INFO:845:train:(4066.32177734375, tensor(1.2237))
INFO:845:test:(7346.37841796875, tensor(1.9975))
INFO:846:train:(4089.476806640625, tensor(1.2295))
INFO:846:test:(7347.5498046875, tensor(1.9935))
INFO:847:train:(4077.3330078125, tensor(1.2289))
INFO:847:test:(7408.74072265625, tensor(2.0091))
INFO:848:train:(4059.58447265625, tensor(1.2263))
INFO:848:test:(7432.8076171875, tensor(2.0148))
INFO:849:train:(4034.18017578125, tensor(1.2173))
INFO:849:test:(7393.9072265625, tensor(2.0095))
INFO:850:train:(4019.44287109375, tensor(1.2143))
INFO:850:test:(7313.51171875, tensor(1.9935))
INFO:851:train:(4030.158447265625, tensor(1.2209))
INFO:851:test:(7316.37548828125, tensor(1.9886))
INFO:852:train:(4060.104736328125, tensor(1.2228))
INFO:852:test:(7379.22314453125, tensor(2.0028))
INFO:853:train:(4116.62451171875, tensor(1.2360))
INFO:853:test:(7429.4697265625, tensor(2.0090))
INFO:854:train:(4063.044677734375, tensor(1.2219))
INFO:854:test:(7444.5693359375, tensor(2.0151))
INFO:855:train:(4014.135009765625, tensor(1.2141))
INFO:855:test:(7383.60546875, tensor(2.0043))
INFO:856:train:(4006.9697265625, tensor(1.2152))
INFO:856:test:(7358.44775390625, tensor(1.9975))
INFO:857:train:(4030.470458984375, tensor(1.2170))
INFO:857:test:(7403.341796875, tensor(2.0079))
INFO:858:train:(4089.273681640625, tensor(1.2289))
INFO:858:test:(7407.8359375, tensor(2.0014))
INFO:859:train:(4059.50634765625, tensor(1.2222))
INFO:859:test:(7406.83349609375, tensor(2.0052))
INFO:860:train:(4033.197265625, tensor(1.2240))
INFO:860:test:(7426.60791015625, tensor(2.0078))
INFO:861:train:(3995.470458984375, tensor(1.2103))
INFO:861:test:(7430.46337890625, tensor(2.0112))
INFO:862:train:(3992.90771484375, tensor(1.2082))
INFO:862:test:(7376.39208984375, tensor(2.0020))
INFO:863:train:(4004.35302734375, tensor(1.2165))
INFO:863:test:(7409.77783203125, tensor(2.0002))
INFO:864:train:(4046.20068359375, tensor(1.2174))
INFO:864:test:(7408.89599609375, tensor(2.0065))
INFO:865:train:(4094.829345703125, tensor(1.2336))
INFO:865:test:(7382.173828125, tensor(2.0019))
INFO:866:train:(4003.77294921875, tensor(1.2125))
INFO:866:test:(7439.37890625, tensor(2.0149))
INFO:867:train:(3984.06640625, tensor(1.2041))
INFO:867:test:(7359.98388671875, tensor(1.9982))
INFO:868:train:(3984.744873046875, tensor(1.2147))
INFO:868:test:(7445.3193359375, tensor(2.0084))
INFO:869:train:(4012.123046875, tensor(1.2087))
INFO:869:test:(7412.47412109375, tensor(2.0091))
INFO:870:train:(4076.61669921875, tensor(1.2281))
INFO:870:test:(7375.2744140625, tensor(1.9987))
INFO:871:train:(4006.54052734375, tensor(1.2121))
INFO:871:test:(7416.529296875, tensor(2.0105))
INFO:872:train:(3981.25634765625, tensor(1.2051))
INFO:872:test:(7385.7041015625, tensor(2.0057))
INFO:873:train:(3965.220458984375, tensor(1.2085))
INFO:873:test:(7476.62939453125, tensor(2.0222))
INFO:874:train:(3955.21240234375, tensor(1.1981))
INFO:874:test:(7387.1123046875, tensor(2.0046))
INFO:875:train:(3956.661865234375, tensor(1.2036))
INFO:875:test:(7339.5458984375, tensor(1.9910))
INFO:876:train:(3978.804931640625, tensor(1.2076))
INFO:876:test:(7366.34716796875, tensor(1.9991))
INFO:877:train:(4067.791015625, tensor(1.2264))
INFO:877:test:(7474.55322265625, tensor(2.0119))
INFO:878:train:(4039.812744140625, tensor(1.2118))
INFO:878:test:(7404.48486328125, tensor(2.0075))
INFO:879:train:(4060.585693359375, tensor(1.2334))
INFO:879:test:(7452.0830078125, tensor(2.0129))
INFO:880:train:(3956.4423828125, tensor(1.1971))
INFO:880:test:(7369.572265625, tensor(2.0015))
INFO:881:train:(3971.2998046875, tensor(1.2043))
INFO:881:test:(7367.00439453125, tensor(2.0038))
INFO:882:train:(4092.40966796875, tensor(1.2306))
INFO:882:test:(7427.685546875, tensor(2.0093))
INFO:883:train:(4012.908935546875, tensor(1.2077))
INFO:883:test:(7430.6328125, tensor(2.0119))
INFO:884:train:(3967.65869140625, tensor(1.2053))
INFO:884:test:(7412.5947265625, tensor(2.0112))
INFO:885:train:(3938.38525390625, tensor(1.2012))
INFO:885:test:(7459.28125, tensor(2.0195))
INFO:886:train:(3996.477783203125, tensor(1.2039))
INFO:886:test:(7290.8896484375, tensor(1.9824))
INFO:887:train:(4080.78759765625, tensor(1.2410))
INFO:887:test:(7428.2587890625, tensor(2.0044))
INFO:888:train:(3972.400634765625, tensor(1.2019))
INFO:888:test:(7499.38232421875, tensor(2.0264))
INFO:889:train:(3970.40966796875, tensor(1.1963))
INFO:889:test:(7344.7802734375, tensor(1.9997))
INFO:890:train:(4059.18896484375, tensor(1.2309))
INFO:890:test:(7376.5390625, tensor(1.9983))
INFO:891:train:(3981.183837890625, tensor(1.2002))
INFO:891:test:(7525.80859375, tensor(2.0313))
INFO:892:train:(4000.323974609375, tensor(1.1948))
INFO:892:test:(7288.26171875, tensor(1.9905))
INFO:893:train:(4128.6298828125, tensor(1.2498))
INFO:893:test:(7519.091796875, tensor(2.0382))
INFO:894:train:(4045.584228515625, tensor(1.2041))
INFO:894:test:(7460.2646484375, tensor(2.0096))
INFO:895:train:(3987.380859375, tensor(1.1962))
INFO:895:test:(7154.11181640625, tensor(1.9522))
INFO:896:train:(4135.8095703125, tensor(1.2679))
INFO:896:test:(7382.03076171875, tensor(2.0047))
INFO:897:train:(3936.50732421875, tensor(1.1959))
INFO:897:test:(7704.7666015625, tensor(2.0631))
INFO:898:train:(4206.171875, tensor(1.2315))
INFO:898:test:(7182.2470703125, tensor(1.9615))
INFO:899:train:(4190.50732421875, tensor(1.2761))
INFO:899:test:(7014.59375, tensor(1.9143))
INFO:900:train:(4225.443359375, tensor(1.2923))
INFO:900:test:(7280.4228515625, tensor(1.9682))
INFO:901:train:(4048.61376953125, tensor(1.2058))
INFO:901:test:(7561.1767578125, tensor(2.0455))
INFO:902:train:(4288.89013671875, tensor(1.2469))
INFO:902:test:(7259.1044921875, tensor(1.9937))
INFO:903:train:(4400.21240234375, tensor(1.2995))
INFO:903:test:(7332.53125, tensor(2.0004))
INFO:904:train:(4321.83837890625, tensor(1.2920))
INFO:904:test:(7297.59375, tensor(1.9680))
INFO:905:train:(4224.9521484375, tensor(1.2309))
INFO:905:test:(7393.27294921875, tensor(2.0009))
INFO:906:train:(4098.99560546875, tensor(1.2067))
INFO:906:test:(7283.494140625, tensor(1.9917))
INFO:907:train:(4103.77978515625, tensor(1.2363))
INFO:907:test:(7270.23974609375, tensor(1.9712))
INFO:908:train:(4097.0703125, tensor(1.2435))
INFO:908:test:(7438.91162109375, tensor(2.0051))
INFO:909:train:(4237.48046875, tensor(1.2512))
INFO:909:test:(7423.4404296875, tensor(1.9906))
INFO:910:train:(4042.5556640625, tensor(1.2011))
INFO:910:test:(7269.845703125, tensor(1.9859))
INFO:911:train:(4037.3095703125, tensor(1.2166))
INFO:911:test:(7282.86083984375, tensor(1.9964))
INFO:912:train:(4222.52587890625, tensor(1.2536))
INFO:912:test:(7290.826171875, tensor(1.9642))
INFO:913:train:(4049.576904296875, tensor(1.2133))
INFO:913:test:(7347.85693359375, tensor(1.9785))
INFO:914:train:(4013.365478515625, tensor(1.2021))
INFO:914:test:(7383.85791015625, tensor(2.0043))
INFO:915:train:(3985.597412109375, tensor(1.2060))
INFO:915:test:(7470.18212890625, tensor(2.0161))
INFO:916:train:(4106.87158203125, tensor(1.2299))
INFO:916:test:(7388.0615234375, tensor(2.0028))
INFO:917:train:(4039.6484375, tensor(1.2208))
INFO:917:test:(7431.03564453125, tensor(1.9848))
INFO:918:train:(3994.093017578125, tensor(1.2035))
INFO:918:test:(7461.22314453125, tensor(1.9828))
INFO:919:train:(4031.596435546875, tensor(1.2121))
INFO:919:test:(7438.39306640625, tensor(1.9971))
INFO:920:train:(4016.461669921875, tensor(1.2103))
INFO:920:test:(7437.65576171875, tensor(2.0071))
INFO:921:train:(3977.971435546875, tensor(1.2012))
INFO:921:test:(7465.65185546875, tensor(2.0053))
INFO:922:train:(3966.364990234375, tensor(1.1953))
INFO:922:test:(7423.2646484375, tensor(1.9882))
INFO:923:train:(4023.90966796875, tensor(1.2070))
INFO:923:test:(7286.17333984375, tensor(1.9603))
INFO:924:train:(3937.70703125, tensor(1.2062))
INFO:924:test:(7302.8798828125, tensor(1.9699))
INFO:925:train:(3966.85009765625, tensor(1.2092))
INFO:925:test:(7450.58984375, tensor(2.0115))
INFO:926:train:(4007.23095703125, tensor(1.2005))
INFO:926:test:(7452.05078125, tensor(2.0039))
INFO:927:train:(3920.84033203125, tensor(1.1839))
INFO:927:test:(7328.869140625, tensor(1.9819))
INFO:928:train:(3937.0439453125, tensor(1.2002))
INFO:928:test:(7380.2265625, tensor(1.9932))
INFO:929:train:(3969.3681640625, tensor(1.2066))
INFO:929:test:(7468.86865234375, tensor(2.0016))
INFO:930:train:(3929.077880859375, tensor(1.1873))
INFO:930:test:(7388.89208984375, tensor(1.9946))
INFO:931:train:(3909.352783203125, tensor(1.1858))
INFO:931:test:(7297.2109375, tensor(1.9837))
INFO:932:train:(3941.7587890625, tensor(1.2025))
INFO:932:test:(7292.072265625, tensor(1.9769))
INFO:933:train:(3944.3369140625, tensor(1.1989))
INFO:933:test:(7314.82666015625, tensor(1.9856))
INFO:934:train:(3916.375732421875, tensor(1.1907))
INFO:934:test:(7299.34814453125, tensor(1.9813))
INFO:935:train:(3910.998046875, tensor(1.1879))
INFO:935:test:(7242.55224609375, tensor(1.9676))
INFO:936:train:(3894.84619140625, tensor(1.1875))
INFO:936:test:(7256.28076171875, tensor(1.9774))
INFO:937:train:(3895.826171875, tensor(1.1880))
INFO:937:test:(7378.9306640625, tensor(2.0056))
INFO:938:train:(3905.81982421875, tensor(1.1824))
INFO:938:test:(7435.99365234375, tensor(2.0200))
INFO:939:train:(3887.983154296875, tensor(1.1811))
INFO:939:test:(7324.3173828125, tensor(1.9901))
INFO:940:train:(3874.681640625, tensor(1.1860))
INFO:940:test:(7180.91796875, tensor(1.9565))
INFO:941:train:(3864.458984375, tensor(1.1913))
INFO:941:test:(7239.37451171875, tensor(1.9662))
INFO:942:train:(3873.627197265625, tensor(1.1837))
INFO:942:test:(7413.0634765625, tensor(1.9976))
INFO:943:train:(3904.95654296875, tensor(1.1809))
INFO:943:test:(7368.37841796875, tensor(1.9975))
INFO:944:train:(3992.800048828125, tensor(1.2096))
INFO:944:test:(7368.130859375, tensor(1.9797))
INFO:945:train:(3875.89892578125, tensor(1.1822))
INFO:945:test:(7376.86962890625, tensor(1.9763))
INFO:946:train:(3898.975341796875, tensor(1.1799))
INFO:946:test:(7242.51025390625, tensor(1.9717))
INFO:947:train:(3959.89453125, tensor(1.2034))
INFO:947:test:(7260.42041015625, tensor(1.9774))
INFO:948:train:(3902.583984375, tensor(1.1894))
INFO:948:test:(7436.62548828125, tensor(2.0058))
INFO:949:train:(3879.76513671875, tensor(1.1726))
INFO:949:test:(7338.78076171875, tensor(1.9886))
INFO:950:train:(3822.12548828125, tensor(1.1709))
INFO:950:test:(7246.2080078125, tensor(1.9740))
INFO:951:train:(3866.416748046875, tensor(1.1878))
INFO:951:test:(7342.18994140625, tensor(1.9912))
INFO:952:train:(3899.69775390625, tensor(1.1816))
INFO:952:test:(7413.265625, tensor(1.9959))
INFO:953:train:(3864.343505859375, tensor(1.1748))
INFO:953:test:(7295.3447265625, tensor(1.9800))
INFO:954:train:(3898.21923828125, tensor(1.1994))
INFO:954:test:(7376.54296875, tensor(1.9914))
INFO:955:train:(3820.905029296875, tensor(1.1708))
INFO:955:test:(7478.35693359375, tensor(2.0067))
INFO:956:train:(3910.212158203125, tensor(1.1761))
INFO:956:test:(7256.3515625, tensor(1.9747))
INFO:957:train:(3949.613037109375, tensor(1.2041))
INFO:957:test:(7202.2314453125, tensor(1.9575))
INFO:958:train:(3881.22216796875, tensor(1.1921))
INFO:958:test:(7464.921875, tensor(1.9994))
INFO:959:train:(3881.9716796875, tensor(1.1688))
INFO:959:test:(7383.4306640625, tensor(2.0015))
INFO:960:train:(3848.98876953125, tensor(1.1691))
INFO:960:test:(7219.45654296875, tensor(1.9736))
INFO:961:train:(3895.851806640625, tensor(1.1912))
INFO:961:test:(7270.345703125, tensor(1.9754))
INFO:962:train:(3818.90966796875, tensor(1.1696))
INFO:962:test:(7364.49658203125, tensor(1.9872))
INFO:963:train:(3846.59765625, tensor(1.1697))
INFO:963:test:(7297.29296875, tensor(1.9861))
INFO:964:train:(3847.21923828125, tensor(1.1823))
INFO:964:test:(7371.90625, tensor(2.0004))
INFO:965:train:(3809.430419921875, tensor(1.1672))
INFO:965:test:(7435.28125, tensor(2.0051))
INFO:966:train:(3833.398681640625, tensor(1.1599))
INFO:966:test:(7245.78466796875, tensor(1.9739))
INFO:967:train:(3802.869873046875, tensor(1.1703))
INFO:967:test:(7233.19482421875, tensor(1.9727))
INFO:968:train:(3849.320556640625, tensor(1.1808))
INFO:968:test:(7416.02978515625, tensor(2.0071))
INFO:969:train:(3888.57373046875, tensor(1.1752))
INFO:969:test:(7408.85693359375, tensor(1.9932))
INFO:970:train:(3820.728759765625, tensor(1.1637))
INFO:970:test:(7232.9970703125, tensor(1.9649))
INFO:971:train:(3832.65087890625, tensor(1.1858))
INFO:971:test:(7390.3525390625, tensor(1.9939))
INFO:972:train:(3779.803466796875, tensor(1.1586))
INFO:972:test:(7539.07861328125, tensor(2.0235))
INFO:973:train:(3814.979736328125, tensor(1.1570))
INFO:973:test:(7304.16796875, tensor(1.9838))
INFO:974:train:(3835.144775390625, tensor(1.1802))
INFO:974:test:(7259.71142578125, tensor(1.9651))
INFO:975:train:(3843.9140625, tensor(1.1768))
INFO:975:test:(7401.279296875, tensor(1.9926))
INFO:976:train:(3859.00341796875, tensor(1.1634))
INFO:976:test:(7360.240234375, tensor(1.9868))
INFO:977:train:(3788.12939453125, tensor(1.1609))
INFO:977:test:(7255.61083984375, tensor(1.9687))
INFO:978:train:(3812.259033203125, tensor(1.1789))
INFO:978:test:(7388.927734375, tensor(1.9880))
INFO:979:train:(3771.27197265625, tensor(1.1558))
INFO:979:test:(7428.68896484375, tensor(1.9988))
INFO:980:train:(3805.2939453125, tensor(1.1572))
INFO:980:test:(7227.82275390625, tensor(1.9737))
INFO:981:train:(3893.7724609375, tensor(1.1939))
INFO:981:test:(7292.66162109375, tensor(1.9713))
INFO:982:train:(3826.572021484375, tensor(1.1716))
INFO:982:test:(7508.44091796875, tensor(2.0144))
INFO:983:train:(3834.594482421875, tensor(1.1585))
INFO:983:test:(7379.56689453125, tensor(2.0020))
INFO:984:train:(3793.319580078125, tensor(1.1598))
INFO:984:test:(7225.66552734375, tensor(1.9697))
INFO:985:train:(3779.0107421875, tensor(1.1681))
INFO:985:test:(7285.46728515625, tensor(1.9647))
INFO:986:train:(3795.1669921875, tensor(1.1604))
INFO:986:test:(7374.453125, tensor(1.9884))
INFO:987:train:(3763.255615234375, tensor(1.1534))
INFO:987:test:(7379.0576171875, tensor(2.0008))
INFO:988:train:(3790.981689453125, tensor(1.1638))
INFO:988:test:(7408.2763671875, tensor(1.9980))
INFO:989:train:(3770.29150390625, tensor(1.1559))
INFO:989:test:(7358.73828125, tensor(1.9811))
INFO:990:train:(3852.70361328125, tensor(1.1693))
INFO:990:test:(7292.677734375, tensor(1.9660))
INFO:991:train:(3812.121337890625, tensor(1.1691))
INFO:991:test:(7347.42333984375, tensor(1.9897))
INFO:992:train:(3789.88134765625, tensor(1.1645))
INFO:992:test:(7444.931640625, tensor(2.0050))
INFO:993:train:(3781.028564453125, tensor(1.1528))
INFO:993:test:(7314.8037109375, tensor(1.9730))
INFO:994:train:(3766.01953125, tensor(1.1562))
INFO:994:test:(7288.0546875, tensor(1.9629))
INFO:995:train:(3766.479736328125, tensor(1.1619))
INFO:995:test:(7412.0498046875, tensor(1.9925))
INFO:996:train:(3746.7861328125, tensor(1.1529))
INFO:996:test:(7481.59375, tensor(2.0129))
INFO:997:train:(3755.370361328125, tensor(1.1518))
INFO:997:test:(7355.6298828125, tensor(1.9822))
INFO:998:train:(3739.48974609375, tensor(1.1519))
INFO:998:test:(7235.08642578125, tensor(1.9575))
INFO:999:train:(3753.802001953125, tensor(1.1579))
INFO:999:test:(7303.546875, tensor(1.9652))
