INFO:0:train:(8666.703125, tensor(2.0701))
INFO:0:test:(6262.8017578125, tensor(1.4682))
INFO:1:train:(7975.9853515625, tensor(1.9210))
INFO:1:test:(5530.80908203125, tensor(1.3250))
INFO:2:train:(7390.56396484375, tensor(1.8177))
INFO:2:test:(4896.6630859375, tensor(1.2194))
INFO:3:train:(6912.3896484375, tensor(1.7545))
INFO:3:test:(4416.06103515625, tensor(1.1606))
INFO:4:train:(6586.6015625, tensor(1.7379))
INFO:4:test:(4169.076171875, tensor(1.1560))
INFO:5:train:(6469.376953125, tensor(1.7682))
INFO:5:test:(4180.970703125, tensor(1.1890))
INFO:6:train:(6562.1533203125, tensor(1.8198))
INFO:6:test:(4234.61669921875, tensor(1.2123))
INFO:7:train:(6645.6484375, tensor(1.8494))
INFO:7:test:(4205.9404296875, tensor(1.2113))
INFO:8:train:(6621.810546875, tensor(1.8502))
INFO:8:test:(4131.0966796875, tensor(1.1932))
INFO:9:train:(6532.3427734375, tensor(1.8311))
INFO:9:test:(4065.83203125, tensor(1.1698))
INFO:10:train:(6441.958984375, tensor(1.8038))
INFO:10:test:(4045.465087890625, tensor(1.1498))
INFO:11:train:(6390.04736328125, tensor(1.7771))
INFO:11:test:(4063.698486328125, tensor(1.1369))
INFO:12:train:(6374.48583984375, tensor(1.7559))
INFO:12:test:(4101.392578125, tensor(1.1304))
INFO:13:train:(6381.45458984375, tensor(1.7413))
INFO:13:test:(4139.54150390625, tensor(1.1278))
INFO:14:train:(6395.7236328125, tensor(1.7325))
INFO:14:test:(4163.91650390625, tensor(1.1267))
INFO:15:train:(6406.0888671875, tensor(1.7278))
INFO:15:test:(4169.0, tensor(1.1257))
INFO:16:train:(6407.46240234375, tensor(1.7260))
INFO:16:test:(4153.93310546875, tensor(1.1240))
INFO:17:train:(6397.677734375, tensor(1.7260))
INFO:17:test:(4122.50830078125, tensor(1.1226))
INFO:18:train:(6379.86865234375, tensor(1.7286))
INFO:18:test:(4089.01806640625, tensor(1.1250))
INFO:19:train:(6367.39892578125, tensor(1.7366))
INFO:19:test:(4064.93994140625, tensor(1.1302))
INFO:20:train:(6365.0810546875, tensor(1.7473))
INFO:20:test:(4038.9697265625, tensor(1.1323))
INFO:21:train:(6355.423828125, tensor(1.7537))
INFO:21:test:(4020.612060546875, tensor(1.1332))
INFO:22:train:(6346.546875, tensor(1.7573))
INFO:22:test:(4011.57861328125, tensor(1.1332))
INFO:23:train:(6340.9384765625, tensor(1.7583))
INFO:23:test:(4006.489990234375, tensor(1.1315))
INFO:24:train:(6335.00732421875, tensor(1.7566))
INFO:24:test:(4006.314453125, tensor(1.1293))
INFO:25:train:(6330.630859375, tensor(1.7534))
INFO:25:test:(4012.424072265625, tensor(1.1279))
INFO:26:train:(6331.2490234375, tensor(1.7507))
INFO:26:test:(4018.4208984375, tensor(1.1275))
INFO:27:train:(6333.4794921875, tensor(1.7494))
INFO:27:test:(4018.566650390625, tensor(1.1276))
INFO:28:train:(6333.5263671875, tensor(1.7494))
INFO:28:test:(4013.593994140625, tensor(1.1279))
INFO:29:train:(6331.03076171875, tensor(1.7505))
INFO:29:test:(4006.58984375, tensor(1.1287))
INFO:30:train:(6328.7197265625, tensor(1.7525))
INFO:30:test:(4001.9775390625, tensor(1.1297))
INFO:31:train:(6327.61572265625, tensor(1.7544))
INFO:31:test:(3999.99755859375, tensor(1.1299))
INFO:32:train:(6326.80126953125, tensor(1.7549))
INFO:32:test:(4000.083984375, tensor(1.1289))
INFO:33:train:(6324.69140625, tensor(1.7535))
INFO:33:test:(4001.965576171875, tensor(1.1269))
INFO:34:train:(6321.71875, tensor(1.7505))
INFO:34:test:(4005.62744140625, tensor(1.1249))
INFO:35:train:(6320.798828125, tensor(1.7473))
INFO:35:test:(4009.82177734375, tensor(1.1236))
INFO:36:train:(6320.765625, tensor(1.7449))
INFO:36:test:(4011.55908203125, tensor(1.1231))
INFO:37:train:(6320.3115234375, tensor(1.7439))
INFO:37:test:(4009.51416015625, tensor(1.1231))
INFO:38:train:(6319.24365234375, tensor(1.7443))
INFO:38:test:(4005.342041015625, tensor(1.1238))
INFO:39:train:(6317.7431640625, tensor(1.7456))
INFO:39:test:(4001.73876953125, tensor(1.1247))
INFO:40:train:(6317.28515625, tensor(1.7474))
INFO:40:test:(3999.21533203125, tensor(1.1254))
INFO:41:train:(6317.06298828125, tensor(1.7486))
INFO:41:test:(3998.101806640625, tensor(1.1253))
INFO:42:train:(6316.1787109375, tensor(1.7486))
INFO:42:test:(3998.200927734375, tensor(1.1247))
INFO:43:train:(6314.89892578125, tensor(1.7477))
INFO:43:test:(3999.048095703125, tensor(1.1239))
INFO:44:train:(6314.08740234375, tensor(1.7465))
INFO:44:test:(4000.14892578125, tensor(1.1234))
INFO:45:train:(6313.77294921875, tensor(1.7457))
INFO:45:test:(3999.900634765625, tensor(1.1234))
INFO:46:train:(6313.41796875, tensor(1.7456))
INFO:46:test:(3997.704833984375, tensor(1.1237))
INFO:47:train:(6312.78564453125, tensor(1.7464))
INFO:47:test:(3994.780029296875, tensor(1.1243))
INFO:48:train:(6312.0380859375, tensor(1.7476))
INFO:48:test:(3991.8798828125, tensor(1.1249))
INFO:49:train:(6311.3427734375, tensor(1.7487))
INFO:49:test:(3990.3720703125, tensor(1.1252))
INFO:50:train:(6310.6611328125, tensor(1.7492))
INFO:50:test:(3990.158447265625, tensor(1.1248))
INFO:51:train:(6310.10205078125, tensor(1.7488))
INFO:51:test:(3990.950439453125, tensor(1.1241))
INFO:52:train:(6309.05615234375, tensor(1.7476))
INFO:52:test:(3992.972900390625, tensor(1.1232))
INFO:53:train:(6308.32568359375, tensor(1.7462))
INFO:53:test:(3994.27294921875, tensor(1.1226))
INFO:54:train:(6307.7099609375, tensor(1.7451))
INFO:54:test:(3994.32763671875, tensor(1.1223))
INFO:55:train:(6307.26416015625, tensor(1.7446))
INFO:55:test:(3993.105224609375, tensor(1.1223))
INFO:56:train:(6306.65673828125, tensor(1.7448))
INFO:56:test:(3991.244384765625, tensor(1.1226))
INFO:57:train:(6305.95068359375, tensor(1.7454))
INFO:57:test:(3989.673095703125, tensor(1.1228))
INFO:58:train:(6305.40185546875, tensor(1.7459))
INFO:58:test:(3988.80908203125, tensor(1.1229))
INFO:59:train:(6304.640625, tensor(1.7460))
INFO:59:test:(3988.482666015625, tensor(1.1226))
INFO:60:train:(6303.966796875, tensor(1.7456))
INFO:60:test:(3988.919189453125, tensor(1.1223))
INFO:61:train:(6303.3310546875, tensor(1.7451))
INFO:61:test:(3989.113525390625, tensor(1.1221))
INFO:62:train:(6302.41552734375, tensor(1.7446))
INFO:62:test:(3988.666748046875, tensor(1.1220))
INFO:63:train:(6301.77783203125, tensor(1.7446))
INFO:63:test:(3986.962646484375, tensor(1.1222))
INFO:64:train:(6301.0234375, tensor(1.7450))
INFO:64:test:(3985.046630859375, tensor(1.1225))
INFO:65:train:(6300.2431640625, tensor(1.7456))
INFO:65:test:(3983.36083984375, tensor(1.1229))
INFO:66:train:(6299.89794921875, tensor(1.7461))
INFO:66:test:(3982.451904296875, tensor(1.1229))
INFO:67:train:(6298.560546875, tensor(1.7463))
INFO:67:test:(3982.21630859375, tensor(1.1228))
INFO:68:train:(6298.0517578125, tensor(1.7459))
INFO:68:test:(3982.588623046875, tensor(1.1225))
INFO:69:train:(6296.68359375, tensor(1.7453))
INFO:69:test:(3983.093505859375, tensor(1.1222))
INFO:70:train:(6295.16259765625, tensor(1.7447))
INFO:70:test:(3982.838623046875, tensor(1.1221))
INFO:71:train:(6293.83740234375, tensor(1.7445))
INFO:71:test:(3982.0810546875, tensor(1.1223))
INFO:72:train:(6292.0517578125, tensor(1.7445))
INFO:72:test:(3981.181884765625, tensor(1.1227))
INFO:73:train:(6290.0341796875, tensor(1.7449))
INFO:73:test:(3980.557861328125, tensor(1.1233))
INFO:74:train:(6287.57177734375, tensor(1.7452))
INFO:74:test:(3981.71044921875, tensor(1.1238))
INFO:75:train:(6284.27880859375, tensor(1.7452))
INFO:75:test:(3985.606689453125, tensor(1.1240))
INFO:76:train:(6280.48193359375, tensor(1.7440))
INFO:76:test:(3993.636962890625, tensor(1.1240))
INFO:77:train:(6275.25341796875, tensor(1.7415))
INFO:77:test:(4006.28076171875, tensor(1.1256))
INFO:78:train:(6268.849609375, tensor(1.7398))
INFO:78:test:(4027.77734375, tensor(1.1289))
INFO:79:train:(6260.6455078125, tensor(1.7380))
INFO:79:test:(4057.232421875, tensor(1.1279))
INFO:80:train:(6252.755859375, tensor(1.7283))
INFO:80:test:(4066.718505859375, tensor(1.1529))
INFO:81:train:(6270.92431640625, tensor(1.7569))
INFO:81:test:(4100.73095703125, tensor(1.1272))
INFO:82:train:(6243.0380859375, tensor(1.7138))
INFO:82:test:(4086.1328125, tensor(1.1264))
INFO:83:train:(6229.62353515625, tensor(1.7124))
INFO:83:test:(4016.246337890625, tensor(1.1331))
INFO:84:train:(6210.39111328125, tensor(1.7300))
INFO:84:test:(3998.072265625, tensor(1.1381))
INFO:85:train:(6208.71435546875, tensor(1.7367))
INFO:85:test:(4035.532958984375, tensor(1.1322))
INFO:86:train:(6176.572265625, tensor(1.7129))
INFO:86:test:(4193.44140625, tensor(1.1443))
INFO:87:train:(6168.884765625, tensor(1.6831))
INFO:87:test:(4165.61865234375, tensor(1.1585))
INFO:88:train:(6125.216796875, tensor(1.6898))
INFO:88:test:(4125.9892578125, tensor(1.1643))
INFO:89:train:(6137.6103515625, tensor(1.7112))
INFO:89:test:(4345.73388671875, tensor(1.1786))
INFO:90:train:(6111.14794921875, tensor(1.6681))
INFO:90:test:(4281.16357421875, tensor(1.1729))
INFO:91:train:(6079.150390625, tensor(1.6659))
INFO:91:test:(4184.62109375, tensor(1.1733))
INFO:92:train:(6066.44482421875, tensor(1.6808))
INFO:92:test:(4153.95556640625, tensor(1.1671))
INFO:93:train:(6065.86767578125, tensor(1.6704))
INFO:93:test:(4138.48095703125, tensor(1.1568))
INFO:94:train:(6039.4697265625, tensor(1.6605))
INFO:94:test:(4220.4072265625, tensor(1.1655))
INFO:95:train:(6035.53662109375, tensor(1.6546))
INFO:95:test:(4108.91650390625, tensor(1.1449))
INFO:96:train:(6033.37158203125, tensor(1.6585))
INFO:96:test:(4138.48583984375, tensor(1.1579))
INFO:97:train:(6019.44775390625, tensor(1.6590))
INFO:97:test:(4344.77490234375, tensor(1.2018))
INFO:98:train:(6094.1689453125, tensor(1.6789))
INFO:98:test:(3954.7900390625, tensor(1.1153))
INFO:99:train:(6135.42822265625, tensor(1.6727))
INFO:99:test:(3883.596923828125, tensor(1.1058))
INFO:100:train:(6091.62841796875, tensor(1.6845))
INFO:100:test:(3971.587158203125, tensor(1.1248))
INFO:101:train:(6130.2041015625, tensor(1.7047))
INFO:101:test:(3942.645263671875, tensor(1.1165))
INFO:102:train:(6096.560546875, tensor(1.6930))
INFO:102:test:(3937.691650390625, tensor(1.1108))
INFO:103:train:(6064.7744140625, tensor(1.6759))
INFO:103:test:(3965.49658203125, tensor(1.1135))
INFO:104:train:(6043.06494140625, tensor(1.6606))
INFO:104:test:(4164.55419921875, tensor(1.1534))
INFO:105:train:(6126.2744140625, tensor(1.6670))
INFO:105:test:(3937.09521484375, tensor(1.1312))
INFO:106:train:(6047.009765625, tensor(1.6842))
INFO:106:test:(3950.696044921875, tensor(1.1299))
INFO:107:train:(6048.89453125, tensor(1.6849))
INFO:107:test:(4050.77197265625, tensor(1.1282))
INFO:108:train:(6044.35986328125, tensor(1.6633))
INFO:108:test:(4168.92724609375, tensor(1.1391))
INFO:109:train:(6058.2880859375, tensor(1.6527))
INFO:109:test:(4152.77197265625, tensor(1.1467))
INFO:110:train:(6024.4462890625, tensor(1.6556))
INFO:110:test:(4160.0712890625, tensor(1.1657))
INFO:111:train:(6023.7802734375, tensor(1.6680))
INFO:111:test:(4213.16064453125, tensor(1.1746))
INFO:112:train:(6000.8134765625, tensor(1.6571))
INFO:112:test:(3936.032958984375, tensor(1.1235))
INFO:113:train:(6060.79833984375, tensor(1.6782))
INFO:113:test:(4039.6455078125, tensor(1.1181))
INFO:114:train:(6086.60302734375, tensor(1.6552))
INFO:114:test:(4087.35009765625, tensor(1.1223))
INFO:115:train:(6082.08544921875, tensor(1.6469))
INFO:115:test:(4016.439453125, tensor(1.1285))
INFO:116:train:(6015.884765625, tensor(1.6529))
INFO:116:test:(4151.27880859375, tensor(1.1644))
INFO:117:train:(5991.99658203125, tensor(1.6504))
INFO:117:test:(4531.5009765625, tensor(1.2336))
INFO:118:train:(6008.74365234375, tensor(1.6456))
INFO:118:test:(4402.16162109375, tensor(1.2078))
INFO:119:train:(5960.4990234375, tensor(1.6386))
INFO:119:test:(4139.80712890625, tensor(1.1584))
INFO:120:train:(5933.23046875, tensor(1.6400))
INFO:120:test:(4081.181884765625, tensor(1.1375))
INFO:121:train:(5902.30810546875, tensor(1.6277))
INFO:121:test:(4067.07421875, tensor(1.1298))
INFO:122:train:(5871.79150390625, tensor(1.6167))
INFO:122:test:(3907.797607421875, tensor(1.1149))
INFO:123:train:(5827.20458984375, tensor(1.6242))
INFO:123:test:(3871.37841796875, tensor(1.1126))
INFO:124:train:(5720.615234375, tensor(1.6042))
INFO:124:test:(4641.53076171875, tensor(1.2803))
INFO:125:train:(6199.19091796875, tensor(1.6962))
INFO:125:test:(3900.57861328125, tensor(1.1609))
INFO:126:train:(6258.3115234375, tensor(1.7574))
INFO:126:test:(3847.966796875, tensor(1.1339))
INFO:127:train:(6232.12109375, tensor(1.7504))
INFO:127:test:(3957.059814453125, tensor(1.1056))
INFO:128:train:(6222.3115234375, tensor(1.6978))
INFO:128:test:(4168.953125, tensor(1.1112))
INFO:129:train:(6333.1962890625, tensor(1.6801))
INFO:129:test:(4223.1357421875, tensor(1.1139))
INFO:130:train:(6362.3662109375, tensor(1.6780))
INFO:130:test:(4115.54931640625, tensor(1.1099))
INFO:131:train:(6300.43994140625, tensor(1.6868))
INFO:131:test:(3999.014892578125, tensor(1.1198))
INFO:132:train:(6263.88232421875, tensor(1.7176))
INFO:132:test:(3963.93115234375, tensor(1.1417))
INFO:133:train:(6292.8583984375, tensor(1.7567))
INFO:133:test:(3942.0703125, tensor(1.1473))
INFO:134:train:(6287.62060546875, tensor(1.7692))
INFO:134:test:(3949.139404296875, tensor(1.1372))
INFO:135:train:(6268.7734375, tensor(1.7546))
INFO:135:test:(3995.5009765625, tensor(1.1265))
INFO:136:train:(6268.986328125, tensor(1.7331))
INFO:136:test:(4040.1513671875, tensor(1.1180))
INFO:137:train:(6273.5341796875, tensor(1.7148))
INFO:137:test:(4055.43603515625, tensor(1.1115))
INFO:138:train:(6268.923828125, tensor(1.7040))
INFO:138:test:(4035.2177734375, tensor(1.1091))
INFO:139:train:(6252.57177734375, tensor(1.7034))
INFO:139:test:(4004.23388671875, tensor(1.1142))
INFO:140:train:(6242.4873046875, tensor(1.7143))
INFO:140:test:(3987.9599609375, tensor(1.1247))
INFO:141:train:(6250.51806640625, tensor(1.7312))
INFO:141:test:(3969.99462890625, tensor(1.1302))
INFO:142:train:(6247.5732421875, tensor(1.7414))
INFO:142:test:(3945.300537109375, tensor(1.1268))
INFO:143:train:(6222.04296875, tensor(1.7388))
INFO:143:test:(3949.798583984375, tensor(1.1227))
INFO:144:train:(6210.78369140625, tensor(1.7311))
INFO:144:test:(3979.398193359375, tensor(1.1222))
INFO:145:train:(6217.68896484375, tensor(1.7244))
INFO:145:test:(4000.86474609375, tensor(1.1219))
INFO:146:train:(6218.720703125, tensor(1.7185))
INFO:146:test:(3996.740478515625, tensor(1.1197))
INFO:147:train:(6205.04736328125, tensor(1.7140))
INFO:147:test:(3976.14892578125, tensor(1.1188))
INFO:148:train:(6184.33349609375, tensor(1.7135))
INFO:148:test:(3962.604736328125, tensor(1.1226))
INFO:149:train:(6172.8740234375, tensor(1.7187))
INFO:149:test:(3966.927734375, tensor(1.1280))
INFO:150:train:(6175.5751953125, tensor(1.7241))
INFO:150:test:(3976.3232421875, tensor(1.1268))
INFO:151:train:(6165.4716796875, tensor(1.7183))
INFO:151:test:(3992.004150390625, tensor(1.1211))
INFO:152:train:(6145.9609375, tensor(1.7042))
INFO:152:test:(4012.13330078125, tensor(1.1192))
INFO:153:train:(6134.0380859375, tensor(1.6949))
INFO:153:test:(4012.235595703125, tensor(1.1219))
INFO:154:train:(6120.173828125, tensor(1.6959))
INFO:154:test:(4009.880615234375, tensor(1.1280))
INFO:155:train:(6104.5390625, tensor(1.6995))
INFO:155:test:(4009.61572265625, tensor(1.1316))
INFO:156:train:(6085.3486328125, tensor(1.6981))
INFO:156:test:(4032.68017578125, tensor(1.1321))
INFO:157:train:(6070.31884765625, tensor(1.6841))
INFO:157:test:(4070.00390625, tensor(1.1382))
INFO:158:train:(6052.64599609375, tensor(1.6767))
INFO:158:test:(4123.5537109375, tensor(1.1494))
INFO:159:train:(6042.3232421875, tensor(1.6820))
INFO:159:test:(4232.35400390625, tensor(1.1536))
INFO:160:train:(6040.33154296875, tensor(1.6536))
INFO:160:test:(4192.865234375, tensor(1.1550))
INFO:161:train:(6016.70458984375, tensor(1.6642))
INFO:161:test:(4134.3251953125, tensor(1.1522))
INFO:162:train:(6021.02099609375, tensor(1.6751))
INFO:162:test:(4223.5673828125, tensor(1.1563))
INFO:163:train:(6004.47314453125, tensor(1.6510))
INFO:163:test:(4202.697265625, tensor(1.1588))
INFO:164:train:(5989.595703125, tensor(1.6511))
INFO:164:test:(4121.3994140625, tensor(1.1619))
INFO:165:train:(5998.97607421875, tensor(1.6706))
INFO:165:test:(4260.84423828125, tensor(1.1740))
INFO:166:train:(5998.93212890625, tensor(1.6454))
INFO:166:test:(4178.955078125, tensor(1.1643))
INFO:167:train:(5984.0107421875, tensor(1.6580))
INFO:167:test:(4101.21630859375, tensor(1.1498))
INFO:168:train:(5971.9033203125, tensor(1.6502))
INFO:168:test:(4104.0673828125, tensor(1.1465))
INFO:169:train:(5991.13037109375, tensor(1.6464))
INFO:169:test:(4036.48681640625, tensor(1.1435))
INFO:170:train:(5985.13623046875, tensor(1.6567))
INFO:170:test:(4063.668701171875, tensor(1.1430))
INFO:171:train:(5971.23828125, tensor(1.6479))
INFO:171:test:(4144.46875, tensor(1.1500))
INFO:172:train:(5956.1943359375, tensor(1.6372))
INFO:172:test:(4160.99072265625, tensor(1.1567))
INFO:173:train:(5953.310546875, tensor(1.6491))
INFO:173:test:(4263.29638671875, tensor(1.1674))
INFO:174:train:(5956.0712890625, tensor(1.6364))
INFO:174:test:(4167.3369140625, tensor(1.1573))
INFO:175:train:(5922.90576171875, tensor(1.6365))
INFO:175:test:(4037.663330078125, tensor(1.1462))
INFO:176:train:(5930.51904296875, tensor(1.6514))
INFO:176:test:(4158.603515625, tensor(1.1534))
INFO:177:train:(5937.35546875, tensor(1.6333))
INFO:177:test:(4017.244140625, tensor(1.1411))
INFO:178:train:(5915.46435546875, tensor(1.6485))
INFO:178:test:(4021.669677734375, tensor(1.1380))
INFO:179:train:(5902.8642578125, tensor(1.6433))
INFO:179:test:(4130.07568359375, tensor(1.1453))
INFO:180:train:(5905.63818359375, tensor(1.6287))
INFO:180:test:(3986.405029296875, tensor(1.1372))
INFO:181:train:(5897.216796875, tensor(1.6501))
INFO:181:test:(4116.1591796875, tensor(1.1455))
INFO:182:train:(5879.74365234375, tensor(1.6262))
INFO:182:test:(3979.570068359375, tensor(1.1369))
INFO:183:train:(5870.99609375, tensor(1.6434))
INFO:183:test:(4083.152099609375, tensor(1.1396))
INFO:184:train:(5854.76171875, tensor(1.6166))
INFO:184:test:(3998.197265625, tensor(1.1437))
INFO:185:train:(5875.41845703125, tensor(1.6449))
INFO:185:test:(4021.47265625, tensor(1.1386))
INFO:186:train:(5827.248046875, tensor(1.6221))
INFO:186:test:(4022.9013671875, tensor(1.1304))
INFO:187:train:(5816.02197265625, tensor(1.6073))
INFO:187:test:(3934.729736328125, tensor(1.1291))
INFO:188:train:(5759.1259765625, tensor(1.6111))
INFO:188:test:(3985.788330078125, tensor(1.1471))
INFO:189:train:(5788.25, tensor(1.6229))
INFO:189:test:(4174.107421875, tensor(1.2048))
INFO:190:train:(6124.8203125, tensor(1.7287))
INFO:190:test:(4161.38525390625, tensor(1.1450))
INFO:191:train:(5972.41162109375, tensor(1.6467))
INFO:191:test:(4387.96240234375, tensor(1.1538))
INFO:192:train:(6120.7529296875, tensor(1.6364))
INFO:192:test:(4296.41796875, tensor(1.1438))
INFO:193:train:(6059.44873046875, tensor(1.6294))
INFO:193:test:(4051.94482421875, tensor(1.1363))
INFO:194:train:(5910.53564453125, tensor(1.6524))
INFO:194:test:(4046.72802734375, tensor(1.1727))
INFO:195:train:(5987.76416015625, tensor(1.7071))
INFO:195:test:(4005.899658203125, tensor(1.1671))
INFO:196:train:(5943.68701171875, tensor(1.6882))
INFO:196:test:(4194.8681640625, tensor(1.1609))
INFO:197:train:(6098.4560546875, tensor(1.6482))
INFO:197:test:(4409.59912109375, tensor(1.1714))
INFO:198:train:(6300.3310546875, tensor(1.6575))
INFO:198:test:(3911.4482421875, tensor(1.1225))
INFO:199:train:(5883.35546875, tensor(1.6427))
INFO:199:test:(3998.0078125, tensor(1.1733))
INFO:200:train:(6114.93212890625, tensor(1.7314))
INFO:200:test:(3971.134765625, tensor(1.1553))
INFO:201:train:(6097.19482421875, tensor(1.7264))
INFO:201:test:(3944.023681640625, tensor(1.1134))
INFO:202:train:(5987.42822265625, tensor(1.6679))
INFO:202:test:(4048.18017578125, tensor(1.0984))
INFO:203:train:(6047.31494140625, tensor(1.6325))
INFO:203:test:(4167.140625, tensor(1.1055))
INFO:204:train:(6091.65283203125, tensor(1.6182))
INFO:204:test:(4106.4306640625, tensor(1.0954))
INFO:205:train:(6085.93359375, tensor(1.6168))
INFO:205:test:(4061.482421875, tensor(1.1060))
INFO:206:train:(5983.7861328125, tensor(1.6206))
INFO:206:test:(4010.6767578125, tensor(1.1182))
INFO:207:train:(6014.95556640625, tensor(1.6642))
INFO:207:test:(4010.47998046875, tensor(1.1352))
INFO:208:train:(6137.009765625, tensor(1.7078))
INFO:208:test:(4026.909912109375, tensor(1.1449))
INFO:209:train:(6168.75390625, tensor(1.7198))
INFO:209:test:(3961.3984375, tensor(1.1309))
INFO:210:train:(6133.5234375, tensor(1.7074))
INFO:210:test:(3955.1533203125, tensor(1.1194))
INFO:211:train:(6061.40185546875, tensor(1.6810))
INFO:211:test:(4016.688232421875, tensor(1.1183))
INFO:212:train:(6046.140625, tensor(1.6625))
INFO:212:test:(4052.474609375, tensor(1.1179))
INFO:213:train:(6036.46728515625, tensor(1.6505))
INFO:213:test:(4031.080810546875, tensor(1.1138))
INFO:214:train:(5988.6318359375, tensor(1.6414))
INFO:214:test:(3979.927734375, tensor(1.1122))
INFO:215:train:(5930.0009765625, tensor(1.6391))
INFO:215:test:(3959.088623046875, tensor(1.1204))
INFO:216:train:(5907.42578125, tensor(1.6458))
INFO:216:test:(4002.99658203125, tensor(1.1376))
INFO:217:train:(5964.77685546875, tensor(1.6650))
INFO:217:test:(4003.77880859375, tensor(1.1432))
INFO:218:train:(5939.845703125, tensor(1.6603))
INFO:218:test:(4004.234130859375, tensor(1.1275))
INFO:219:train:(5848.9296875, tensor(1.6269))
INFO:219:test:(4081.30224609375, tensor(1.1308))
INFO:220:train:(5836.20263671875, tensor(1.6086))
INFO:220:test:(4163.7626953125, tensor(1.1509))
INFO:221:train:(5827.31103515625, tensor(1.6060))
INFO:221:test:(4056.16259765625, tensor(1.1519))
INFO:222:train:(5785.18798828125, tensor(1.6245))
INFO:222:test:(4026.770751953125, tensor(1.1583))
INFO:223:train:(5793.6123046875, tensor(1.6412))
INFO:223:test:(3929.23681640625, tensor(1.1297))
INFO:224:train:(5705.556640625, tensor(1.6157))
INFO:224:test:(3979.21484375, tensor(1.1270))
INFO:225:train:(5607.85546875, tensor(1.5708))
INFO:225:test:(3942.263427734375, tensor(1.1290))
INFO:226:train:(5577.6728515625, tensor(1.5663))
INFO:226:test:(3897.202880859375, tensor(1.1412))
INFO:227:train:(5581.74853515625, tensor(1.5999))
INFO:227:test:(3893.257080078125, tensor(1.1503))
INFO:228:train:(5520.2587890625, tensor(1.5867))
INFO:228:test:(3861.013916015625, tensor(1.1386))
INFO:229:train:(5467.05908203125, tensor(1.5545))
INFO:229:test:(3862.18017578125, tensor(1.1413))
INFO:230:train:(5496.29736328125, tensor(1.5484))
INFO:230:test:(3858.693359375, tensor(1.1421))
INFO:231:train:(5860.18359375, tensor(1.6593))
INFO:231:test:(3799.002197265625, tensor(1.1248))
INFO:232:train:(5466.2744140625, tensor(1.5440))
INFO:232:test:(3819.426025390625, tensor(1.1271))
INFO:233:train:(5455.0859375, tensor(1.5392))
INFO:233:test:(3852.257568359375, tensor(1.1471))
INFO:234:train:(5802.021484375, tensor(1.6538))
INFO:234:test:(3845.670166015625, tensor(1.1420))
INFO:235:train:(5876.880859375, tensor(1.6718))
INFO:235:test:(3842.27734375, tensor(1.1216))
INFO:236:train:(5518.70068359375, tensor(1.5622))
INFO:236:test:(3828.99365234375, tensor(1.1089))
INFO:237:train:(5650.44873046875, tensor(1.5550))
INFO:237:test:(3760.07080078125, tensor(1.1136))
INFO:238:train:(5378.6123046875, tensor(1.5391))
INFO:238:test:(3766.110595703125, tensor(1.1293))
INFO:239:train:(5515.70849609375, tensor(1.6032))
INFO:239:test:(4275.19189453125, tensor(1.2197))
INFO:240:train:(6808.5908203125, tensor(1.7991))
INFO:240:test:(5045.51318359375, tensor(1.3888))
INFO:241:train:(7027.9130859375, tensor(1.8666))
INFO:241:test:(4822.56787109375, tensor(1.3272))
INFO:242:train:(6816.37109375, tensor(1.8317))
INFO:242:test:(4589.16064453125, tensor(1.2645))
INFO:243:train:(6692.693359375, tensor(1.8168))
INFO:243:test:(4116.84033203125, tensor(1.1720))
INFO:244:train:(6294.3359375, tensor(1.7621))
INFO:244:test:(4017.537109375, tensor(1.1396))
INFO:245:train:(6214.482421875, tensor(1.7348))
INFO:245:test:(4011.106689453125, tensor(1.1143))
INFO:246:train:(6212.9912109375, tensor(1.7085))
INFO:246:test:(4083.52001953125, tensor(1.1080))
INFO:247:train:(6267.56640625, tensor(1.6972))
INFO:247:test:(4152.6337890625, tensor(1.1106))
INFO:248:train:(6317.3203125, tensor(1.6958))
INFO:248:test:(4169.7724609375, tensor(1.1127))
INFO:249:train:(6339.3544921875, tensor(1.6993))
INFO:249:test:(4146.29150390625, tensor(1.1138))
INFO:250:train:(6337.68994140625, tensor(1.7063))
INFO:250:test:(4099.548828125, tensor(1.1152))
INFO:251:train:(6320.26318359375, tensor(1.7158))
INFO:251:test:(4047.171630859375, tensor(1.1181))
INFO:252:train:(6301.00830078125, tensor(1.7278))
INFO:252:test:(4003.71337890625, tensor(1.1231))
INFO:253:train:(6289.2529296875, tensor(1.7414))
INFO:253:test:(3979.744140625, tensor(1.1295))
INFO:254:train:(6288.3701171875, tensor(1.7541))
INFO:254:test:(3976.9677734375, tensor(1.1360))
INFO:255:train:(6297.1748046875, tensor(1.7636))
INFO:255:test:(3985.61328125, tensor(1.1401))
INFO:256:train:(6306.13623046875, tensor(1.7676))
INFO:256:test:(3994.33203125, tensor(1.1398))
INFO:257:train:(6305.021484375, tensor(1.7651))
INFO:257:test:(3997.67724609375, tensor(1.1355))
INFO:258:train:(6292.45166015625, tensor(1.7572))
INFO:258:test:(3999.964599609375, tensor(1.1293))
INFO:259:train:(6275.71044921875, tensor(1.7466))
INFO:259:test:(4007.157958984375, tensor(1.1237))
INFO:260:train:(6263.45361328125, tensor(1.7365))
INFO:260:test:(4017.968017578125, tensor(1.1203))
INFO:261:train:(6258.275390625, tensor(1.7291))
INFO:261:test:(4029.653564453125, tensor(1.1192))
INFO:262:train:(6257.96044921875, tensor(1.7248))
INFO:262:test:(4037.3798828125, tensor(1.1194))
INFO:263:train:(6258.12548828125, tensor(1.7229))
INFO:263:test:(4037.350341796875, tensor(1.1197))
INFO:264:train:(6254.39453125, tensor(1.7223))
INFO:264:test:(4029.20263671875, tensor(1.1195))
INFO:265:train:(6245.3056640625, tensor(1.7221))
INFO:265:test:(4014.925537109375, tensor(1.1190))
INFO:266:train:(6232.1220703125, tensor(1.7221))
INFO:266:test:(3999.583251953125, tensor(1.1188))
INFO:267:train:(6218.23828125, tensor(1.7227))
INFO:267:test:(3988.631591796875, tensor(1.1197))
INFO:268:train:(6207.8857421875, tensor(1.7241))
INFO:268:test:(3983.79296875, tensor(1.1217))
INFO:269:train:(6201.51708984375, tensor(1.7261))
INFO:269:test:(3984.14990234375, tensor(1.1240))
INFO:270:train:(6196.8740234375, tensor(1.7278))
INFO:270:test:(3987.534912109375, tensor(1.1256))
INFO:271:train:(6190.6982421875, tensor(1.7280))
INFO:271:test:(3990.30712890625, tensor(1.1257))
INFO:272:train:(6180.36376953125, tensor(1.7260))
INFO:272:test:(3994.418701171875, tensor(1.1246))
INFO:273:train:(6167.0908203125, tensor(1.7217))
INFO:273:test:(4003.709228515625, tensor(1.1229))
INFO:274:train:(6153.423828125, tensor(1.7153))
INFO:274:test:(4019.631103515625, tensor(1.1214))
INFO:275:train:(6140.755859375, tensor(1.7072))
INFO:275:test:(4039.6669921875, tensor(1.1209))
INFO:276:train:(6123.814453125, tensor(1.6979))
INFO:276:test:(4070.973876953125, tensor(1.1216))
INFO:277:train:(6112.81201171875, tensor(1.6885))
INFO:277:test:(4087.85400390625, tensor(1.1237))
INFO:278:train:(6098.84423828125, tensor(1.6847))
INFO:278:test:(4091.188720703125, tensor(1.1270))
INFO:279:train:(6083.29296875, tensor(1.6867))
INFO:279:test:(4095.1337890625, tensor(1.1293))
INFO:280:train:(6063.85498046875, tensor(1.6836))
INFO:280:test:(4113.35693359375, tensor(1.1313))
INFO:281:train:(6042.2841796875, tensor(1.6717))
INFO:281:test:(4121.296875, tensor(1.1351))
INFO:282:train:(6023.2470703125, tensor(1.6672))
INFO:282:test:(4122.2216796875, tensor(1.1397))
INFO:283:train:(6000.1279296875, tensor(1.6659))
INFO:283:test:(4191.1953125, tensor(1.1493))
INFO:284:train:(5986.376953125, tensor(1.6521))
INFO:284:test:(4229.49951171875, tensor(1.1576))
INFO:285:train:(5971.25244140625, tensor(1.6473))
INFO:285:test:(4221.255859375, tensor(1.1613))
INFO:286:train:(5953.32470703125, tensor(1.6491))
INFO:286:test:(4183.7490234375, tensor(1.1604))
INFO:287:train:(5929.43212890625, tensor(1.6513))
INFO:287:test:(4150.6162109375, tensor(1.1559))
INFO:288:train:(5893.14306640625, tensor(1.6462))
INFO:288:test:(4112.412109375, tensor(1.1483))
INFO:289:train:(5950.41650390625, tensor(1.6723))
INFO:289:test:(4217.9697265625, tensor(1.1421))
INFO:290:train:(5890.234375, tensor(1.6190))
INFO:290:test:(4399.21142578125, tensor(1.1600))
INFO:291:train:(6009.34814453125, tensor(1.6160))
INFO:291:test:(4300.6455078125, tensor(1.1518))
INFO:292:train:(5915.90673828125, tensor(1.6109))
INFO:292:test:(4105.62158203125, tensor(1.1471))
INFO:293:train:(5816.15234375, tensor(1.6341))
INFO:293:test:(4108.9453125, tensor(1.1656))
INFO:294:train:(5967.2919921875, tensor(1.6798))
INFO:294:test:(4135.5009765625, tensor(1.1502))
INFO:295:train:(5777.75048828125, tensor(1.6083))
INFO:295:test:(4235.8212890625, tensor(1.1581))
INFO:296:train:(5860.6435546875, tensor(1.6057))
INFO:296:test:(4151.52978515625, tensor(1.1514))
INFO:297:train:(5804.6640625, tensor(1.6037))
INFO:297:test:(4025.901611328125, tensor(1.1514))
INFO:298:train:(5731.32470703125, tensor(1.6140))
INFO:298:test:(4026.90576171875, tensor(1.1603))
INFO:299:train:(5735.98291015625, tensor(1.6214))
INFO:299:test:(4027.734619140625, tensor(1.1604))
INFO:300:train:(5711.55810546875, tensor(1.6162))
INFO:300:test:(4035.252197265625, tensor(1.1542))
INFO:301:train:(5672.9892578125, tensor(1.6009))
INFO:301:test:(4043.428466796875, tensor(1.1493))
INFO:302:train:(5648.25048828125, tensor(1.5893))
INFO:302:test:(4007.700439453125, tensor(1.1451))
INFO:303:train:(5604.67041015625, tensor(1.5853))
INFO:303:test:(3962.13916015625, tensor(1.1445))
INFO:304:train:(5574.8466796875, tensor(1.5914))
INFO:304:test:(3957.36865234375, tensor(1.1460))
INFO:305:train:(5573.46923828125, tensor(1.5936))
INFO:305:test:(4032.640869140625, tensor(1.1490))
INFO:306:train:(5538.541015625, tensor(1.5701))
INFO:306:test:(4087.19921875, tensor(1.1572))
INFO:307:train:(5532.1708984375, tensor(1.5639))
INFO:307:test:(3988.553466796875, tensor(1.1564))
INFO:308:train:(5529.0712890625, tensor(1.5778))
INFO:308:test:(3988.64404296875, tensor(1.1567))
INFO:309:train:(5486.90478515625, tensor(1.5627))
INFO:309:test:(3968.98046875, tensor(1.1556))
INFO:310:train:(5474.69775390625, tensor(1.5598))
INFO:310:test:(3952.5087890625, tensor(1.1561))
INFO:311:train:(5452.71533203125, tensor(1.5621))
INFO:311:test:(3953.520751953125, tensor(1.1536))
INFO:312:train:(5455.0166015625, tensor(1.5629))
INFO:312:test:(4036.342529296875, tensor(1.1528))
INFO:313:train:(5451.96044921875, tensor(1.5334))
INFO:313:test:(3994.99072265625, tensor(1.1485))
INFO:314:train:(5416.65478515625, tensor(1.5318))
INFO:314:test:(3932.817138671875, tensor(1.1505))
INFO:315:train:(5403.96044921875, tensor(1.5491))
INFO:315:test:(3921.50146484375, tensor(1.1528))
INFO:316:train:(5390.634765625, tensor(1.5450))
INFO:316:test:(3928.574951171875, tensor(1.1489))
INFO:317:train:(5423.5517578125, tensor(1.5282))
INFO:317:test:(3894.513427734375, tensor(1.1486))
INFO:318:train:(5360.580078125, tensor(1.5369))
INFO:318:test:(3905.0947265625, tensor(1.1419))
INFO:319:train:(5347.908203125, tensor(1.5237))
INFO:319:test:(3953.51416015625, tensor(1.1444))
INFO:320:train:(5358.05712890625, tensor(1.5200))
INFO:320:test:(3913.764404296875, tensor(1.1516))
INFO:321:train:(5328.390625, tensor(1.5280))
INFO:321:test:(3887.838623046875, tensor(1.1557))
INFO:322:train:(5308.2568359375, tensor(1.5288))
INFO:322:test:(3974.10546875, tensor(1.1533))
INFO:323:train:(5347.6083984375, tensor(1.5209))
INFO:323:test:(3968.623779296875, tensor(1.1782))
INFO:324:train:(5410.837890625, tensor(1.5603))
INFO:324:test:(3900.342041015625, tensor(1.1402))
INFO:325:train:(5281.3193359375, tensor(1.5191))
INFO:325:test:(4072.333251953125, tensor(1.1350))
INFO:326:train:(5368.79541015625, tensor(1.5002))
INFO:326:test:(3991.954833984375, tensor(1.1329))
INFO:327:train:(5328.818359375, tensor(1.5021))
INFO:327:test:(3935.365478515625, tensor(1.1486))
INFO:328:train:(5288.7587890625, tensor(1.5218))
INFO:328:test:(3954.811279296875, tensor(1.1672))
INFO:329:train:(5310.2451171875, tensor(1.5360))
INFO:329:test:(3919.741455078125, tensor(1.1563))
INFO:330:train:(5217.93310546875, tensor(1.5026))
INFO:330:test:(3949.13525390625, tensor(1.1502))
INFO:331:train:(5233.181640625, tensor(1.4880))
INFO:331:test:(3940.13330078125, tensor(1.1570))
INFO:332:train:(5208.1064453125, tensor(1.4887))
INFO:332:test:(3974.245849609375, tensor(1.1880))
INFO:333:train:(5221.69873046875, tensor(1.5114))
INFO:333:test:(3931.266845703125, tensor(1.1769))
INFO:334:train:(5196.275390625, tensor(1.5035))
INFO:334:test:(3880.658203125, tensor(1.1471))
INFO:335:train:(5204.48046875, tensor(1.4847))
INFO:335:test:(3907.70458984375, tensor(1.1586))
INFO:336:train:(5152.87109375, tensor(1.4895))
INFO:336:test:(3910.3623046875, tensor(1.1599))
INFO:337:train:(5185.14892578125, tensor(1.5076))
INFO:337:test:(3902.548095703125, tensor(1.1445))
INFO:338:train:(5161.65185546875, tensor(1.4925))
INFO:338:test:(3940.91455078125, tensor(1.1370))
INFO:339:train:(5174.8671875, tensor(1.4786))
INFO:339:test:(3957.654296875, tensor(1.1445))
INFO:340:train:(5154.6611328125, tensor(1.4785))
INFO:340:test:(3963.19580078125, tensor(1.1640))
INFO:341:train:(5137.46533203125, tensor(1.4922))
INFO:341:test:(3992.310302734375, tensor(1.1769))
INFO:342:train:(5134.86572265625, tensor(1.4944))
INFO:342:test:(4009.98681640625, tensor(1.1691))
INFO:343:train:(5100.39794921875, tensor(1.4732))
INFO:343:test:(4086.59228515625, tensor(1.1793))
INFO:344:train:(5113.1982421875, tensor(1.4661))
INFO:344:test:(4037.433837890625, tensor(1.1959))
INFO:345:train:(5098.71337890625, tensor(1.4809))
INFO:345:test:(4040.43896484375, tensor(1.1977))
INFO:346:train:(5097.099609375, tensor(1.4801))
INFO:346:test:(4104.49267578125, tensor(1.1900))
INFO:347:train:(5084.140625, tensor(1.4610))
INFO:347:test:(4048.34423828125, tensor(1.1786))
INFO:348:train:(5058.63671875, tensor(1.4606))
INFO:348:test:(4044.09912109375, tensor(1.1832))
INFO:349:train:(5068.1240234375, tensor(1.4718))
INFO:349:test:(4057.031494140625, tensor(1.1766))
INFO:350:train:(5051.806640625, tensor(1.4621))
INFO:350:test:(4091.1923828125, tensor(1.1749))
INFO:351:train:(5050.5625, tensor(1.4525))
INFO:351:test:(4031.41162109375, tensor(1.1806))
INFO:352:train:(5030.0322265625, tensor(1.4598))
INFO:352:test:(4017.770263671875, tensor(1.1868))
INFO:353:train:(5028.4580078125, tensor(1.4642))
INFO:353:test:(4102.35888671875, tensor(1.1917))
INFO:354:train:(5024.6689453125, tensor(1.4520))
INFO:354:test:(4085.23388671875, tensor(1.2002))
INFO:355:train:(5016.48095703125, tensor(1.4627))
INFO:355:test:(4153.32861328125, tensor(1.1962))
INFO:356:train:(5010.2275390625, tensor(1.4489))
INFO:356:test:(4062.3701171875, tensor(1.1888))
INFO:357:train:(4999.64501953125, tensor(1.4565))
INFO:357:test:(4028.162109375, tensor(1.1784))
INFO:358:train:(4987.443359375, tensor(1.4506))
INFO:358:test:(4001.53857421875, tensor(1.1775))
INFO:359:train:(4985.14892578125, tensor(1.4533))
INFO:359:test:(4024.275390625, tensor(1.1811))
INFO:360:train:(4981.5029296875, tensor(1.4512))
INFO:360:test:(4050.6494140625, tensor(1.1837))
INFO:361:train:(4971.60595703125, tensor(1.4471))
INFO:361:test:(4068.052490234375, tensor(1.1874))
INFO:362:train:(4966.8427734375, tensor(1.4464))
INFO:362:test:(4117.82763671875, tensor(1.1916))
INFO:363:train:(4966.083984375, tensor(1.4402))
INFO:363:test:(4086.1875, tensor(1.1978))
INFO:364:train:(4968.3076171875, tensor(1.4500))
INFO:364:test:(4311.25244140625, tensor(1.2140))
INFO:365:train:(5027.33740234375, tensor(1.4346))
INFO:365:test:(4281.24462890625, tensor(1.2431))
INFO:366:train:(5335.97119140625, tensor(1.5343))
INFO:366:test:(4031.72216796875, tensor(1.1657))
INFO:367:train:(5005.830078125, tensor(1.4389))
INFO:367:test:(4248.0439453125, tensor(1.1683))
INFO:368:train:(5238.65966796875, tensor(1.4471))
INFO:368:test:(3934.70849609375, tensor(1.1694))
INFO:369:train:(5026.76123046875, tensor(1.4637))
INFO:369:test:(4058.6884765625, tensor(1.2116))
INFO:370:train:(5240.80859375, tensor(1.5274))
INFO:370:test:(3920.099365234375, tensor(1.1743))
INFO:371:train:(5021.59521484375, tensor(1.4640))
INFO:371:test:(3980.705078125, tensor(1.1536))
INFO:372:train:(5115.9658203125, tensor(1.4521))
INFO:372:test:(3981.437744140625, tensor(1.1582))
INFO:373:train:(5082.3486328125, tensor(1.4502))
INFO:373:test:(3965.379638671875, tensor(1.1897))
INFO:374:train:(5018.515625, tensor(1.4703))
INFO:374:test:(4034.140380859375, tensor(1.2155))
INFO:375:train:(5092.4677734375, tensor(1.4947))
INFO:375:test:(3958.112548828125, tensor(1.1864))
INFO:376:train:(4991.93701171875, tensor(1.4633))
INFO:376:test:(3988.73876953125, tensor(1.1602))
INFO:377:train:(5036.95654296875, tensor(1.4454))
INFO:377:test:(4010.067626953125, tensor(1.1608))
INFO:378:train:(5033.01708984375, tensor(1.4430))
INFO:378:test:(3997.09375, tensor(1.1822))
INFO:379:train:(4970.69384765625, tensor(1.4546))
INFO:379:test:(4050.337890625, tensor(1.2006))
INFO:380:train:(5021.078125, tensor(1.4741))
INFO:380:test:(4051.405029296875, tensor(1.1864))
INFO:381:train:(4953.2861328125, tensor(1.4487))
INFO:381:test:(4048.311767578125, tensor(1.1629))
INFO:382:train:(5004.08642578125, tensor(1.4380))
INFO:382:test:(3995.472412109375, tensor(1.1633))
INFO:383:train:(4940.35498046875, tensor(1.4348))
INFO:383:test:(4002.90576171875, tensor(1.1851))
INFO:384:train:(4968.9873046875, tensor(1.4582))
INFO:384:test:(3981.6611328125, tensor(1.1759))
INFO:385:train:(4934.130859375, tensor(1.4474))
INFO:385:test:(4122.5810546875, tensor(1.1757))
INFO:386:train:(4957.19970703125, tensor(1.4330))
INFO:386:test:(4067.951904296875, tensor(1.1720))
INFO:387:train:(4922.65673828125, tensor(1.4331))
INFO:387:test:(3989.578857421875, tensor(1.1781))
INFO:388:train:(4949.8955078125, tensor(1.4543))
INFO:388:test:(4056.269287109375, tensor(1.1764))
INFO:389:train:(4898.10888671875, tensor(1.4343))
INFO:389:test:(4294.60693359375, tensor(1.1998))
INFO:390:train:(4943.17578125, tensor(1.4230))
INFO:390:test:(3979.51416015625, tensor(1.1640))
INFO:391:train:(4885.55712890625, tensor(1.4309))
INFO:391:test:(3957.551025390625, tensor(1.1695))
INFO:392:train:(4916.71875, tensor(1.4453))
INFO:392:test:(4021.08251953125, tensor(1.1607))
INFO:393:train:(4893.38525390625, tensor(1.4219))
INFO:393:test:(4034.470458984375, tensor(1.1617))
INFO:394:train:(4882.19140625, tensor(1.4193))
INFO:394:test:(3978.329833984375, tensor(1.1681))
INFO:395:train:(4905.8876953125, tensor(1.4404))
INFO:395:test:(4002.618896484375, tensor(1.1619))
INFO:396:train:(4861.1533203125, tensor(1.4197))
INFO:396:test:(4029.22802734375, tensor(1.1602))
INFO:397:train:(4881.88623046875, tensor(1.4166))
INFO:397:test:(3955.142822265625, tensor(1.1671))
INFO:398:train:(4872.791015625, tensor(1.4322))
INFO:398:test:(3980.586181640625, tensor(1.1635))
INFO:399:train:(4843.44482421875, tensor(1.4189))
INFO:399:test:(4060.770263671875, tensor(1.1639))
INFO:400:train:(4863.76611328125, tensor(1.4114))
INFO:400:test:(3961.340576171875, tensor(1.1677))
INFO:401:train:(4867.615234375, tensor(1.4317))
INFO:401:test:(4009.493896484375, tensor(1.1627))
INFO:402:train:(4835.24560546875, tensor(1.4138))
INFO:402:test:(4014.259521484375, tensor(1.1639))
INFO:403:train:(4816.84228515625, tensor(1.4117))
INFO:403:test:(3985.08251953125, tensor(1.1655))
INFO:404:train:(4838.52587890625, tensor(1.4230))
INFO:404:test:(4100.43310546875, tensor(1.1627))
INFO:405:train:(4891.01171875, tensor(1.4148))
INFO:405:test:(3963.09619140625, tensor(1.1782))
INFO:406:train:(4921.62890625, tensor(1.4495))
INFO:406:test:(4017.22265625, tensor(1.1556))
INFO:407:train:(4842.42578125, tensor(1.4112))
INFO:407:test:(4005.790283203125, tensor(1.1553))
INFO:408:train:(4799.033203125, tensor(1.4049))
INFO:408:test:(3978.989013671875, tensor(1.1602))
INFO:409:train:(4793.626953125, tensor(1.4103))
INFO:409:test:(4011.8779296875, tensor(1.1572))
INFO:410:train:(4846.64306640625, tensor(1.4132))
INFO:410:test:(3972.94287109375, tensor(1.1700))
INFO:411:train:(4835.447265625, tensor(1.4265))
INFO:411:test:(4423.31201171875, tensor(1.2044))
INFO:412:train:(4873.388671875, tensor(1.4024))
INFO:412:test:(4021.277587890625, tensor(1.1921))
INFO:413:train:(4972.318359375, tensor(1.4637))
INFO:413:test:(4027.831298828125, tensor(1.1695))
INFO:414:train:(4832.16259765625, tensor(1.4204))
INFO:414:test:(4115.27978515625, tensor(1.1630))
INFO:415:train:(4895.5810546875, tensor(1.4156))
INFO:415:test:(3972.508056640625, tensor(1.1691))
INFO:416:train:(4861.84375, tensor(1.4301))
INFO:416:test:(3943.675537109375, tensor(1.1704))
INFO:417:train:(4866.12158203125, tensor(1.4336))
INFO:417:test:(4054.594970703125, tensor(1.1661))
INFO:418:train:(4824.4248046875, tensor(1.4101))
INFO:418:test:(4175.7265625, tensor(1.1789))
INFO:419:train:(4810.71337890625, tensor(1.4075))
INFO:419:test:(4014.751708984375, tensor(1.1707))
INFO:420:train:(4850.3505859375, tensor(1.4278))
INFO:420:test:(4471.5478515625, tensor(1.1959))
INFO:421:train:(4820.0234375, tensor(1.3973))
INFO:421:test:(4013.131591796875, tensor(1.1761))
INFO:422:train:(4830.1748046875, tensor(1.4208))
INFO:422:test:(4046.91259765625, tensor(1.1647))
INFO:423:train:(4804.4052734375, tensor(1.4034))
INFO:423:test:(4058.23486328125, tensor(1.1704))
INFO:424:train:(4752.74462890625, tensor(1.3950))
INFO:424:test:(4110.9638671875, tensor(1.1679))
INFO:425:train:(4730.9404296875, tensor(1.3835))
INFO:425:test:(4086.161376953125, tensor(1.1656))
INFO:426:train:(4730.1572265625, tensor(1.3863))
INFO:426:test:(4046.67529296875, tensor(1.1817))
INFO:427:train:(4817.59033203125, tensor(1.4192))
INFO:427:test:(4150.06640625, tensor(1.1667))
INFO:428:train:(4833.8310546875, tensor(1.4007))
INFO:428:test:(4063.656494140625, tensor(1.1697))
INFO:429:train:(4707.53564453125, tensor(1.3896))
INFO:429:test:(4053.501220703125, tensor(1.1724))
INFO:430:train:(4717.32763671875, tensor(1.3953))
INFO:430:test:(4198.35595703125, tensor(1.1741))
INFO:431:train:(4803.4326171875, tensor(1.3936))
INFO:431:test:(4069.623779296875, tensor(1.1887))
INFO:432:train:(4785.39306640625, tensor(1.4138))
INFO:432:test:(4112.19775390625, tensor(1.1789))
INFO:433:train:(4685.0751953125, tensor(1.3844))
INFO:433:test:(4251.97509765625, tensor(1.1806))
INFO:434:train:(4704.31787109375, tensor(1.3731))
INFO:434:test:(4146.98974609375, tensor(1.1845))
INFO:435:train:(4757.12939453125, tensor(1.3996))
INFO:435:test:(4193.92236328125, tensor(1.1908))
INFO:436:train:(4729.6845703125, tensor(1.3899))
INFO:436:test:(4131.30615234375, tensor(1.2050))
INFO:437:train:(4688.765625, tensor(1.3951))
INFO:437:test:(4246.7578125, tensor(1.1951))
INFO:438:train:(4669.5390625, tensor(1.3749))
INFO:438:test:(4158.92333984375, tensor(1.1981))
INFO:439:train:(4721.30908203125, tensor(1.3983))
INFO:439:test:(4319.85009765625, tensor(1.2054))
INFO:440:train:(4750.14306640625, tensor(1.3833))
INFO:440:test:(4185.10400390625, tensor(1.2143))
INFO:441:train:(4730.078125, tensor(1.3991))
INFO:441:test:(4220.89501953125, tensor(1.2034))
INFO:442:train:(4618.50048828125, tensor(1.3679))
INFO:442:test:(4269.53466796875, tensor(1.1991))
INFO:443:train:(4632.5439453125, tensor(1.3620))
INFO:443:test:(4166.61181640625, tensor(1.2020))
INFO:444:train:(4695.8037109375, tensor(1.3892))
INFO:444:test:(4222.966796875, tensor(1.2049))
INFO:445:train:(4612.73974609375, tensor(1.3701))
INFO:445:test:(4281.4013671875, tensor(1.2190))
INFO:446:train:(4560.7080078125, tensor(1.3612))
INFO:446:test:(4295.830078125, tensor(1.2217))
INFO:447:train:(4551.810546875, tensor(1.3613))
INFO:447:test:(4382.87451171875, tensor(1.2252))
INFO:448:train:(4651.94140625, tensor(1.3704))
INFO:448:test:(4312.04052734375, tensor(1.2455))
INFO:449:train:(4955.509765625, tensor(1.4534))
INFO:449:test:(4429.751953125, tensor(1.2339))
INFO:450:train:(4533.14697265625, tensor(1.3430))
INFO:450:test:(4535.59765625, tensor(1.2461))
INFO:451:train:(4738.0595703125, tensor(1.3706))
INFO:451:test:(4237.9951171875, tensor(1.2430))
INFO:452:train:(5001.76318359375, tensor(1.4635))
INFO:452:test:(4137.06787109375, tensor(1.2295))
INFO:453:train:(4899.6044921875, tensor(1.4410))
INFO:453:test:(4195.40673828125, tensor(1.2003))
INFO:454:train:(4817.34716796875, tensor(1.3958))
INFO:454:test:(4558.70458984375, tensor(1.2418))
INFO:455:train:(4999.75048828125, tensor(1.3994))
INFO:455:test:(4244.92333984375, tensor(1.2087))
INFO:456:train:(4675.42578125, tensor(1.3730))
INFO:456:test:(4323.28564453125, tensor(1.2566))
INFO:457:train:(5075.77001953125, tensor(1.4760))
INFO:457:test:(4142.43603515625, tensor(1.2143))
INFO:458:train:(4849.57861328125, tensor(1.4297))
INFO:458:test:(4172.61962890625, tensor(1.1679))
INFO:459:train:(4909.28466796875, tensor(1.4115))
INFO:459:test:(4341.23193359375, tensor(1.1764))
INFO:460:train:(4899.923828125, tensor(1.3948))
INFO:460:test:(4141.8681640625, tensor(1.1807))
INFO:461:train:(4894.66845703125, tensor(1.4215))
INFO:461:test:(4068.308837890625, tensor(1.1937))
INFO:462:train:(4955.025390625, tensor(1.4503))
INFO:462:test:(4022.27587890625, tensor(1.1866))
INFO:463:train:(4779.17919921875, tensor(1.4127))
INFO:463:test:(4228.3974609375, tensor(1.1995))
INFO:464:train:(4938.2978515625, tensor(1.4373))
INFO:464:test:(4139.5068359375, tensor(1.1771))
INFO:465:train:(4877.26318359375, tensor(1.4220))
INFO:465:test:(4111.27734375, tensor(1.1850))
INFO:466:train:(4763.28857421875, tensor(1.4048))
INFO:466:test:(4142.439453125, tensor(1.1842))
INFO:467:train:(4829.70458984375, tensor(1.4167))
INFO:467:test:(4271.6416015625, tensor(1.1786))
INFO:468:train:(4717.7919921875, tensor(1.3778))
INFO:468:test:(4374.5439453125, tensor(1.1817))
INFO:469:train:(4803.01904296875, tensor(1.3859))
INFO:469:test:(4090.0712890625, tensor(1.1783))
INFO:470:train:(4668.07861328125, tensor(1.3840))
INFO:470:test:(4074.391845703125, tensor(1.1994))
INFO:471:train:(4763.0947265625, tensor(1.4084))
INFO:471:test:(4098.6748046875, tensor(1.1950))
INFO:472:train:(4668.75146484375, tensor(1.3874))
INFO:472:test:(4195.23779296875, tensor(1.1937))
INFO:473:train:(4686.56201171875, tensor(1.3797))
INFO:473:test:(4247.025390625, tensor(1.1932))
INFO:474:train:(4635.68017578125, tensor(1.3595))
INFO:474:test:(4305.11376953125, tensor(1.2031))
INFO:475:train:(4681.02587890625, tensor(1.3671))
INFO:475:test:(4386.3251953125, tensor(1.2171))
INFO:476:train:(4599.29296875, tensor(1.3558))
INFO:476:test:(4412.9501953125, tensor(1.2317))
INFO:477:train:(4603.07568359375, tensor(1.3656))
INFO:477:test:(4416.4482421875, tensor(1.2452))
INFO:478:train:(4597.8408203125, tensor(1.3666))
INFO:478:test:(4563.22216796875, tensor(1.2604))
INFO:479:train:(4530.123046875, tensor(1.3502))
INFO:479:test:(4759.46240234375, tensor(1.2797))
INFO:480:train:(4544.41650390625, tensor(1.3443))
INFO:480:test:(4581.61572265625, tensor(1.2594))
INFO:481:train:(4562.66796875, tensor(1.3551))
INFO:481:test:(4668.27490234375, tensor(1.2672))
INFO:482:train:(4512.533203125, tensor(1.3453))
INFO:482:test:(4587.43408203125, tensor(1.2683))
INFO:483:train:(4469.822265625, tensor(1.3419))
INFO:483:test:(4620.263671875, tensor(1.2846))
INFO:484:train:(4475.72509765625, tensor(1.3408))
INFO:484:test:(4997.46630859375, tensor(1.3416))
INFO:485:train:(4512.57421875, tensor(1.3378))
INFO:485:test:(4901.7109375, tensor(1.3483))
INFO:486:train:(4512.72705078125, tensor(1.3418))
INFO:486:test:(5200.85888671875, tensor(1.3909))
INFO:487:train:(4503.2529296875, tensor(1.3331))
INFO:487:test:(4810.119140625, tensor(1.3539))
INFO:488:train:(4521.22900390625, tensor(1.3500))
INFO:488:test:(4883.40576171875, tensor(1.3563))
INFO:489:train:(4522.42041015625, tensor(1.3457))
INFO:489:test:(4744.45751953125, tensor(1.3505))
INFO:490:train:(4435.791015625, tensor(1.3309))
INFO:490:test:(4853.8388671875, tensor(1.3551))
INFO:491:train:(4363.912109375, tensor(1.3092))
INFO:491:test:(4889.458984375, tensor(1.3745))
INFO:492:train:(4341.07568359375, tensor(1.3050))
INFO:492:test:(5094.03515625, tensor(1.4133))
INFO:493:train:(4365.93408203125, tensor(1.3078))
INFO:493:test:(5041.96630859375, tensor(1.4487))
INFO:494:train:(4628.96875, tensor(1.3765))
INFO:494:test:(5088.59228515625, tensor(1.4282))
INFO:495:train:(4597.2900390625, tensor(1.3607))
INFO:495:test:(4929.0224609375, tensor(1.4119))
INFO:496:train:(4302.8671875, tensor(1.3054))
INFO:496:test:(4994.09375, tensor(1.4124))
INFO:497:train:(4384.46435546875, tensor(1.3152))
INFO:497:test:(5369.806640625, tensor(1.4314))
INFO:498:train:(4650.71630859375, tensor(1.3345))
INFO:498:test:(5028.72705078125, tensor(1.4707))
INFO:499:train:(4468.10498046875, tensor(1.3440))
INFO:499:test:(5064.1474609375, tensor(1.4904))
INFO:500:train:(4340.48876953125, tensor(1.3186))
INFO:500:test:(5189.80224609375, tensor(1.4798))
INFO:501:train:(4421.0859375, tensor(1.3259))
INFO:501:test:(5265.60302734375, tensor(1.4931))
INFO:502:train:(4379.64306640625, tensor(1.3117))
INFO:502:test:(5384.068359375, tensor(1.5010))
INFO:503:train:(4248.20458984375, tensor(1.2697))
INFO:503:test:(5252.60009765625, tensor(1.4978))
INFO:504:train:(4249.2109375, tensor(1.2909))
INFO:504:test:(5147.8330078125, tensor(1.5060))
INFO:505:train:(4428.58251953125, tensor(1.3359))
INFO:505:test:(5210.220703125, tensor(1.4859))
INFO:506:train:(4257.34521484375, tensor(1.2971))
INFO:506:test:(5356.99560546875, tensor(1.4878))
INFO:507:train:(4171.146484375, tensor(1.2602))
INFO:507:test:(5360.5888671875, tensor(1.5006))
INFO:508:train:(4317.43359375, tensor(1.2944))
INFO:508:test:(5414.916015625, tensor(1.5050))
INFO:509:train:(4355.724609375, tensor(1.3032))
INFO:509:test:(5222.748046875, tensor(1.5257))
INFO:510:train:(4250.02734375, tensor(1.2959))
INFO:510:test:(5331.5576171875, tensor(1.5370))
INFO:511:train:(4187.21337890625, tensor(1.2775))
INFO:511:test:(5816.4775390625, tensor(1.5586))
INFO:512:train:(4439.443359375, tensor(1.2836))
INFO:512:test:(5223.5947265625, tensor(1.5227))
INFO:513:train:(4419.77734375, tensor(1.3333))
INFO:513:test:(5216.9228515625, tensor(1.5426))
INFO:514:train:(4169.63720703125, tensor(1.2799))
INFO:514:test:(5298.25146484375, tensor(1.5479))
INFO:515:train:(4293.3017578125, tensor(1.2990))
INFO:515:test:(5238.2666015625, tensor(1.5325))
INFO:516:train:(4290.08984375, tensor(1.2982))
INFO:516:test:(5488.986328125, tensor(1.5769))
INFO:517:train:(4123.9033203125, tensor(1.2479))
INFO:517:test:(5642.419921875, tensor(1.6144))
INFO:518:train:(4309.24853515625, tensor(1.2898))
INFO:518:test:(5440.1318359375, tensor(1.6017))
INFO:519:train:(4267.4365234375, tensor(1.2999))
INFO:519:test:(5483.5234375, tensor(1.6028))
INFO:520:train:(4081.701416015625, tensor(1.2564))
INFO:520:test:(5588.40673828125, tensor(1.5885))
INFO:521:train:(4194.78271484375, tensor(1.2655))
INFO:521:test:(5446.74853515625, tensor(1.5666))
INFO:522:train:(4297.2568359375, tensor(1.2983))
INFO:522:test:(5544.86767578125, tensor(1.5907))
INFO:523:train:(4093.03466796875, tensor(1.2500))
INFO:523:test:(5528.8583984375, tensor(1.6053))
INFO:524:train:(4093.4375, tensor(1.2567))
INFO:524:test:(5538.08984375, tensor(1.6114))
INFO:525:train:(4200.3779296875, tensor(1.2800))
INFO:525:test:(5693.2802734375, tensor(1.6176))
INFO:526:train:(4099.04150390625, tensor(1.2422))
INFO:526:test:(5587.64306640625, tensor(1.6130))
INFO:527:train:(4032.05517578125, tensor(1.2349))
INFO:527:test:(5538.79736328125, tensor(1.6235))
INFO:528:train:(4072.18359375, tensor(1.2528))
INFO:528:test:(5744.48291015625, tensor(1.6648))
INFO:529:train:(4098.50390625, tensor(1.2525))
INFO:529:test:(5699.837890625, tensor(1.6481))
INFO:530:train:(4081.5361328125, tensor(1.2495))
INFO:530:test:(5743.5791015625, tensor(1.6533))
INFO:531:train:(4011.315673828125, tensor(1.2276))
INFO:531:test:(5656.9287109375, tensor(1.6449))
INFO:532:train:(4013.7783203125, tensor(1.2339))
INFO:532:test:(5560.3193359375, tensor(1.6309))
INFO:533:train:(4062.441650390625, tensor(1.2507))
INFO:533:test:(5754.72265625, tensor(1.6590))
INFO:534:train:(4051.3251953125, tensor(1.2386))
INFO:534:test:(5575.98583984375, tensor(1.6086))
INFO:535:train:(4083.005859375, tensor(1.2488))
INFO:535:test:(5794.1474609375, tensor(1.6627))
INFO:536:train:(4039.609375, tensor(1.2351))
INFO:536:test:(5591.0322265625, tensor(1.6302))
INFO:537:train:(4048.164794921875, tensor(1.2459))
INFO:537:test:(5779.62060546875, tensor(1.6614))
INFO:538:train:(4006.12744140625, tensor(1.2298))
INFO:538:test:(5707.82080078125, tensor(1.6399))
INFO:539:train:(3974.568603515625, tensor(1.2226))
INFO:539:test:(5800.224609375, tensor(1.6661))
INFO:540:train:(3958.34619140625, tensor(1.2197))
INFO:540:test:(5753.4052734375, tensor(1.6615))
INFO:541:train:(3950.89453125, tensor(1.2209))
INFO:541:test:(5772.17529296875, tensor(1.6636))
INFO:542:train:(3945.99072265625, tensor(1.2180))
INFO:542:test:(5697.64697265625, tensor(1.6447))
INFO:543:train:(3950.047119140625, tensor(1.2193))
INFO:543:test:(5839.5498046875, tensor(1.6818))
INFO:544:train:(3972.362548828125, tensor(1.2218))
INFO:544:test:(5573.1318359375, tensor(1.6199))
INFO:545:train:(4068.185791015625, tensor(1.2501))
INFO:545:test:(6012.4189453125, tensor(1.7096))
INFO:546:train:(4193.5244140625, tensor(1.2578))
INFO:546:test:(5467.74609375, tensor(1.6064))
INFO:547:train:(4121.44287109375, tensor(1.2639))
INFO:547:test:(5664.44287109375, tensor(1.6496))
INFO:548:train:(3939.391357421875, tensor(1.2159))
INFO:548:test:(5817.8779296875, tensor(1.6681))
INFO:549:train:(3990.676513671875, tensor(1.2170))
INFO:549:test:(5497.73291015625, tensor(1.6041))
INFO:550:train:(4193.1845703125, tensor(1.2814))
INFO:550:test:(5922.92431640625, tensor(1.7150))
INFO:551:train:(4060.61474609375, tensor(1.2429))
INFO:551:test:(5714.5380859375, tensor(1.6655))
INFO:552:train:(3921.41064453125, tensor(1.2157))
INFO:552:test:(5684.1796875, tensor(1.6451))
INFO:553:train:(3941.659423828125, tensor(1.2164))
INFO:553:test:(5943.716796875, tensor(1.7037))
INFO:554:train:(4028.243408203125, tensor(1.2303))
INFO:554:test:(5519.1923828125, tensor(1.6198))
INFO:555:train:(4152.78369140625, tensor(1.2753))
INFO:555:test:(5934.10546875, tensor(1.7001))
INFO:556:train:(3951.66357421875, tensor(1.2158))
INFO:556:test:(5940.4208984375, tensor(1.6880))
INFO:557:train:(3917.35693359375, tensor(1.2036))
INFO:557:test:(5664.66162109375, tensor(1.6369))
INFO:558:train:(4011.75, tensor(1.2361))
INFO:558:test:(5994.0302734375, tensor(1.7175))
INFO:559:train:(4070.97412109375, tensor(1.2413))
INFO:559:test:(5601.28857421875, tensor(1.6331))
INFO:560:train:(3948.318359375, tensor(1.2243))
INFO:560:test:(5700.8408203125, tensor(1.6403))
INFO:561:train:(3903.608154296875, tensor(1.2056))
INFO:561:test:(5902.74462890625, tensor(1.6943))
INFO:562:train:(3974.933349609375, tensor(1.2221))
INFO:562:test:(5527.4267578125, tensor(1.6062))
INFO:563:train:(4155.85107421875, tensor(1.2750))
INFO:563:test:(5865.111328125, tensor(1.6799))
INFO:564:train:(3897.731201171875, tensor(1.2060))
INFO:564:test:(6003.60498046875, tensor(1.7015))
INFO:565:train:(3982.563720703125, tensor(1.2162))
INFO:565:test:(5399.29638671875, tensor(1.5841))
INFO:566:train:(4225.17431640625, tensor(1.2953))
INFO:566:test:(5933.05322265625, tensor(1.7057))
INFO:567:train:(3938.49560546875, tensor(1.2174))
INFO:567:test:(5964.748046875, tensor(1.6914))
INFO:568:train:(3913.901123046875, tensor(1.2030))
INFO:568:test:(5556.56884765625, tensor(1.6107))
INFO:569:train:(4085.64453125, tensor(1.2561))
INFO:569:test:(5852.0322265625, tensor(1.6892))
INFO:570:train:(3906.235595703125, tensor(1.2122))
INFO:570:test:(5891.7451171875, tensor(1.6868))
INFO:571:train:(3920.916748046875, tensor(1.2097))
INFO:571:test:(5561.3935546875, tensor(1.6090))
INFO:572:train:(4068.91259765625, tensor(1.2529))
INFO:572:test:(5912.3095703125, tensor(1.6863))
INFO:573:train:(3884.1357421875, tensor(1.2003))
INFO:573:test:(5970.20068359375, tensor(1.7065))
INFO:574:train:(3933.6376953125, tensor(1.2124))
INFO:574:test:(5460.03515625, tensor(1.5917))
INFO:575:train:(4117.3408203125, tensor(1.2663))
INFO:575:test:(5774.09765625, tensor(1.6508))
INFO:576:train:(3871.4658203125, tensor(1.1977))
INFO:576:test:(6064.51123046875, tensor(1.7283))
INFO:577:train:(4102.7529296875, tensor(1.2470))
INFO:577:test:(5685.2275390625, tensor(1.6683))
INFO:578:train:(3973.39208984375, tensor(1.2318))
INFO:578:test:(5717.13916015625, tensor(1.6273))
INFO:579:train:(3930.051513671875, tensor(1.2067))
INFO:579:test:(6123.40185546875, tensor(1.7068))
INFO:580:train:(4070.404541015625, tensor(1.2224))
INFO:580:test:(5575.98388671875, tensor(1.6518))
INFO:581:train:(3974.4228515625, tensor(1.2365))
INFO:581:test:(5666.0927734375, tensor(1.6598))
INFO:582:train:(3878.46484375, tensor(1.2122))
INFO:582:test:(6100.7822265625, tensor(1.7060))
INFO:583:train:(4047.654541015625, tensor(1.2164))
INFO:583:test:(5535.650390625, tensor(1.6002))
INFO:584:train:(4015.701904296875, tensor(1.2367))
INFO:584:test:(5643.63916015625, tensor(1.6678))
INFO:585:train:(3890.4814453125, tensor(1.2175))
INFO:585:test:(5895.46142578125, tensor(1.7130))
INFO:586:train:(4056.33837890625, tensor(1.2440))
INFO:586:test:(5555.57958984375, tensor(1.6032))
INFO:587:train:(3891.944580078125, tensor(1.2004))
INFO:587:test:(5588.51611328125, tensor(1.6159))
INFO:588:train:(3913.27734375, tensor(1.2092))
INFO:588:test:(6098.83056640625, tensor(1.7499))
INFO:589:train:(4030.79296875, tensor(1.2358))
INFO:589:test:(5805.50146484375, tensor(1.6796))
INFO:590:train:(3854.118408203125, tensor(1.1996))
INFO:590:test:(5560.26025390625, tensor(1.5920))
INFO:591:train:(4018.81005859375, tensor(1.2317))
INFO:591:test:(5762.76953125, tensor(1.6518))
INFO:592:train:(3896.224853515625, tensor(1.2012))
INFO:592:test:(5814.33935546875, tensor(1.6965))
INFO:593:train:(3881.621337890625, tensor(1.2127))
INFO:593:test:(5722.654296875, tensor(1.6535))
INFO:594:train:(3943.21484375, tensor(1.2199))
INFO:594:test:(6195.3828125, tensor(1.7166))
INFO:595:train:(3953.306640625, tensor(1.1925))
INFO:595:test:(5759.52734375, tensor(1.6690))
INFO:596:train:(3843.321044921875, tensor(1.1960))
INFO:596:test:(5614.01171875, tensor(1.6605))
INFO:597:train:(3873.0654296875, tensor(1.2110))
INFO:597:test:(5737.59130859375, tensor(1.6646))
INFO:598:train:(3899.47119140625, tensor(1.2054))
INFO:598:test:(5617.7724609375, tensor(1.6216))
INFO:599:train:(3860.94677734375, tensor(1.1940))
INFO:599:test:(5758.97607421875, tensor(1.6641))
INFO:600:train:(3839.1220703125, tensor(1.1936))
INFO:600:test:(5876.56103515625, tensor(1.6931))
INFO:601:train:(3858.079345703125, tensor(1.1977))
INFO:601:test:(5670.9677734375, tensor(1.6317))
INFO:602:train:(3861.541748046875, tensor(1.1985))
INFO:602:test:(5746.3427734375, tensor(1.6445))
INFO:603:train:(3833.3955078125, tensor(1.1887))
INFO:603:test:(5807.43359375, tensor(1.6776))
INFO:604:train:(3838.59033203125, tensor(1.1988))
INFO:604:test:(5730.65185546875, tensor(1.6444))
INFO:605:train:(3875.99658203125, tensor(1.2038))
INFO:605:test:(6148.7861328125, tensor(1.6985))
INFO:606:train:(3883.52783203125, tensor(1.1853))
INFO:606:test:(5854.8212890625, tensor(1.6755))
INFO:607:train:(3824.386962890625, tensor(1.1912))
INFO:607:test:(5804.4970703125, tensor(1.6807))
INFO:608:train:(3812.889892578125, tensor(1.1925))
INFO:608:test:(5751.45166015625, tensor(1.6461))
INFO:609:train:(3821.804931640625, tensor(1.1834))
INFO:609:test:(5726.70068359375, tensor(1.6584))
INFO:610:train:(3804.4970703125, tensor(1.1862))
INFO:610:test:(5841.78369140625, tensor(1.6953))
INFO:611:train:(3818.92578125, tensor(1.1919))
INFO:611:test:(5833.12158203125, tensor(1.6653))
INFO:612:train:(3807.40625, tensor(1.1804))
INFO:612:test:(5892.54931640625, tensor(1.6713))
INFO:613:train:(3811.394775390625, tensor(1.1781))
INFO:613:test:(5693.45751953125, tensor(1.6564))
INFO:614:train:(3818.924072265625, tensor(1.1939))
INFO:614:test:(5870.755859375, tensor(1.6866))
INFO:615:train:(3836.4375, tensor(1.1925))
INFO:615:test:(5768.45166015625, tensor(1.6399))
INFO:616:train:(3835.869140625, tensor(1.1888))
INFO:616:test:(6001.4248046875, tensor(1.6903))
INFO:617:train:(3801.44482421875, tensor(1.1785))
INFO:617:test:(5883.23583984375, tensor(1.6849))
INFO:618:train:(3795.873291015625, tensor(1.1854))
INFO:618:test:(5947.046875, tensor(1.6800))
INFO:619:train:(3784.644287109375, tensor(1.1758))
INFO:619:test:(5810.58251953125, tensor(1.6519))
INFO:620:train:(3795.13818359375, tensor(1.1796))
INFO:620:test:(5934.00244140625, tensor(1.7006))
INFO:621:train:(3819.03076171875, tensor(1.1890))
INFO:621:test:(5738.75537109375, tensor(1.6531))
INFO:622:train:(3845.97265625, tensor(1.1953))
INFO:622:test:(6098.3525390625, tensor(1.6911))
INFO:623:train:(3845.0927734375, tensor(1.1771))
INFO:623:test:(5703.79638671875, tensor(1.6531))
INFO:624:train:(3840.004150390625, tensor(1.1966))
INFO:624:test:(5915.36376953125, tensor(1.6918))
INFO:625:train:(3813.552490234375, tensor(1.1860))
INFO:625:test:(5819.78125, tensor(1.6491))
INFO:626:train:(3794.24609375, tensor(1.1784))
INFO:626:test:(5973.8603515625, tensor(1.6913))
INFO:627:train:(3777.125, tensor(1.1763))
INFO:627:test:(5881.6923828125, tensor(1.6826))
INFO:628:train:(3776.110107421875, tensor(1.1804))
INFO:628:test:(6047.15380859375, tensor(1.6934))
INFO:629:train:(3790.282958984375, tensor(1.1735))
INFO:629:test:(5769.77587890625, tensor(1.6475))
INFO:630:train:(3829.230712890625, tensor(1.1901))
INFO:630:test:(5993.7197265625, tensor(1.7002))
INFO:631:train:(3848.38818359375, tensor(1.1898))
INFO:631:test:(5682.41845703125, tensor(1.6327))
INFO:632:train:(3895.674560546875, tensor(1.2074))
INFO:632:test:(6139.4990234375, tensor(1.7071))
INFO:633:train:(3876.150390625, tensor(1.1868))
INFO:633:test:(5736.00439453125, tensor(1.6561))
INFO:634:train:(3868.29345703125, tensor(1.2029))
INFO:634:test:(6047.126953125, tensor(1.7084))
INFO:635:train:(3806.58203125, tensor(1.1805))
INFO:635:test:(5924.9873046875, tensor(1.6693))
INFO:636:train:(3761.390625, tensor(1.1696))
INFO:636:test:(5889.51904296875, tensor(1.6828))
INFO:637:train:(3753.48486328125, tensor(1.1743))
INFO:637:test:(5910.80615234375, tensor(1.6741))
INFO:638:train:(3752.584228515625, tensor(1.1705))
INFO:638:test:(5873.74365234375, tensor(1.6526))
INFO:639:train:(3765.69482421875, tensor(1.1706))
INFO:639:test:(6026.84130859375, tensor(1.7061))
INFO:640:train:(3801.306640625, tensor(1.1812))
INFO:640:test:(5789.89501953125, tensor(1.6487))
INFO:641:train:(3869.412841796875, tensor(1.1998))
INFO:641:test:(6092.58544921875, tensor(1.6842))
INFO:642:train:(3824.4462890625, tensor(1.1755))
INFO:642:test:(5799.74560546875, tensor(1.6644))
INFO:643:train:(3783.777099609375, tensor(1.1824))
INFO:643:test:(5959.38134765625, tensor(1.6794))
INFO:644:train:(3748.515380859375, tensor(1.1678))
INFO:644:test:(5976.54150390625, tensor(1.6647))
INFO:645:train:(3746.523193359375, tensor(1.1620))
INFO:645:test:(5896.345703125, tensor(1.6908))
INFO:646:train:(3747.643798828125, tensor(1.1745))
INFO:646:test:(5823.92724609375, tensor(1.6495))
INFO:647:train:(3735.508544921875, tensor(1.1661))
INFO:647:test:(5968.45458984375, tensor(1.6568))
INFO:648:train:(3748.467041015625, tensor(1.1608))
INFO:648:test:(5804.4931640625, tensor(1.6646))
INFO:649:train:(3763.5693359375, tensor(1.1778))
INFO:649:test:(6044.72998046875, tensor(1.6844))
INFO:650:train:(3791.019775390625, tensor(1.1722))
INFO:650:test:(5767.0078125, tensor(1.6142))
INFO:651:train:(3907.849609375, tensor(1.2073))
INFO:651:test:(5943.52099609375, tensor(1.6638))
INFO:652:train:(3810.12744140625, tensor(1.1782))
INFO:652:test:(5875.05810546875, tensor(1.6744))
INFO:653:train:(3747.577880859375, tensor(1.1740))
INFO:653:test:(6228.1171875, tensor(1.6943))
INFO:654:train:(3737.343505859375, tensor(1.1553))
INFO:654:test:(5863.7861328125, tensor(1.6605))
INFO:655:train:(3721.261962890625, tensor(1.1637))
INFO:655:test:(5738.09033203125, tensor(1.6367))
INFO:656:train:(3730.4072265625, tensor(1.1674))
INFO:656:test:(6034.07177734375, tensor(1.6665))
INFO:657:train:(3760.58251953125, tensor(1.1621))
INFO:657:test:(5796.345703125, tensor(1.6457))
INFO:658:train:(3862.711181640625, tensor(1.1968))
INFO:658:test:(5996.4111328125, tensor(1.6711))
INFO:659:train:(3787.751220703125, tensor(1.1724))
INFO:659:test:(5742.31396484375, tensor(1.6218))
INFO:660:train:(3761.508056640625, tensor(1.1737))
INFO:660:test:(6014.9423828125, tensor(1.6661))
INFO:661:train:(3718.109375, tensor(1.1592))
INFO:661:test:(6148.146484375, tensor(1.6970))
INFO:662:train:(3713.64111328125, tensor(1.1585))
INFO:662:test:(6037.81005859375, tensor(1.6707))
INFO:663:train:(3706.218017578125, tensor(1.1557))
INFO:663:test:(5935.32275390625, tensor(1.6597))
INFO:664:train:(3726.76611328125, tensor(1.1614))
INFO:664:test:(5764.6005859375, tensor(1.6306))
INFO:665:train:(3762.990234375, tensor(1.1730))
INFO:665:test:(6094.62548828125, tensor(1.6754))
INFO:666:train:(3816.46875, tensor(1.1724))
INFO:666:test:(5712.6904296875, tensor(1.6261))
INFO:667:train:(3872.390869140625, tensor(1.2006))
INFO:667:test:(5989.19873046875, tensor(1.6476))
INFO:668:train:(3754.282958984375, tensor(1.1594))
INFO:668:test:(5884.0625, tensor(1.6493))
INFO:669:train:(3701.11181640625, tensor(1.1594))
INFO:669:test:(6065.49462890625, tensor(1.6760))
INFO:670:train:(3700.40869140625, tensor(1.1555))
INFO:670:test:(6191.775390625, tensor(1.6816))
INFO:671:train:(3731.12255859375, tensor(1.1540))
INFO:671:test:(5690.802734375, tensor(1.6223))
INFO:672:train:(3797.707763671875, tensor(1.1856))
INFO:672:test:(5892.0087890625, tensor(1.6281))
INFO:673:train:(3767.031982421875, tensor(1.1637))
INFO:673:test:(5856.82666015625, tensor(1.6345))
INFO:674:train:(3723.21923828125, tensor(1.1601))
INFO:674:test:(6052.33154296875, tensor(1.6933))
INFO:675:train:(3733.486572265625, tensor(1.1621))
INFO:675:test:(5876.134765625, tensor(1.6280))
INFO:676:train:(3727.784912109375, tensor(1.1585))
INFO:676:test:(5747.0185546875, tensor(1.6349))
INFO:677:train:(3779.97900390625, tensor(1.1777))
INFO:677:test:(5604.927734375, tensor(1.5879))
INFO:678:train:(3780.978515625, tensor(1.1775))
INFO:678:test:(5941.37109375, tensor(1.6318))
INFO:679:train:(3711.27734375, tensor(1.1491))
INFO:679:test:(5962.50537109375, tensor(1.6772))
INFO:680:train:(3706.87353515625, tensor(1.1607))
INFO:680:test:(5934.22119140625, tensor(1.6288))
INFO:681:train:(3716.848388671875, tensor(1.1529))
INFO:681:test:(5846.3544921875, tensor(1.6343))
INFO:682:train:(3806.5771484375, tensor(1.1767))
INFO:682:test:(5556.00537109375, tensor(1.5816))
INFO:683:train:(3864.93017578125, tensor(1.1989))
INFO:683:test:(6192.97607421875, tensor(1.6707))
INFO:684:train:(3732.882080078125, tensor(1.1456))
INFO:684:test:(5893.3251953125, tensor(1.6718))
INFO:685:train:(3729.7998046875, tensor(1.1694))
INFO:685:test:(5953.2421875, tensor(1.6522))
INFO:686:train:(3786.625732421875, tensor(1.1751))
INFO:686:test:(6036.34912109375, tensor(1.6357))
INFO:687:train:(3767.501953125, tensor(1.1532))
INFO:687:test:(5779.2138671875, tensor(1.6530))
INFO:688:train:(3736.918212890625, tensor(1.1752))
INFO:688:test:(6059.68603515625, tensor(1.6505))
INFO:689:train:(3750.0068359375, tensor(1.1618))
INFO:689:test:(6629.7509765625, tensor(1.7585))
INFO:690:train:(3859.135498046875, tensor(1.1657))
INFO:690:test:(5673.623046875, tensor(1.6459))
INFO:691:train:(3867.999755859375, tensor(1.2083))
INFO:691:test:(5629.9423828125, tensor(1.6066))
INFO:692:train:(3729.56298828125, tensor(1.1677))
INFO:692:test:(6096.47265625, tensor(1.6492))
INFO:693:train:(3838.5390625, tensor(1.1651))
INFO:693:test:(5955.5791015625, tensor(1.6555))
INFO:694:train:(3924.649169921875, tensor(1.2052))
INFO:694:test:(5886.904296875, tensor(1.6687))
INFO:695:train:(3727.324951171875, tensor(1.1684))
INFO:695:test:(5922.1015625, tensor(1.6560))
INFO:696:train:(3809.898193359375, tensor(1.1771))
INFO:696:test:(5836.9208984375, tensor(1.6222))
INFO:697:train:(3859.44775390625, tensor(1.1922))
INFO:697:test:(5774.359375, tensor(1.6210))
INFO:698:train:(3768.033935546875, tensor(1.1747))
INFO:698:test:(6219.54052734375, tensor(1.7217))
INFO:699:train:(3956.145263671875, tensor(1.2103))
INFO:699:test:(6025.04638671875, tensor(1.6734))
INFO:700:train:(3784.026611328125, tensor(1.1755))
INFO:700:test:(5940.4716796875, tensor(1.6500))
INFO:701:train:(4114.703125, tensor(1.2424))
INFO:701:test:(5467.9267578125, tensor(1.5248))
INFO:702:train:(4036.954345703125, tensor(1.2196))
INFO:702:test:(5317.40283203125, tensor(1.5533))
INFO:703:train:(3906.3466796875, tensor(1.2159))
INFO:703:test:(5808.953125, tensor(1.6825))
INFO:704:train:(3828.88818359375, tensor(1.1983))
INFO:704:test:(6906.978515625, tensor(1.8567))
INFO:705:train:(3816.07958984375, tensor(1.1644))
INFO:705:test:(7296.2470703125, tensor(1.9264))
INFO:706:train:(3935.57958984375, tensor(1.1774))
INFO:706:test:(6277.9599609375, tensor(1.7721))
INFO:707:train:(3826.744384765625, tensor(1.1811))
INFO:707:test:(5822.82958984375, tensor(1.6773))
INFO:708:train:(4015.943359375, tensor(1.2302))
INFO:708:test:(5399.41748046875, tensor(1.5986))
INFO:709:train:(3887.352294921875, tensor(1.2095))
INFO:709:test:(5168.9267578125, tensor(1.5391))
INFO:710:train:(4068.48779296875, tensor(1.2471))
INFO:710:test:(5275.00439453125, tensor(1.5142))
INFO:711:train:(3881.04541015625, tensor(1.1854))
INFO:711:test:(5943.4755859375, tensor(1.6547))
INFO:712:train:(3967.780029296875, tensor(1.1975))
INFO:712:test:(6118.51953125, tensor(1.7489))
INFO:713:train:(3809.74560546875, tensor(1.1898))
INFO:713:test:(6574.86376953125, tensor(1.8846))
INFO:714:train:(3941.33349609375, tensor(1.2177))
INFO:714:test:(6874.7041015625, tensor(1.8991))
INFO:715:train:(3765.8779296875, tensor(1.1666))
INFO:715:test:(6865.27783203125, tensor(1.8342))
INFO:716:train:(3950.021728515625, tensor(1.1727))
INFO:716:test:(6309.2734375, tensor(1.7887))
INFO:717:train:(3704.564697265625, tensor(1.1594))
INFO:717:test:(5994.916015625, tensor(1.7659))
INFO:718:train:(3844.529052734375, tensor(1.1994))
INFO:718:test:(5705.7724609375, tensor(1.6599))
INFO:719:train:(3751.78857421875, tensor(1.1728))
INFO:719:test:(5862.10498046875, tensor(1.6633))
INFO:720:train:(3807.235595703125, tensor(1.1655))
INFO:720:test:(5830.767578125, tensor(1.6766))
INFO:721:train:(3772.282958984375, tensor(1.1668))
INFO:721:test:(6278.9296875, tensor(1.8266))
INFO:722:train:(3720.017822265625, tensor(1.1658))
INFO:722:test:(6726.279296875, tensor(1.9225))
INFO:723:train:(3829.268798828125, tensor(1.1887))
INFO:723:test:(6840.3974609375, tensor(1.9277))
INFO:724:train:(3717.21044921875, tensor(1.1608))
INFO:724:test:(6965.3408203125, tensor(1.9213))
INFO:725:train:(3751.5751953125, tensor(1.1593))
INFO:725:test:(6937.07275390625, tensor(1.8995))
INFO:726:train:(3708.680419921875, tensor(1.1477))
INFO:726:test:(6702.134765625, tensor(1.8620))
INFO:727:train:(3693.88671875, tensor(1.1562))
INFO:727:test:(6422.943359375, tensor(1.8011))
INFO:728:train:(3724.2724609375, tensor(1.1638))
INFO:728:test:(6267.83447265625, tensor(1.7237))
INFO:729:train:(3677.788818359375, tensor(1.1434))
INFO:729:test:(6238.9697265625, tensor(1.7127))
INFO:730:train:(3719.955078125, tensor(1.1492))
INFO:730:test:(6154.8681640625, tensor(1.7407))
INFO:731:train:(3666.829345703125, tensor(1.1497))
INFO:731:test:(6275.52490234375, tensor(1.7855))
INFO:732:train:(3685.26904296875, tensor(1.1531))
INFO:732:test:(6508.53759765625, tensor(1.8026))
INFO:733:train:(3673.2138671875, tensor(1.1383))
INFO:733:test:(6684.32666015625, tensor(1.8426))
INFO:734:train:(3664.052001953125, tensor(1.1316))
INFO:734:test:(6654.58935546875, tensor(1.8804))
INFO:735:train:(3682.87060546875, tensor(1.1490))
INFO:735:test:(6678.87060546875, tensor(1.8892))
INFO:736:train:(3658.97021484375, tensor(1.1442))
INFO:736:test:(6646.59033203125, tensor(1.8552))
INFO:737:train:(3651.9580078125, tensor(1.1368))
INFO:737:test:(6491.767578125, tensor(1.7970))
INFO:738:train:(3661.437744140625, tensor(1.1384))
INFO:738:test:(6479.5009765625, tensor(1.7954))
INFO:739:train:(3631.532470703125, tensor(1.1347))
INFO:739:test:(6513.47412109375, tensor(1.8033))
INFO:740:train:(3651.3134765625, tensor(1.1420))
INFO:740:test:(6584.080078125, tensor(1.8076))
INFO:741:train:(3636.748046875, tensor(1.1361))
INFO:741:test:(6675.24951171875, tensor(1.8260))
INFO:742:train:(3629.93115234375, tensor(1.1319))
INFO:742:test:(6772.59228515625, tensor(1.8632))
INFO:743:train:(3636.33349609375, tensor(1.1370))
INFO:743:test:(6816.6484375, tensor(1.8805))
INFO:744:train:(3620.16064453125, tensor(1.1336))
INFO:744:test:(6853.28662109375, tensor(1.8753))
INFO:745:train:(3622.5810546875, tensor(1.1279))
INFO:745:test:(6904.884765625, tensor(1.8858))
INFO:746:train:(3622.84716796875, tensor(1.1263))
INFO:746:test:(6783.69287109375, tensor(1.8778))
INFO:747:train:(3612.512451171875, tensor(1.1322))
INFO:747:test:(6737.44091796875, tensor(1.8613))
INFO:748:train:(3615.39453125, tensor(1.1322))
INFO:748:test:(6915.41015625, tensor(1.8907))
INFO:749:train:(3613.980224609375, tensor(1.1242))
INFO:749:test:(6801.5634765625, tensor(1.8674))
INFO:750:train:(3601.667236328125, tensor(1.1267))
INFO:750:test:(6783.54052734375, tensor(1.8663))
INFO:751:train:(3607.20361328125, tensor(1.1304))
INFO:751:test:(6979.46875, tensor(1.9016))
INFO:752:train:(3599.85888671875, tensor(1.1227))
INFO:752:test:(7002.4931640625, tensor(1.9075))
INFO:753:train:(3595.383056640625, tensor(1.1227))
INFO:753:test:(6895.94287109375, tensor(1.8893))
INFO:754:train:(3598.4375, tensor(1.1288))
INFO:754:test:(6965.72021484375, tensor(1.9026))
INFO:755:train:(3591.509765625, tensor(1.1246))
INFO:755:test:(7092.3798828125, tensor(1.9327))
INFO:756:train:(3589.927978515625, tensor(1.1199))
INFO:756:test:(7015.421875, tensor(1.9180))
INFO:757:train:(3588.507568359375, tensor(1.1232))
INFO:757:test:(7016.7763671875, tensor(1.9182))
INFO:758:train:(3587.422119140625, tensor(1.1235))
INFO:758:test:(7167.37353515625, tensor(1.9530))
INFO:759:train:(3581.886474609375, tensor(1.1171))
INFO:759:test:(7168.18701171875, tensor(1.9541))
INFO:760:train:(3580.296630859375, tensor(1.1168))
INFO:760:test:(7074.7265625, tensor(1.9331))
INFO:761:train:(3581.0107421875, tensor(1.1207))
INFO:761:test:(7163.24072265625, tensor(1.9565))
INFO:762:train:(3575.783447265625, tensor(1.1176))
INFO:762:test:(7267.08642578125, tensor(1.9819))
INFO:763:train:(3573.4443359375, tensor(1.1152))
INFO:763:test:(7239.017578125, tensor(1.9765))
INFO:764:train:(3572.061279296875, tensor(1.1186))
INFO:764:test:(7325.2763671875, tensor(1.9990))
INFO:765:train:(3570.21142578125, tensor(1.1170))
INFO:765:test:(7441.51953125, tensor(2.0258))
INFO:766:train:(3568.8818359375, tensor(1.1126))
INFO:766:test:(7330.2060546875, tensor(2.0039))
INFO:767:train:(3565.193115234375, tensor(1.1164))
INFO:767:test:(7356.5791015625, tensor(2.0120))
INFO:768:train:(3562.470947265625, tensor(1.1150))
INFO:768:test:(7461.9541015625, tensor(2.0354))
INFO:769:train:(3562.202392578125, tensor(1.1116))
INFO:769:test:(7407.40576171875, tensor(2.0256))
INFO:770:train:(3559.918701171875, tensor(1.1144))
INFO:770:test:(7471.93505859375, tensor(2.0397))
INFO:771:train:(3557.388916015625, tensor(1.1124))
INFO:771:test:(7543.56982421875, tensor(2.0555))
INFO:772:train:(3555.7333984375, tensor(1.1097))
INFO:772:test:(7492.88134765625, tensor(2.0454))
INFO:773:train:(3552.76318359375, tensor(1.1119))
INFO:773:test:(7541.421875, tensor(2.0568))
INFO:774:train:(3550.42236328125, tensor(1.1104))
INFO:774:test:(7618.802734375, tensor(2.0738))
INFO:775:train:(3549.33837890625, tensor(1.1076))
INFO:775:test:(7575.89990234375, tensor(2.0668))
INFO:776:train:(3547.630126953125, tensor(1.1101))
INFO:776:test:(7616.70947265625, tensor(2.0767))
INFO:777:train:(3545.069091796875, tensor(1.1082))
INFO:777:test:(7665.44580078125, tensor(2.0881))
INFO:778:train:(3544.04931640625, tensor(1.1061))
INFO:778:test:(7602.5439453125, tensor(2.0776))
INFO:779:train:(3543.15234375, tensor(1.1092))
INFO:779:test:(7709.1572265625, tensor(2.1006))
INFO:780:train:(3541.206298828125, tensor(1.1053))
INFO:780:test:(7707.953125, tensor(2.1020))
INFO:781:train:(3541.11767578125, tensor(1.1059))
INFO:781:test:(7698.08642578125, tensor(2.1006))
INFO:782:train:(3546.919189453125, tensor(1.1086))
INFO:782:test:(7750.34765625, tensor(2.1129))
INFO:783:train:(3571.134765625, tensor(1.1121))
INFO:783:test:(7802.6904296875, tensor(2.1250))
INFO:784:train:(3614.859375, tensor(1.1208))
INFO:784:test:(7574.9931640625, tensor(2.0780))
INFO:785:train:(3616.0615234375, tensor(1.1279))
INFO:785:test:(7904.11962890625, tensor(2.1507))
INFO:786:train:(3598.96435546875, tensor(1.1101))
INFO:786:test:(7585.12890625, tensor(2.0858))
INFO:787:train:(3567.0517578125, tensor(1.1177))
INFO:787:test:(7767.6103515625, tensor(2.1295))
INFO:788:train:(3538.044189453125, tensor(1.1069))
INFO:788:test:(7997.67431640625, tensor(2.1851))
INFO:789:train:(3537.213134765625, tensor(1.0971))
INFO:789:test:(7862.5009765625, tensor(2.1562))
INFO:790:train:(3546.16455078125, tensor(1.1096))
INFO:790:test:(8042.39697265625, tensor(2.1961))
INFO:791:train:(3541.911865234375, tensor(1.1024))
INFO:791:test:(7996.4921875, tensor(2.1879))
INFO:792:train:(3558.345947265625, tensor(1.1072))
INFO:792:test:(7927.45751953125, tensor(2.1700))
INFO:793:train:(3563.70947265625, tensor(1.1149))
INFO:793:test:(8058.50341796875, tensor(2.1989))
INFO:794:train:(3547.295166015625, tensor(1.1033))
INFO:794:test:(8128.2666015625, tensor(2.2132))
INFO:795:train:(3539.3037109375, tensor(1.0980))
INFO:795:test:(7894.232421875, tensor(2.1666))
INFO:796:train:(3550.533935546875, tensor(1.1140))
INFO:796:test:(8169.93896484375, tensor(2.2344))
INFO:797:train:(3533.2265625, tensor(1.0958))
INFO:797:test:(8169.0478515625, tensor(2.2355))
INFO:798:train:(3521.354248046875, tensor(1.0995))
INFO:798:test:(8162.04931640625, tensor(2.2338))
INFO:799:train:(3534.164794921875, tensor(1.1056))
INFO:799:test:(8411.697265625, tensor(2.2911))
INFO:800:train:(3531.406005859375, tensor(1.0924))
INFO:800:test:(8155.56787109375, tensor(2.2387))
INFO:801:train:(3522.226318359375, tensor(1.1048))
INFO:801:test:(8190.61279296875, tensor(2.2456))
INFO:802:train:(3514.554931640625, tensor(1.1001))
INFO:802:test:(8366.75390625, tensor(2.2820))
INFO:803:train:(3517.21484375, tensor(1.0932))
INFO:803:test:(8261.12890625, tensor(2.2541))
INFO:804:train:(3529.52197265625, tensor(1.1012))
INFO:804:test:(8396.05078125, tensor(2.2843))
INFO:805:train:(3515.08740234375, tensor(1.0899))
INFO:805:test:(8275.462890625, tensor(2.2632))
INFO:806:train:(3504.00927734375, tensor(1.0958))
INFO:806:test:(8248.9638671875, tensor(2.2596))
INFO:807:train:(3509.1708984375, tensor(1.1004))
INFO:807:test:(8453.2783203125, tensor(2.3065))
INFO:808:train:(3500.021728515625, tensor(1.0912))
INFO:808:test:(8503.2861328125, tensor(2.3155))
INFO:809:train:(3504.60205078125, tensor(1.0887))
INFO:809:test:(8380.373046875, tensor(2.2828))
INFO:810:train:(3507.572998046875, tensor(1.0925))
INFO:810:test:(8387.7646484375, tensor(2.2895))
INFO:811:train:(3497.8974609375, tensor(1.0928))
INFO:811:test:(8516.1435546875, tensor(2.3216))
INFO:812:train:(3500.9794921875, tensor(1.0901))
INFO:812:test:(8473.83984375, tensor(2.3132))
INFO:813:train:(3502.45556640625, tensor(1.0945))
INFO:813:test:(8582.6904296875, tensor(2.3357))
INFO:814:train:(3503.15283203125, tensor(1.0869))
INFO:814:test:(8416.76953125, tensor(2.3017))
INFO:815:train:(3504.850830078125, tensor(1.0946))
INFO:815:test:(8550.0537109375, tensor(2.3336))
INFO:816:train:(3505.62890625, tensor(1.0890))
INFO:816:test:(8506.8935546875, tensor(2.3242))
INFO:817:train:(3536.493896484375, tensor(1.0983))
INFO:817:test:(8497.3115234375, tensor(2.3163))
INFO:818:train:(3568.173583984375, tensor(1.1072))
INFO:818:test:(8490.74609375, tensor(2.3157))
INFO:819:train:(3507.342529296875, tensor(1.0914))
INFO:819:test:(8659.50390625, tensor(2.3572))
INFO:820:train:(3499.55419921875, tensor(1.0806))
INFO:820:test:(8388.8876953125, tensor(2.3018))
INFO:821:train:(3520.125, tensor(1.1034))
INFO:821:test:(8669.1328125, tensor(2.3736))
INFO:822:train:(3497.931396484375, tensor(1.0852))
INFO:822:test:(8692.177734375, tensor(2.3773))
INFO:823:train:(3474.549072265625, tensor(1.0822))
INFO:823:test:(8761.880859375, tensor(2.3992))
INFO:824:train:(3487.842529296875, tensor(1.0861))
INFO:824:test:(8789.6923828125, tensor(2.4004))
INFO:825:train:(3470.3447265625, tensor(1.0834))
INFO:825:test:(8834.9306640625, tensor(2.4117))
INFO:826:train:(3473.81103515625, tensor(1.0828))
INFO:826:test:(8804.6953125, tensor(2.4006))
INFO:827:train:(3470.67724609375, tensor(1.0820))
INFO:827:test:(8768.29296875, tensor(2.3872))
INFO:828:train:(3466.478271484375, tensor(1.0761))
INFO:828:test:(8634.990234375, tensor(2.3573))
INFO:829:train:(3468.349853515625, tensor(1.0792))
INFO:829:test:(8811.91015625, tensor(2.4083))
INFO:830:train:(3459.595947265625, tensor(1.0767))
INFO:830:test:(8960.34375, tensor(2.4525))
INFO:831:train:(3461.591796875, tensor(1.0798))
INFO:831:test:(9105.5830078125, tensor(2.4885))
INFO:832:train:(3464.658203125, tensor(1.0770))
INFO:832:test:(8928.4169921875, tensor(2.4409))
INFO:833:train:(3478.494384765625, tensor(1.0827))
INFO:833:test:(8843.5009765625, tensor(2.4125))
INFO:834:train:(3518.77587890625, tensor(1.0864))
INFO:834:test:(8548.2958984375, tensor(2.3498))
INFO:835:train:(3586.51708984375, tensor(1.1159))
INFO:835:test:(8832.8828125, tensor(2.4176))
INFO:836:train:(3620.831298828125, tensor(1.1059))
INFO:836:test:(8585.5283203125, tensor(2.3624))
INFO:837:train:(3489.284423828125, tensor(1.0914))
INFO:837:test:(8793.0302734375, tensor(2.4093))
INFO:838:train:(3476.74658203125, tensor(1.0804))
INFO:838:test:(9290.02734375, tensor(2.5299))
INFO:839:train:(3589.78466796875, tensor(1.0891))
INFO:839:test:(8157.36474609375, tensor(2.2943))
INFO:840:train:(3701.39794921875, tensor(1.1485))
INFO:840:test:(7988.1005859375, tensor(2.2671))
INFO:841:train:(3555.393798828125, tensor(1.1079))
INFO:841:test:(8428.083984375, tensor(2.3476))
INFO:842:train:(3640.593994140625, tensor(1.1087))
INFO:842:test:(8534.9541015625, tensor(2.3857))
INFO:843:train:(3643.088134765625, tensor(1.1213))
INFO:843:test:(8699.59375, tensor(2.4419))
INFO:844:train:(3598.61474609375, tensor(1.1198))
INFO:844:test:(9014.3271484375, tensor(2.4910))
INFO:845:train:(3580.57958984375, tensor(1.1084))
INFO:845:test:(9098.302734375, tensor(2.4952))
INFO:846:train:(3553.56494140625, tensor(1.1019))
INFO:846:test:(9068.5849609375, tensor(2.4889))
INFO:847:train:(3558.3125, tensor(1.1085))
INFO:847:test:(9221.23046875, tensor(2.5328))
INFO:848:train:(3518.035888671875, tensor(1.0945))
INFO:848:test:(9350.6494140625, tensor(2.5733))
INFO:849:train:(3519.019287109375, tensor(1.0878))
INFO:849:test:(9178.5234375, tensor(2.5432))
INFO:850:train:(3496.974853515625, tensor(1.0927))
INFO:850:test:(9321.435546875, tensor(2.5952))
INFO:851:train:(3519.270751953125, tensor(1.1051))
INFO:851:test:(9745.6787109375, tensor(2.6888))
INFO:852:train:(3473.80810546875, tensor(1.0857))
INFO:852:test:(10068.966796875, tensor(2.7567))
INFO:853:train:(3495.385009765625, tensor(1.0769))
INFO:853:test:(9797.2705078125, tensor(2.6861))
INFO:854:train:(3482.027587890625, tensor(1.0873))
INFO:854:test:(9589.26953125, tensor(2.6359))
INFO:855:train:(3463.528564453125, tensor(1.0832))
INFO:855:test:(9606.8955078125, tensor(2.6326))
INFO:856:train:(3477.21533203125, tensor(1.0678))
INFO:856:test:(9293.708984375, tensor(2.5665))
INFO:857:train:(3451.086669921875, tensor(1.0774))
INFO:857:test:(9234.69140625, tensor(2.5531))
INFO:858:train:(3469.0556640625, tensor(1.0824))
INFO:858:test:(9406.765625, tensor(2.5915))
INFO:859:train:(3465.71533203125, tensor(1.0710))
INFO:859:test:(9192.1201171875, tensor(2.5236))
INFO:860:train:(3438.46337890625, tensor(1.0675))
INFO:860:test:(9170.8515625, tensor(2.5231))
INFO:861:train:(3446.31103515625, tensor(1.0751))
INFO:861:test:(9261.3623046875, tensor(2.5343))
INFO:862:train:(3441.3427734375, tensor(1.0678))
INFO:862:test:(9312.939453125, tensor(2.5462))
INFO:863:train:(3433.733154296875, tensor(1.0629))
INFO:863:test:(9202.3251953125, tensor(2.5317))
INFO:864:train:(3435.144287109375, tensor(1.0717))
INFO:864:test:(9286.294921875, tensor(2.5612))
INFO:865:train:(3427.265380859375, tensor(1.0670))
INFO:865:test:(9394.708984375, tensor(2.5916))
INFO:866:train:(3427.603271484375, tensor(1.0618))
INFO:866:test:(9348.537109375, tensor(2.5814))
INFO:867:train:(3419.401123046875, tensor(1.0631))
INFO:867:test:(9403.419921875, tensor(2.5864))
INFO:868:train:(3412.40478515625, tensor(1.0595))
INFO:868:test:(9450.8779296875, tensor(2.5888))
INFO:869:train:(3413.47314453125, tensor(1.0578))
INFO:869:test:(9319.693359375, tensor(2.5557))
INFO:870:train:(3411.05517578125, tensor(1.0631))
INFO:870:test:(9405.484375, tensor(2.5798))
INFO:871:train:(3402.193115234375, tensor(1.0590))
INFO:871:test:(9569.306640625, tensor(2.6246))
INFO:872:train:(3402.99267578125, tensor(1.0539))
INFO:872:test:(9532.341796875, tensor(2.6206))
INFO:873:train:(3402.9453125, tensor(1.0590))
INFO:873:test:(9631.1171875, tensor(2.6492))
INFO:874:train:(3397.655517578125, tensor(1.0563))
INFO:874:test:(9651.716796875, tensor(2.6537))
INFO:875:train:(3401.86279296875, tensor(1.0549))
INFO:875:test:(9699.98828125, tensor(2.6655))
INFO:876:train:(3392.09716796875, tensor(1.0550))
INFO:876:test:(9723.9921875, tensor(2.6723))
INFO:877:train:(3386.666015625, tensor(1.0511))
INFO:877:test:(9636.544921875, tensor(2.6521))
INFO:878:train:(3387.52392578125, tensor(1.0502))
INFO:878:test:(9578.8779296875, tensor(2.6428))
INFO:879:train:(3383.975830078125, tensor(1.0537))
INFO:879:test:(9705.6552734375, tensor(2.6754))
INFO:880:train:(3376.098388671875, tensor(1.0498))
INFO:880:test:(9840.146484375, tensor(2.7089))
INFO:881:train:(3376.871826171875, tensor(1.0471))
INFO:881:test:(9798.5029296875, tensor(2.6987))
INFO:882:train:(3378.54443359375, tensor(1.0499))
INFO:882:test:(9697.490234375, tensor(2.6736))
INFO:883:train:(3378.176513671875, tensor(1.0476))
INFO:883:test:(9827.6767578125, tensor(2.7101))
INFO:884:train:(3372.8251953125, tensor(1.0449))
INFO:884:test:(9788.4033203125, tensor(2.7039))
INFO:885:train:(3376.682373046875, tensor(1.0490))
INFO:885:test:(9658.685546875, tensor(2.6731))
INFO:886:train:(3394.046630859375, tensor(1.0446))
INFO:886:test:(9424.7841796875, tensor(2.6299))
INFO:887:train:(3451.218017578125, tensor(1.0764))
INFO:887:test:(9724.2568359375, tensor(2.6994))
INFO:888:train:(3379.2861328125, tensor(1.0454))
INFO:888:test:(9789.869140625, tensor(2.7191))
INFO:889:train:(3369.79296875, tensor(1.0436))
INFO:889:test:(10083.5498046875, tensor(2.7881))
INFO:890:train:(3377.95654296875, tensor(1.0488))
INFO:890:test:(9575.3935546875, tensor(2.6592))
INFO:891:train:(3368.98291015625, tensor(1.0437))
INFO:891:test:(9547.29296875, tensor(2.6589))
INFO:892:train:(3371.589599609375, tensor(1.0502))
INFO:892:test:(10110.0166015625, tensor(2.7932))
INFO:893:train:(3397.7861328125, tensor(1.0457))
INFO:893:test:(9326.8271484375, tensor(2.6124))
INFO:894:train:(3552.681640625, tensor(1.0952))
INFO:894:test:(9746.970703125, tensor(2.7199))
INFO:895:train:(3512.4267578125, tensor(1.0755))
INFO:895:test:(9631.93359375, tensor(2.7044))
INFO:896:train:(3408.9345703125, tensor(1.0586))
INFO:896:test:(10189.078125, tensor(2.8407))
INFO:897:train:(3421.58349609375, tensor(1.0512))
INFO:897:test:(10609.388671875, tensor(2.9421))
INFO:898:train:(3657.51611328125, tensor(1.1030))
INFO:898:test:(9213.458984375, tensor(2.6310))
INFO:899:train:(3533.954833984375, tensor(1.1009))
INFO:899:test:(8555.486328125, tensor(2.4293))
INFO:900:train:(3726.2587890625, tensor(1.1394))
INFO:900:test:(9131.6484375, tensor(2.5572))
INFO:901:train:(3676.216796875, tensor(1.1094))
INFO:901:test:(10294.392578125, tensor(2.8557))
INFO:902:train:(3446.245361328125, tensor(1.0733))
INFO:902:test:(11730.525390625, tensor(3.2188))
INFO:903:train:(3628.351806640625, tensor(1.1031))
INFO:903:test:(10727.2080078125, tensor(2.9893))
INFO:904:train:(3491.351806640625, tensor(1.0788))
INFO:904:test:(9791.8740234375, tensor(2.7828))
INFO:905:train:(3530.89697265625, tensor(1.0782))
INFO:905:test:(9668.1640625, tensor(2.7929))
INFO:906:train:(3513.214599609375, tensor(1.0811))
INFO:906:test:(10247.3544921875, tensor(2.9622))
INFO:907:train:(3470.779296875, tensor(1.0819))
INFO:907:test:(11040.484375, tensor(3.1321))
INFO:908:train:(3524.28857421875, tensor(1.0844))
INFO:908:test:(11123.22265625, tensor(3.1188))
INFO:909:train:(3415.551513671875, tensor(1.0530))
INFO:909:test:(10055.3291015625, tensor(2.8457))
INFO:910:train:(3483.2802734375, tensor(1.0688))
INFO:910:test:(10015.421875, tensor(2.8214))
INFO:911:train:(3484.376708984375, tensor(1.0669))
INFO:911:test:(10397.560546875, tensor(2.9216))
INFO:912:train:(3457.09326171875, tensor(1.0724))
INFO:912:test:(11299.4912109375, tensor(3.1464))
INFO:913:train:(3420.20361328125, tensor(1.0529))
INFO:913:test:(11352.1103515625, tensor(3.1737))
INFO:914:train:(3459.984375, tensor(1.0467))
INFO:914:test:(10227.9140625, tensor(2.9028))
INFO:915:train:(3399.09033203125, tensor(1.0503))
INFO:915:test:(9633.1279296875, tensor(2.7446))
INFO:916:train:(3429.9638671875, tensor(1.0718))
INFO:916:test:(9717.6494140625, tensor(2.7291))
INFO:917:train:(3391.260009765625, tensor(1.0559))
INFO:917:test:(10370.0966796875, tensor(2.8480))
INFO:918:train:(3385.747314453125, tensor(1.0457))
INFO:918:test:(10539.396484375, tensor(2.8778))
INFO:919:train:(3406.630859375, tensor(1.0499))
INFO:919:test:(9897.75, tensor(2.7199))
INFO:920:train:(3363.626953125, tensor(1.0439))
INFO:920:test:(9442.099609375, tensor(2.6087))
INFO:921:train:(3378.474609375, tensor(1.0488))
INFO:921:test:(9281.0966796875, tensor(2.5797))
INFO:922:train:(3372.255615234375, tensor(1.0488))
INFO:922:test:(9636.33984375, tensor(2.6702))
INFO:923:train:(3348.487548828125, tensor(1.0313))
INFO:923:test:(10110.837890625, tensor(2.8069))
INFO:924:train:(3350.16162109375, tensor(1.0293))
INFO:924:test:(9952.3466796875, tensor(2.7664))
INFO:925:train:(3358.1083984375, tensor(1.0382))
INFO:925:test:(9784.0986328125, tensor(2.7064))
INFO:926:train:(3343.754150390625, tensor(1.0284))
INFO:926:test:(9494.5234375, tensor(2.6378))
INFO:927:train:(3330.105712890625, tensor(1.0284))
INFO:927:test:(9448.9345703125, tensor(2.6335))
INFO:928:train:(3333.5458984375, tensor(1.0338))
INFO:928:test:(9898.1171875, tensor(2.7479))
INFO:929:train:(3325.1611328125, tensor(1.0252))
INFO:929:test:(10067.771484375, tensor(2.7969))
INFO:930:train:(3320.38037109375, tensor(1.0261))
INFO:930:test:(10146.0595703125, tensor(2.8178))
INFO:931:train:(3316.222412109375, tensor(1.0281))
INFO:931:test:(10197.9794921875, tensor(2.8251))
INFO:932:train:(3314.6474609375, tensor(1.0259))
INFO:932:test:(10116.427734375, tensor(2.8092))
INFO:933:train:(3310.198486328125, tensor(1.0275))
INFO:933:test:(10377.0830078125, tensor(2.8816))
INFO:934:train:(3309.42626953125, tensor(1.0203))
INFO:934:test:(10566.5361328125, tensor(2.9416))
INFO:935:train:(3300.71630859375, tensor(1.0188))
INFO:935:test:(10429.4443359375, tensor(2.9000))
INFO:936:train:(3294.85986328125, tensor(1.0209))
INFO:936:test:(10302.337890625, tensor(2.8645))
INFO:937:train:(3301.533447265625, tensor(1.0207))
INFO:937:test:(10102.578125, tensor(2.8192))
INFO:938:train:(3297.90576171875, tensor(1.0256))
INFO:938:test:(10110.6103515625, tensor(2.8077))
INFO:939:train:(3305.323974609375, tensor(1.0192))
INFO:939:test:(9921.91796875, tensor(2.7697))
INFO:940:train:(3312.103759765625, tensor(1.0253))
INFO:940:test:(10281.4287109375, tensor(2.8487))
INFO:941:train:(3306.98828125, tensor(1.0182))
INFO:941:test:(10362.1787109375, tensor(2.8902))
INFO:942:train:(3333.302001953125, tensor(1.0359))
INFO:942:test:(10570.357421875, tensor(2.9349))
INFO:943:train:(3320.4990234375, tensor(1.0189))
INFO:943:test:(10484.86328125, tensor(2.9378))
INFO:944:train:(3312.232177734375, tensor(1.0256))
INFO:944:test:(10739.140625, tensor(2.9955))
INFO:945:train:(3277.409912109375, tensor(1.0165))
INFO:945:test:(10823.056640625, tensor(3.0098))
INFO:946:train:(3295.72900390625, tensor(1.0172))
INFO:946:test:(10524.607421875, tensor(2.9522))
INFO:947:train:(3343.420166015625, tensor(1.0361))
INFO:947:test:(10953.2666015625, tensor(3.0367))
INFO:948:train:(3333.064208984375, tensor(1.0197))
INFO:948:test:(10801.6865234375, tensor(3.0233))
INFO:949:train:(3289.95556640625, tensor(1.0211))
INFO:949:test:(10929.517578125, tensor(3.0531))
INFO:950:train:(3268.1298828125, tensor(1.0154))
INFO:950:test:(11094.158203125, tensor(3.0795))
INFO:951:train:(3309.6044921875, tensor(1.0172))
INFO:951:test:(10760.857421875, tensor(3.0145))
INFO:952:train:(3342.395263671875, tensor(1.0381))
INFO:952:test:(10913.07421875, tensor(3.0358))
INFO:953:train:(3292.22900390625, tensor(1.0138))
INFO:953:test:(11247.1044921875, tensor(3.1153))
INFO:954:train:(3283.02294921875, tensor(1.0105))
INFO:954:test:(11086.2021484375, tensor(3.1114))
INFO:955:train:(3329.3173828125, tensor(1.0351))
INFO:955:test:(11107.591796875, tensor(3.1050))
INFO:956:train:(3279.7431640625, tensor(1.0145))
INFO:956:test:(11126.818359375, tensor(3.0999))
INFO:957:train:(3263.139404296875, tensor(1.0125))
INFO:957:test:(11149.56640625, tensor(3.1209))
INFO:958:train:(3282.42529296875, tensor(1.0169))
INFO:958:test:(11360.1220703125, tensor(3.1863))
INFO:959:train:(3258.247802734375, tensor(1.0037))
INFO:959:test:(11575.431640625, tensor(3.2406))
INFO:960:train:(3254.763427734375, tensor(1.0073))
INFO:960:test:(11389.08984375, tensor(3.2021))
INFO:961:train:(3274.03125, tensor(1.0197))
INFO:961:test:(11237.0986328125, tensor(3.1495))
INFO:962:train:(3250.294921875, tensor(1.0060))
INFO:962:test:(11573.9404296875, tensor(3.2141))
INFO:963:train:(3248.244873046875, tensor(1.0016))
INFO:963:test:(11915.4462890625, tensor(3.3098))
INFO:964:train:(3253.156982421875, tensor(1.0096))
INFO:964:test:(11650.7392578125, tensor(3.2548))
INFO:965:train:(3252.6064453125, tensor(1.0083))
INFO:965:test:(11325.611328125, tensor(3.1892))
INFO:966:train:(3238.793212890625, tensor(1.0091))
INFO:966:test:(11374.9140625, tensor(3.1945))
INFO:967:train:(3234.84619140625, tensor(1.0022))
INFO:967:test:(11602.8359375, tensor(3.2514))
INFO:968:train:(3233.13427734375, tensor(0.9984))
INFO:968:test:(11723.05078125, tensor(3.2902))
INFO:969:train:(3238.671875, tensor(1.0050))
INFO:969:test:(11615.923828125, tensor(3.2606))
INFO:970:train:(3234.18310546875, tensor(1.0007))
INFO:970:test:(11409.29296875, tensor(3.2201))
INFO:971:train:(3234.508056640625, tensor(1.0063))
INFO:971:test:(11733.0048828125, tensor(3.2927))
INFO:972:train:(3222.8505859375, tensor(0.9981))
INFO:972:test:(11920.71875, tensor(3.3425))
INFO:973:train:(3216.45947265625, tensor(0.9969))
INFO:973:test:(11715.138671875, tensor(3.2967))
INFO:974:train:(3217.503662109375, tensor(0.9996))
INFO:974:test:(11712.5625, tensor(3.2874))
INFO:975:train:(3223.446044921875, tensor(0.9978))
INFO:975:test:(11790.916015625, tensor(3.3124))
INFO:976:train:(3241.432861328125, tensor(1.0072))
INFO:976:test:(11984.458984375, tensor(3.3516))
INFO:977:train:(3251.715576171875, tensor(1.0008))
INFO:977:test:(11833.91015625, tensor(3.3321))
INFO:978:train:(3247.236083984375, tensor(1.0098))
INFO:978:test:(11852.9736328125, tensor(3.3251))
INFO:979:train:(3222.02734375, tensor(0.9966))
INFO:979:test:(11743.6904296875, tensor(3.3094))
INFO:980:train:(3208.413330078125, tensor(0.9958))
INFO:980:test:(11995.4736328125, tensor(3.3656))
INFO:981:train:(3200.254638671875, tensor(0.9917))
INFO:981:test:(11946.7421875, tensor(3.3565))
INFO:982:train:(3198.922607421875, tensor(0.9921))
INFO:982:test:(11831.953125, tensor(3.3395))
INFO:983:train:(3216.90673828125, tensor(1.0020))
INFO:983:test:(12150.9287109375, tensor(3.3975))
INFO:984:train:(3232.833984375, tensor(0.9958))
INFO:984:test:(11957.96875, tensor(3.3775))
INFO:985:train:(3265.40869140625, tensor(1.0118))
INFO:985:test:(12114.6435546875, tensor(3.3930))
INFO:986:train:(3239.316162109375, tensor(0.9992))
INFO:986:test:(12038.2294921875, tensor(3.4020))
INFO:987:train:(3206.963134765625, tensor(0.9958))
INFO:987:test:(12325.1513671875, tensor(3.4677))
INFO:988:train:(3186.20654296875, tensor(0.9884))
INFO:988:test:(12412.64453125, tensor(3.4783))
INFO:989:train:(3209.673583984375, tensor(0.9915))
INFO:989:test:(11936.7177734375, tensor(3.3889))
INFO:990:train:(3259.61279296875, tensor(1.0140))
INFO:990:test:(12280.193359375, tensor(3.4476))
INFO:991:train:(3220.83349609375, tensor(0.9939))
INFO:991:test:(12571.177734375, tensor(3.5370))
INFO:992:train:(3185.6044921875, tensor(0.9862))
INFO:992:test:(12490.220703125, tensor(3.5254))
INFO:993:train:(3185.15966796875, tensor(0.9886))
INFO:993:test:(12441.1953125, tensor(3.4992))
INFO:994:train:(3213.223388671875, tensor(0.9929))
INFO:994:test:(12493.298828125, tensor(3.5257))
INFO:995:train:(3243.734375, tensor(1.0074))
INFO:995:test:(12659.939453125, tensor(3.5617))
INFO:996:train:(3201.744140625, tensor(0.9881))
INFO:996:test:(12616.4375, tensor(3.5549))
INFO:997:train:(3184.576416015625, tensor(0.9858))
INFO:997:test:(11969.541015625, tensor(3.4213))
INFO:998:train:(3220.382080078125, tensor(1.0024))
INFO:998:test:(12312.7705078125, tensor(3.4806))
INFO:999:train:(3225.10498046875, tensor(0.9956))
INFO:999:test:(13037.8095703125, tensor(3.6639))
