INFO:0:train:(722039599.1478128, inf)
INFO:0:test:(32.6795653384457, 381972.8841049865)
INFO:1:train:(14.32492884630934, 178974.1892598992)
INFO:1:test:(1.1010501915863942, 13933.07222961889)
INFO:2:train:(0.4031829019959101, 5320.2112013377255)
INFO:2:test:(0.020167753425494515, 262.7619505011849)
INFO:3:train:(0.009289670371942725, 130.55513355106302)
INFO:3:test:(0.0007278969517700457, 6.645155164058025)
INFO:4:train:(0.0005605218908052473, 6.8336949193833405)
INFO:4:test:(0.00011261193915973264, 0.7042413673592758)
INFO:5:train:(0.00012486963104041656, 1.1783692037377589)
INFO:5:test:(6.219369511450832e-05, 0.37704333501450465)
INFO:6:train:(4.16400491096128e-05, 0.2529137130868252)
INFO:6:test:(2.659843696627879e-05, 0.1591947449447689)
INFO:7:train:(1.330774622634436e-05, 0.08519052910147037)
INFO:7:test:(3.959654296968776e-06, 0.03580485680993444)
INFO:8:train:(16630940.656814529, 106902806215.99821)
INFO:8:test:(184.04012989147, 1114860.6339993016)
INFO:9:train:(182.99691170767727, 1109349.7470149032)
INFO:9:test:(180.3695417538759, 1092838.4347357263)
INFO:10:train:(81.97361526623573, 497514.18210075394)
INFO:10:test:(0.26221981550250295, 2096.8282633764193)
INFO:11:train:(0.17429068222224298, 1352.145519323806)
INFO:11:test:(0.016481649053187993, 141.1838629222898)
INFO:12:train:(0.02175416816781271, 149.88050844817633)
INFO:12:test:(0.0017881077379664758, 13.659471730070925)
INFO:13:train:(0.0008219328295762173, 6.554701264449534)
INFO:13:test:(0.00026304109885540665, 1.8466724684364917)
INFO:14:train:(0.00017065760196750539, 1.1187326432472644)
INFO:14:test:(0.00013724629307976973, 0.8842294786490302)
INFO:15:train:(0.0037332099397207837, 22.794371908525207)
INFO:15:test:(0.00015710480225893548, 0.924466236857314)
INFO:16:train:(0.00012179357696071281, 0.7042810905899985)
INFO:16:test:(7.211528030225964e-05, 0.43298872008520484)
INFO:17:train:(2.0305101424561173e-05, 0.11947536506608385)
INFO:17:test:(3.7873857506520258e-06, 0.030415633387033358)
INFO:18:train:(3.63115209374211e-06, 0.02693589409818337)
INFO:18:test:(2.7984326716423133e-06, 0.0248630110385376)
INFO:19:train:(2.9493473391482555e-06, 0.022609833082160406)
INFO:19:test:(2.32128253907258e-06, 0.02312323152454752)
INFO:20:train:(2.5849090205192627e-06, 0.020421592188476435)
INFO:20:test:(2.1859868757947162e-06, 0.022042361874501242)
INFO:21:train:(3.8962984370786915e-06, 0.02699502980385179)
INFO:21:test:(2.3259857429307118e-06, 0.022490407536654138)
INFO:22:train:(2.6099132592674415e-06, 0.02055133895914666)
INFO:22:test:(2.184895920526126e-06, 0.02151204987284683)
INFO:23:train:(2.551911939653182e-06, 0.020246916750580317)
INFO:23:test:(2.1406498403692626e-06, 0.021563093265120424)
INFO:24:train:(2.504835550680556e-06, 0.019971602472453224)
INFO:24:test:(2.1107938814591566e-06, 0.021517712539871513)
INFO:25:train:(2.3976194141011985e-06, 0.01902362056357014)
INFO:25:test:(2.0922801603476417e-06, 0.0212735038380163)
INFO:26:train:(2.337075696533092e-06, 0.018461742491400226)
INFO:26:test:(2.103198082963596e-06, 0.021427120180090596)
INFO:27:train:(2.3222207389224558e-06, 0.01834900404926678)
INFO:27:test:(2.100923574776049e-06, 0.02138660815375161)
INFO:28:train:(2.338669884057276e-06, 0.018491055783062774)
INFO:28:test:(2.0903724828153872e-06, 0.021154470791915077)
INFO:29:train:(2.361740669880026e-06, 0.01867738801573597)
INFO:29:test:(2.056717569467344e-06, 0.020762825844665773)
INFO:30:train:(2.322839292451026e-06, 0.01835754383708716)
INFO:30:test:(2.0546129257209067e-06, 0.020705301603972746)
INFO:31:train:(2.3081905699591113e-06, 0.01824966686028904)
INFO:31:test:(2.0548459963689457e-06, 0.020751465071504663)
INFO:32:train:(2.2952119473682165e-06, 0.0181561661431903)
INFO:32:test:(2.0647489482845154e-06, 0.020884955446844912)
INFO:33:train:(2.284047097593481e-06, 0.018076664737842297)
INFO:33:test:(2.084146775743855e-06, 0.020983644646131304)
INFO:34:train:(2.2749880333415507e-06, 0.018012404467007474)
INFO:34:test:(2.0735998912597766e-06, 0.020835597163542472)
INFO:35:train:(2.2683961532094607e-06, 0.017967347912806467)
INFO:35:test:(2.0787845971404277e-06, 0.020958195240496524)
INFO:36:train:(2.4257890663520935e-06, 0.0190777901418844)
INFO:36:test:(2.203863121454223e-06, 0.022513325425524342)
INFO:37:train:(2.5346976732820408e-06, 0.020136444074513104)
INFO:37:test:(2.1021053544085184e-06, 0.021384133920837187)
INFO:38:train:(2.473299168021648e-06, 0.01970300747526507)
INFO:38:test:(2.0732830310866532e-06, 0.021003654583359312)
INFO:39:train:(2.3640529564669197e-06, 0.01869204832026984)
INFO:39:test:(2.0730125355348638e-06, 0.02065351149363362)
INFO:40:train:(2.3380341897614997e-06, 0.018476282467604258)
INFO:40:test:(2.0812005408395197e-06, 0.02112484598196892)
INFO:41:train:(2.3176343608277386e-06, 0.018319195483922083)
INFO:41:test:(2.0919020183712517e-06, 0.021412534123574377)
INFO:42:train:(2.3039938820945504e-06, 0.018217457160297684)
INFO:42:test:(2.1051224858237494e-06, 0.02145112829000997)
INFO:43:train:(2.2927756460806907e-06, 0.018134641999622766)
INFO:43:test:(2.105061568484795e-06, 0.021113664215282)
INFO:44:train:(2.2833533045659866e-06, 0.018064814746123557)
INFO:44:test:(2.10236786749647e-06, 0.02133082501059512)
INFO:45:train:(2.27569637127352e-06, 0.01801305527824444)
INFO:45:test:(2.1236293890989483e-06, 0.02150631964304563)
INFO:46:train:(2.269630602604231e-06, 0.017970157305506346)
INFO:46:test:(2.129723519115447e-06, 0.021723636329459246)
INFO:47:train:(2.264596645468747e-06, 0.017936245988694272)
INFO:47:test:(2.1177720752967e-06, 0.02127246804640697)
INFO:48:train:(2.2602189106711272e-06, 0.01790565605309042)
INFO:48:test:(2.1373726238153467e-06, 0.021524607360864395)
